[ 2017-05-16T10:54:47+08:00 ] 192.168.1.107 /childGrow/Mobile/login
INFO: [ app_init ] --START--
INFO: Run Behavior\BuildLiteBehavior [ RunTime:0.000036s ]
INFO: [ app_init ] --END-- [ RunTime:0.002026s ]
INFO: [ app_begin ] --START--
INFO: Run Behavior\ReadHtmlCacheBehavior [ RunTime:0.012226s ]
INFO: [ app_begin ] --END-- [ RunTime:0.012403s ]
SQL: SHOW COLUMNS FROM `ch_user` [ RunTime:0.0109s ]
SQL: SELECT * FROM `ch_user` WHERE `userAccount` = '55555' AND `userPassword` = '2952e1846b4ea765dfd0fdfcb7e21097' LIMIT 1   [ RunTime:0.0006s ]
SQL: SHOW COLUMNS FROM `ch_child_base_info` [ RunTime:0.0247s ]
SQL: SELECT `childID`,`childIcon`,`childName`,`childBirthdate`,`childSex`,`birthCity`,`fatherHeight`,`motherHeight`,`fullMonth`,`bearingAge` FROM `ch_child_base_info` WHERE ( userAccount='55555' )  [ RunTime:0.0010s ]
SQL: SHOW COLUMNS FROM `ch_measure_data` [ RunTime:0.0109s ]
SQL: SELECT `importTime`,`childID`,`childHeight`,`childWeight`,`childHeadc`,`childBMI` FROM `ch_measure_data` WHERE ( userAccount='55555' )  [ RunTime:0.0009s ]

[ 2017-05-16T11:01:00+08:00 ] 192.168.1.107 /childGrow/Mobile/login
INFO: [ app_init ] --START--
INFO: Run Behavior\BuildLiteBehavior [ RunTime:0.000033s ]
INFO: [ app_init ] --END-- [ RunTime:0.001512s ]
INFO: [ app_begin ] --START--
INFO: Run Behavior\ReadHtmlCacheBehavior [ RunTime:0.001827s ]
INFO: [ app_begin ] --END-- [ RunTime:0.001979s ]
SQL: SHOW COLUMNS FROM `ch_user` [ RunTime:0.0124s ]
SQL: SELECT * FROM `ch_user` WHERE `userAccount` = '55555' AND `userPassword` = '2952e1846b4ea765dfd0fdfcb7e21097' LIMIT 1   [ RunTime:0.0006s ]
SQL: SHOW COLUMNS FROM `ch_child_base_info` [ RunTime:0.0060s ]
SQL: SELECT `childID`,`childIcon`,`childName`,`childBirthdate`,`childSex`,`birthCity`,`fatherHeight`,`motherHeight`,`fullMonth`,`bearingAge` FROM `ch_child_base_info` WHERE ( userAccount='55555' )  [ RunTime:0.0005s ]
SQL: SHOW COLUMNS FROM `ch_measure_data` [ RunTime:0.0049s ]
SQL: SELECT `importTime`,`childID`,`childHeight`,`childWeight`,`childHeadc`,`childBMI` FROM `ch_measure_data` WHERE ( userAccount='55555' )  [ RunTime:0.0004s ]

[ 2017-05-16T11:03:20+08:00 ] 192.168.1.107 /childGrow/Mobile/addChildID
INFO: [ app_init ] --START--
INFO: Run Behavior\BuildLiteBehavior [ RunTime:0.000013s ]
INFO: [ app_init ] --END-- [ RunTime:0.000468s ]
INFO: [ app_begin ] --START--
INFO: Run Behavior\ReadHtmlCacheBehavior [ RunTime:0.000567s ]
INFO: [ app_begin ] --END-- [ RunTime:0.000608s ]
SQL: SHOW COLUMNS FROM `ch_child_base_info` [ RunTime:0.0154s ]
SQL: SHOW COLUMNS FROM `ch_measure_data` [ RunTime:0.0153s ]
SQL: SELECT * FROM `ch_child_base_info` WHERE ( childID='252525' ) LIMIT 1   [ RunTime:0.0010s ]
SQL: INSERT INTO `ch_child_base_info` (`userAccount`,`childID`,`childName`,`childBirthdate`,`childSex`,`birthCity`,`bearingAge`,`fullMonth`,`fatherHeight`,`motherHeight`) VALUES ('55555','252525','跳跳糖','2010-05-16','女','西藏-日喀则地区-日喀则','','36','180','170') [ RunTime:0.0530s ]
SQL: INSERT INTO `ch_measure_data` (`childID`,`userAccount`,`childHeight`,`childWeight`,`childHeadc`,`childBMI`,`childBirthdate`,`importTime`,`childAge`) VALUES ('252525','55555','74','4.2','40','7.6698319941563','2010-05-16','2010-05-16','1') [ RunTime:0.0333s ]

[ 2017-05-16T11:11:34+08:00 ] 192.168.1.107 /childGrow/Mobile/addChildID
INFO: [ app_init ] --START--
INFO: Run Behavior\BuildLiteBehavior [ RunTime:0.000034s ]
INFO: [ app_init ] --END-- [ RunTime:0.001317s ]
INFO: [ app_begin ] --START--
INFO: Run Behavior\ReadHtmlCacheBehavior [ RunTime:0.001935s ]
INFO: [ app_begin ] --END-- [ RunTime:0.002123s ]
SQL: SHOW COLUMNS FROM `ch_child_base_info` [ RunTime:0.0103s ]
SQL: SHOW COLUMNS FROM `ch_measure_data` [ RunTime:0.0055s ]
NOTIC: [8] Undefined index: currentLogin E:\xampp\htdocs\childGrow\Application\project\Controller\MobileController.class.php 第 271 行.

[ 2017-05-16T14:25:56+08:00 ] 192.168.1.107 /childGrow/Mobile/addChildID
INFO: [ app_init ] --START--
INFO: Run Behavior\BuildLiteBehavior [ RunTime:0.000033s ]
INFO: [ app_init ] --END-- [ RunTime:0.001178s ]
INFO: [ app_begin ] --START--
INFO: Run Behavior\ReadHtmlCacheBehavior [ RunTime:0.001312s ]
INFO: [ app_begin ] --END-- [ RunTime:0.001418s ]
SQL: SHOW COLUMNS FROM `ch_child_base_info` [ RunTime:0.0168s ]
SQL: SHOW COLUMNS FROM `ch_measure_data` [ RunTime:0.0124s ]
NOTIC: [8] Undefined index: currentLogin E:\xampp\htdocs\childGrow\Application\project\Controller\MobileController.class.php 第 271 行.

[ 2017-05-16T14:51:19+08:00 ] 192.168.1.107 /childGrow/Mobile/login
INFO: [ app_init ] --START--
INFO: Run Behavior\BuildLiteBehavior [ RunTime:0.000036s ]
INFO: [ app_init ] --END-- [ RunTime:0.001505s ]
INFO: [ app_begin ] --START--
INFO: Run Behavior\ReadHtmlCacheBehavior [ RunTime:0.001838s ]
INFO: [ app_begin ] --END-- [ RunTime:0.001996s ]
SQL: SHOW COLUMNS FROM `ch_user` [ RunTime:0.0282s ]
SQL: SELECT * FROM `ch_user` WHERE `userAccount` = '55555' AND `userPassword` = '2952e1846b4ea765dfd0fdfcb7e21097' LIMIT 1   [ RunTime:0.0006s ]
SQL: SHOW COLUMNS FROM `ch_child_base_info` [ RunTime:0.0264s ]
SQL: SELECT `childID`,`childIcon`,`childName`,`childBirthdate`,`childSex`,`birthCity`,`fatherHeight`,`motherHeight`,`fullMonth`,`bearingAge` FROM `ch_child_base_info` WHERE ( userAccount='55555' )  [ RunTime:0.0005s ]
SQL: SHOW COLUMNS FROM `ch_measure_data` [ RunTime:0.0046s ]
SQL: SELECT `importTime`,`childID`,`childHeight`,`childWeight`,`childHeadc`,`childBMI` FROM `ch_measure_data` WHERE ( userAccount='55555' )  [ RunTime:0.0003s ]

[ 2017-05-16T14:53:17+08:00 ] 192.168.1.107 /childGrow/Mobile/addChildID
INFO: [ app_init ] --START--
INFO: Run Behavior\BuildLiteBehavior [ RunTime:0.000018s ]
INFO: [ app_init ] --END-- [ RunTime:0.000797s ]
INFO: [ app_begin ] --START--
INFO: Run Behavior\ReadHtmlCacheBehavior [ RunTime:0.000841s ]
INFO: [ app_begin ] --END-- [ RunTime:0.000927s ]
SQL: SHOW COLUMNS FROM `ch_child_base_info` [ RunTime:0.0127s ]
SQL: SHOW COLUMNS FROM `ch_measure_data` [ RunTime:0.0111s ]
SQL: SELECT * FROM `ch_child_base_info` WHERE ( childID='545454' ) LIMIT 1   [ RunTime:0.0010s ]
ERR: 1406:Data too long for column 'birthCity' at row 1
 [ SQL语句 ] : INSERT INTO `ch_child_base_info` (`userAccount`,`childID`,`childName`,`childBirthdate`,`childSex`,`birthCity`,`bearingAge`,`fullMonth`,`fatherHeight`,`motherHeight`) VALUES ('55555','545454','这么样','2005-05-16','男','云南省-楚雄彝族自治州-楚雄','','34','180','170')
ERR: 1406:Data too long for column 'birthCity' at row 1
 [ SQL语句 ] : INSERT INTO `ch_child_base_info` (`userAccount`,`childID`,`childName`,`childBirthdate`,`childSex`,`birthCity`,`bearingAge`,`fullMonth`,`fatherHeight`,`motherHeight`) VALUES ('55555','545454','这么样','2005-05-16','男','云南省-楚雄彝族自治州-楚雄','','34','180','170')

[ 2017-05-16T14:53:57+08:00 ] 192.168.1.107 /childGrow/Mobile/addChildID
INFO: [ app_init ] --START--
INFO: Run Behavior\BuildLiteBehavior [ RunTime:0.000016s ]
INFO: [ app_init ] --END-- [ RunTime:0.000697s ]
INFO: [ app_begin ] --START--
INFO: Run Behavior\ReadHtmlCacheBehavior [ RunTime:0.000881s ]
INFO: [ app_begin ] --END-- [ RunTime:0.000948s ]
SQL: SHOW COLUMNS FROM `ch_child_base_info` [ RunTime:0.0113s ]
SQL: SHOW COLUMNS FROM `ch_measure_data` [ RunTime:0.0105s ]
SQL: SELECT * FROM `ch_child_base_info` WHERE ( childID='545454' ) LIMIT 1   [ RunTime:0.0006s ]
ERR: 1406:Data too long for column 'birthCity' at row 1
 [ SQL语句 ] : INSERT INTO `ch_child_base_info` (`userAccount`,`childID`,`childName`,`childBirthdate`,`childSex`,`birthCity`,`bearingAge`,`fullMonth`,`fatherHeight`,`motherHeight`) VALUES ('55555','545454','这么样','2005-05-16','男','云南省-楚雄彝族自治州-楚雄','','34','180','170')
ERR: 1406:Data too long for column 'birthCity' at row 1
 [ SQL语句 ] : INSERT INTO `ch_child_base_info` (`userAccount`,`childID`,`childName`,`childBirthdate`,`childSex`,`birthCity`,`bearingAge`,`fullMonth`,`fatherHeight`,`motherHeight`) VALUES ('55555','545454','这么样','2005-05-16','男','云南省-楚雄彝族自治州-楚雄','','34','180','170')

[ 2017-05-16T14:55:20+08:00 ] 192.168.1.107 /childGrow/Mobile/addChildID
INFO: [ app_init ] --START--
INFO: Run Behavior\BuildLiteBehavior [ RunTime:0.000024s ]
INFO: [ app_init ] --END-- [ RunTime:0.000928s ]
INFO: [ app_begin ] --START--
INFO: Run Behavior\ReadHtmlCacheBehavior [ RunTime:0.001276s ]
INFO: [ app_begin ] --END-- [ RunTime:0.001395s ]
SQL: SHOW COLUMNS FROM `ch_child_base_info` [ RunTime:0.0117s ]
SQL: SHOW COLUMNS FROM `ch_measure_data` [ RunTime:0.0103s ]
SQL: SELECT * FROM `ch_child_base_info` WHERE ( childID='545454' ) LIMIT 1   [ RunTime:0.0009s ]
ERR: 1406:Data too long for column 'birthCity' at row 1
 [ SQL语句 ] : INSERT INTO `ch_child_base_info` (`userAccount`,`childID`,`childName`,`childBirthdate`,`childSex`,`birthCity`,`bearingAge`,`fullMonth`,`fatherHeight`,`motherHeight`) VALUES ('55555','545454','这么样','2005-05-16','男','云南省-楚雄彝族自治州-楚雄','','34','180','170')
ERR: 1406:Data too long for column 'birthCity' at row 1
 [ SQL语句 ] : INSERT INTO `ch_child_base_info` (`userAccount`,`childID`,`childName`,`childBirthdate`,`childSex`,`birthCity`,`bearingAge`,`fullMonth`,`fatherHeight`,`motherHeight`) VALUES ('55555','545454','这么样','2005-05-16','男','云南省-楚雄彝族自治州-楚雄','','34','180','170')

[ 2017-05-16T15:01:07+08:00 ] 192.168.1.155 /childGrow/Mobile/login
INFO: [ app_init ] --START--
INFO: Run Behavior\BuildLiteBehavior [ RunTime:0.000014s ]
INFO: [ app_init ] --END-- [ RunTime:0.000980s ]
INFO: [ app_begin ] --START--
INFO: Run Behavior\ReadHtmlCacheBehavior [ RunTime:0.000670s ]
INFO: [ app_begin ] --END-- [ RunTime:0.000724s ]
SQL: SHOW COLUMNS FROM `ch_user` [ RunTime:0.0106s ]
SQL: SELECT * FROM `ch_user` WHERE `userAccount` = '55555' AND `userPassword` = '2952e1846b4ea765dfd0fdfcb7e21097' LIMIT 1   [ RunTime:0.0010s ]
SQL: SHOW COLUMNS FROM `ch_child_base_info` [ RunTime:0.0117s ]
SQL: SELECT `childID`,`childIcon`,`childName`,`childBirthdate`,`childSex`,`birthCity`,`fatherHeight`,`motherHeight`,`fullMonth`,`bearingAge` FROM `ch_child_base_info` WHERE ( userAccount='55555' )  [ RunTime:0.0011s ]
SQL: SHOW COLUMNS FROM `ch_measure_data` [ RunTime:0.0099s ]
SQL: SELECT `importTime`,`childID`,`childHeight`,`childWeight`,`childHeadc`,`childBMI` FROM `ch_measure_data` WHERE ( userAccount='55555' )  [ RunTime:0.0006s ]

[ 2017-05-16T15:07:10+08:00 ] 192.168.1.155 /childGrow/Mobile/login
INFO: [ app_init ] --START--
INFO: Run Behavior\BuildLiteBehavior [ RunTime:0.000029s ]
INFO: [ app_init ] --END-- [ RunTime:0.001778s ]
INFO: [ app_begin ] --START--
INFO: Run Behavior\ReadHtmlCacheBehavior [ RunTime:0.001323s ]
INFO: [ app_begin ] --END-- [ RunTime:0.001441s ]
SQL: SHOW COLUMNS FROM `ch_user` [ RunTime:0.0096s ]
SQL: SELECT * FROM `ch_user` WHERE `userAccount` = '55555' AND `userPassword` = '2952e1846b4ea765dfd0fdfcb7e21097' LIMIT 1   [ RunTime:0.0008s ]
SQL: SHOW COLUMNS FROM `ch_child_base_info` [ RunTime:0.0103s ]
SQL: SELECT `childID`,`childIcon`,`childName`,`childBirthdate`,`childSex`,`birthCity`,`fatherHeight`,`motherHeight`,`fullMonth`,`bearingAge` FROM `ch_child_base_info` WHERE ( userAccount='55555' )  [ RunTime:0.0011s ]
SQL: SHOW COLUMNS FROM `ch_measure_data` [ RunTime:0.0097s ]
SQL: SELECT `importTime`,`childID`,`childHeight`,`childWeight`,`childHeadc`,`childBMI` FROM `ch_measure_data` WHERE ( userAccount='55555' )  [ RunTime:0.0004s ]

[ 2017-05-16T15:21:27+08:00 ] 192.168.1.155 /childGrow/Mobile/login
INFO: [ app_init ] --START--
INFO: Run Behavior\BuildLiteBehavior [ RunTime:0.000018s ]
INFO: [ app_init ] --END-- [ RunTime:0.000703s ]
INFO: [ app_begin ] --START--
INFO: Run Behavior\ReadHtmlCacheBehavior [ RunTime:0.000887s ]
INFO: [ app_begin ] --END-- [ RunTime:0.000959s ]
SQL: SHOW COLUMNS FROM `ch_user` [ RunTime:0.0047s ]
SQL: SELECT * FROM `ch_user` WHERE `userAccount` = '55555' AND `userPassword` = '2952e1846b4ea765dfd0fdfcb7e21097' LIMIT 1   [ RunTime:0.0004s ]
SQL: SHOW COLUMNS FROM `ch_child_base_info` [ RunTime:0.0068s ]
SQL: SELECT `childID`,`childIcon`,`childName`,`childBirthdate`,`childSex`,`birthCity`,`fatherHeight`,`motherHeight`,`fullMonth`,`bearingAge` FROM `ch_child_base_info` WHERE ( userAccount='55555' )  [ RunTime:0.0009s ]
SQL: SHOW COLUMNS FROM `ch_measure_data` [ RunTime:0.0075s ]
SQL: SELECT `importTime`,`childID`,`childHeight`,`childWeight`,`childHeadc`,`childBMI` FROM `ch_measure_data` WHERE ( userAccount='55555' )  [ RunTime:0.0014s ]

[ 2017-05-16T15:21:52+08:00 ] 192.168.1.155 /childGrow/Mobile/login
INFO: [ app_init ] --START--
INFO: Run Behavior\BuildLiteBehavior [ RunTime:0.000019s ]
INFO: [ app_init ] --END-- [ RunTime:0.000728s ]
INFO: [ app_begin ] --START--
INFO: Run Behavior\ReadHtmlCacheBehavior [ RunTime:0.000827s ]
INFO: [ app_begin ] --END-- [ RunTime:0.000908s ]
SQL: SHOW COLUMNS FROM `ch_user` [ RunTime:0.0118s ]
SQL: SELECT * FROM `ch_user` WHERE `userAccount` = '55555' AND `userPassword` = '2952e1846b4ea765dfd0fdfcb7e21097' LIMIT 1   [ RunTime:0.0009s ]
SQL: SHOW COLUMNS FROM `ch_child_base_info` [ RunTime:0.0109s ]
SQL: SELECT `childID`,`childIcon`,`childName`,`childBirthdate`,`childSex`,`birthCity`,`fatherHeight`,`motherHeight`,`fullMonth`,`bearingAge` FROM `ch_child_base_info` WHERE ( userAccount='55555' )  [ RunTime:0.0009s ]
SQL: SHOW COLUMNS FROM `ch_measure_data` [ RunTime:0.0069s ]
SQL: SELECT `importTime`,`childID`,`childHeight`,`childWeight`,`childHeadc`,`childBMI` FROM `ch_measure_data` WHERE ( userAccount='55555' )  [ RunTime:0.0008s ]

[ 2017-05-16T15:22:22+08:00 ] 192.168.1.155 /childGrow/Mobile/login
INFO: [ app_init ] --START--
INFO: Run Behavior\BuildLiteBehavior [ RunTime:0.000019s ]
INFO: [ app_init ] --END-- [ RunTime:0.000716s ]
INFO: [ app_begin ] --START--
INFO: Run Behavior\ReadHtmlCacheBehavior [ RunTime:0.000828s ]
INFO: [ app_begin ] --END-- [ RunTime:0.000907s ]
SQL: SHOW COLUMNS FROM `ch_user` [ RunTime:0.0129s ]
SQL: SELECT * FROM `ch_user` WHERE `userAccount` = '55555' AND `userPassword` = '2952e1846b4ea765dfd0fdfcb7e21097' LIMIT 1   [ RunTime:0.0011s ]
SQL: SHOW COLUMNS FROM `ch_child_base_info` [ RunTime:0.0129s ]
SQL: SELECT `childID`,`childIcon`,`childName`,`childBirthdate`,`childSex`,`birthCity`,`fatherHeight`,`motherHeight`,`fullMonth`,`bearingAge` FROM `ch_child_base_info` WHERE ( userAccount='55555' )  [ RunTime:0.0007s ]
SQL: SHOW COLUMNS FROM `ch_measure_data` [ RunTime:0.0067s ]
SQL: SELECT `importTime`,`childID`,`childHeight`,`childWeight`,`childHeadc`,`childBMI` FROM `ch_measure_data` WHERE ( userAccount='55555' )  [ RunTime:0.0005s ]

[ 2017-05-16T15:55:02+08:00 ] 192.168.1.107 /childGrow/Mobile/login
INFO: [ app_init ] --START--
INFO: Run Behavior\BuildLiteBehavior [ RunTime:0.000019s ]
INFO: [ app_init ] --END-- [ RunTime:0.000614s ]
INFO: [ app_begin ] --START--
INFO: Run Behavior\ReadHtmlCacheBehavior [ RunTime:0.000686s ]
INFO: [ app_begin ] --END-- [ RunTime:0.000743s ]
SQL: SHOW COLUMNS FROM `ch_user` [ RunTime:0.0110s ]
SQL: SELECT * FROM `ch_user` WHERE `userAccount` = '55555' AND `userPassword` = '2952e1846b4ea765dfd0fdfcb7e21097' LIMIT 1   [ RunTime:0.0008s ]
SQL: SHOW COLUMNS FROM `ch_child_base_info` [ RunTime:0.0127s ]
SQL: SELECT `childID`,`childIcon`,`childName`,`childBirthdate`,`childSex`,`birthCity`,`fatherHeight`,`motherHeight`,`fullMonth`,`bearingAge` FROM `ch_child_base_info` WHERE ( userAccount='55555' )  [ RunTime:0.0008s ]
SQL: SHOW COLUMNS FROM `ch_measure_data` [ RunTime:0.0090s ]
SQL: SELECT `importTime`,`childID`,`childHeight`,`childWeight`,`childHeadc`,`childBMI` FROM `ch_measure_data` WHERE ( userAccount='55555' )  [ RunTime:0.0006s ]

[ 2017-05-16T15:55:30+08:00 ] 192.168.1.107 /childGrow/Mobile/login
INFO: [ app_init ] --START--
INFO: Run Behavior\BuildLiteBehavior [ RunTime:0.000015s ]
INFO: [ app_init ] --END-- [ RunTime:0.000594s ]
INFO: [ app_begin ] --START--
INFO: Run Behavior\ReadHtmlCacheBehavior [ RunTime:0.000558s ]
INFO: [ app_begin ] --END-- [ RunTime:0.000626s ]
SQL: SHOW COLUMNS FROM `ch_user` [ RunTime:0.0166s ]
SQL: SELECT * FROM `ch_user` WHERE `userAccount` = '55555' AND `userPassword` = '2952e1846b4ea765dfd0fdfcb7e21097' LIMIT 1   [ RunTime:0.0014s ]
SQL: SHOW COLUMNS FROM `ch_child_base_info` [ RunTime:0.0109s ]
SQL: SELECT `childID`,`childIcon`,`childName`,`childBirthdate`,`childSex`,`birthCity`,`fatherHeight`,`motherHeight`,`fullMonth`,`bearingAge` FROM `ch_child_base_info` WHERE ( userAccount='55555' )  [ RunTime:0.0007s ]
SQL: SHOW COLUMNS FROM `ch_measure_data` [ RunTime:0.0093s ]
SQL: SELECT `importTime`,`childID`,`childHeight`,`childWeight`,`childHeadc`,`childBMI` FROM `ch_measure_data` WHERE ( userAccount='55555' )  [ RunTime:0.0005s ]

[ 2017-05-16T15:56:03+08:00 ] 192.168.1.107 /childGrow/Mobile/login
INFO: [ app_init ] --START--
INFO: Run Behavior\BuildLiteBehavior [ RunTime:0.000043s ]
INFO: [ app_init ] --END-- [ RunTime:0.001417s ]
INFO: [ app_begin ] --START--
INFO: Run Behavior\ReadHtmlCacheBehavior [ RunTime:0.001868s ]
INFO: [ app_begin ] --END-- [ RunTime:0.002121s ]
SQL: SHOW COLUMNS FROM `ch_user` [ RunTime:0.0191s ]
SQL: SELECT * FROM `ch_user` WHERE `userAccount` = '55555' AND `userPassword` = '2952e1846b4ea765dfd0fdfcb7e21097' LIMIT 1   [ RunTime:0.0011s ]
SQL: SHOW COLUMNS FROM `ch_child_base_info` [ RunTime:0.0099s ]
SQL: SELECT `childID`,`childIcon`,`childName`,`childBirthdate`,`childSex`,`birthCity`,`fatherHeight`,`motherHeight`,`fullMonth`,`bearingAge` FROM `ch_child_base_info` WHERE ( userAccount='55555' )  [ RunTime:0.0006s ]
SQL: SHOW COLUMNS FROM `ch_measure_data` [ RunTime:0.0077s ]
SQL: SELECT `importTime`,`childID`,`childHeight`,`childWeight`,`childHeadc`,`childBMI` FROM `ch_measure_data` WHERE ( userAccount='55555' )  [ RunTime:0.0005s ]

[ 2017-05-16T15:56:24+08:00 ] 192.168.1.107 /childGrow/Mobile/login
INFO: [ app_init ] --START--
INFO: Run Behavior\BuildLiteBehavior [ RunTime:0.000015s ]
INFO: [ app_init ] --END-- [ RunTime:0.000644s ]
INFO: [ app_begin ] --START--
INFO: Run Behavior\ReadHtmlCacheBehavior [ RunTime:0.000747s ]
INFO: [ app_begin ] --END-- [ RunTime:0.000817s ]
SQL: SHOW COLUMNS FROM `ch_user` [ RunTime:0.0160s ]
SQL: SELECT * FROM `ch_user` WHERE `userAccount` = '55555' AND `userPassword` = '2952e1846b4ea765dfd0fdfcb7e21097' LIMIT 1   [ RunTime:0.0010s ]
SQL: SHOW COLUMNS FROM `ch_child_base_info` [ RunTime:0.0136s ]
SQL: SELECT `childID`,`childIcon`,`childName`,`childBirthdate`,`childSex`,`birthCity`,`fatherHeight`,`motherHeight`,`fullMonth`,`bearingAge` FROM `ch_child_base_info` WHERE ( userAccount='55555' )  [ RunTime:0.0006s ]
SQL: SHOW COLUMNS FROM `ch_measure_data` [ RunTime:0.0087s ]
SQL: SELECT `importTime`,`childID`,`childHeight`,`childWeight`,`childHeadc`,`childBMI` FROM `ch_measure_data` WHERE ( userAccount='55555' )  [ RunTime:0.0005s ]

[ 2017-05-16T15:56:39+08:00 ] 192.168.1.107 /childGrow/Mobile/login
INFO: [ app_init ] --START--
INFO: Run Behavior\BuildLiteBehavior [ RunTime:0.000036s ]
INFO: [ app_init ] --END-- [ RunTime:0.001336s ]
INFO: [ app_begin ] --START--
INFO: Run Behavior\ReadHtmlCacheBehavior [ RunTime:0.001452s ]
INFO: [ app_begin ] --END-- [ RunTime:0.001713s ]
SQL: SHOW COLUMNS FROM `ch_user` [ RunTime:0.0080s ]
SQL: SELECT * FROM `ch_user` WHERE `userAccount` = '55555' AND `userPassword` = '2952e1846b4ea765dfd0fdfcb7e21097' LIMIT 1   [ RunTime:0.0006s ]
SQL: SHOW COLUMNS FROM `ch_child_base_info` [ RunTime:0.0061s ]
SQL: SELECT `childID`,`childIcon`,`childName`,`childBirthdate`,`childSex`,`birthCity`,`fatherHeight`,`motherHeight`,`fullMonth`,`bearingAge` FROM `ch_child_base_info` WHERE ( userAccount='55555' )  [ RunTime:0.0006s ]
SQL: SHOW COLUMNS FROM `ch_measure_data` [ RunTime:0.0059s ]
SQL: SELECT `importTime`,`childID`,`childHeight`,`childWeight`,`childHeadc`,`childBMI` FROM `ch_measure_data` WHERE ( userAccount='55555' )  [ RunTime:0.0004s ]

[ 2017-05-16T15:56:59+08:00 ] 192.168.1.107 /childGrow/Mobile/login
INFO: [ app_init ] --START--
INFO: Run Behavior\BuildLiteBehavior [ RunTime:0.000036s ]
INFO: [ app_init ] --END-- [ RunTime:0.001348s ]
INFO: [ app_begin ] --START--
INFO: Run Behavior\ReadHtmlCacheBehavior [ RunTime:0.001577s ]
INFO: [ app_begin ] --END-- [ RunTime:0.001733s ]
SQL: SHOW COLUMNS FROM `ch_user` [ RunTime:0.0161s ]
SQL: SELECT * FROM `ch_user` WHERE `userAccount` = '55555' AND `userPassword` = '2952e1846b4ea765dfd0fdfcb7e21097' LIMIT 1   [ RunTime:0.0013s ]
SQL: SHOW COLUMNS FROM `ch_child_base_info` [ RunTime:0.0174s ]
SQL: SELECT `childID`,`childIcon`,`childName`,`childBirthdate`,`childSex`,`birthCity`,`fatherHeight`,`motherHeight`,`fullMonth`,`bearingAge` FROM `ch_child_base_info` WHERE ( userAccount='55555' )  [ RunTime:0.0005s ]
SQL: SHOW COLUMNS FROM `ch_measure_data` [ RunTime:0.0066s ]
SQL: SELECT `importTime`,`childID`,`childHeight`,`childWeight`,`childHeadc`,`childBMI` FROM `ch_measure_data` WHERE ( userAccount='55555' )  [ RunTime:0.0005s ]

[ 2017-05-16T16:01:07+08:00 ] 192.168.1.107 /childGrow/Mobile/login
INFO: [ app_init ] --START--
INFO: Run Behavior\BuildLiteBehavior [ RunTime:0.000019s ]
INFO: [ app_init ] --END-- [ RunTime:0.000814s ]
INFO: [ app_begin ] --START--
INFO: Run Behavior\ReadHtmlCacheBehavior [ RunTime:0.001008s ]
INFO: [ app_begin ] --END-- [ RunTime:0.001090s ]
SQL: SHOW COLUMNS FROM `ch_user` [ RunTime:0.0197s ]
SQL: SELECT * FROM `ch_user` WHERE `userAccount` = '55555' AND `userPassword` = '2952e1846b4ea765dfd0fdfcb7e21097' LIMIT 1   [ RunTime:0.0011s ]
SQL: SHOW COLUMNS FROM `ch_child_base_info` [ RunTime:0.0132s ]
SQL: SELECT `childID`,`childIcon`,`childName`,`childBirthdate`,`childSex`,`birthCity`,`fatherHeight`,`motherHeight`,`fullMonth`,`bearingAge` FROM `ch_child_base_info` WHERE ( userAccount='55555' )  [ RunTime:0.0006s ]
SQL: SHOW COLUMNS FROM `ch_measure_data` [ RunTime:0.0073s ]
SQL: SELECT `importTime`,`childID`,`childHeight`,`childWeight`,`childHeadc`,`childBMI` FROM `ch_measure_data` WHERE ( userAccount='55555' )  [ RunTime:0.0005s ]

[ 2017-05-16T16:02:04+08:00 ] 192.168.1.107 /childGrow/Mobile/login
INFO: [ app_init ] --START--
INFO: Run Behavior\BuildLiteBehavior [ RunTime:0.000025s ]
INFO: [ app_init ] --END-- [ RunTime:0.001053s ]
INFO: [ app_begin ] --START--
INFO: Run Behavior\ReadHtmlCacheBehavior [ RunTime:0.000971s ]
INFO: [ app_begin ] --END-- [ RunTime:0.001085s ]
SQL: SHOW COLUMNS FROM `ch_user` [ RunTime:0.0577s ]
SQL: SELECT * FROM `ch_user` WHERE `userAccount` = '55555' AND `userPassword` = '2952e1846b4ea765dfd0fdfcb7e21097' LIMIT 1   [ RunTime:0.0012s ]
SQL: SHOW COLUMNS FROM `ch_child_base_info` [ RunTime:0.0147s ]
SQL: SELECT `childID`,`childIcon`,`childName`,`childBirthdate`,`childSex`,`birthCity`,`fatherHeight`,`motherHeight`,`fullMonth`,`bearingAge` FROM `ch_child_base_info` WHERE ( userAccount='55555' )  [ RunTime:0.0010s ]
SQL: SHOW COLUMNS FROM `ch_measure_data` [ RunTime:0.0138s ]
SQL: SELECT `importTime`,`childID`,`childHeight`,`childWeight`,`childHeadc`,`childBMI` FROM `ch_measure_data` WHERE ( userAccount='55555' )  [ RunTime:0.0010s ]

[ 2017-05-16T16:02:28+08:00 ] 192.168.1.107 /childGrow/Mobile/login
INFO: [ app_init ] --START--
INFO: Run Behavior\BuildLiteBehavior [ RunTime:0.000024s ]
INFO: [ app_init ] --END-- [ RunTime:0.000951s ]
INFO: [ app_begin ] --START--
INFO: Run Behavior\ReadHtmlCacheBehavior [ RunTime:0.001094s ]
INFO: [ app_begin ] --END-- [ RunTime:0.001195s ]
SQL: SHOW COLUMNS FROM `ch_user` [ RunTime:0.0175s ]
SQL: SELECT * FROM `ch_user` WHERE `userAccount` = '55555' AND `userPassword` = '2952e1846b4ea765dfd0fdfcb7e21097' LIMIT 1   [ RunTime:0.0010s ]
SQL: SHOW COLUMNS FROM `ch_child_base_info` [ RunTime:0.0084s ]
SQL: SELECT `childID`,`childIcon`,`childName`,`childBirthdate`,`childSex`,`birthCity`,`fatherHeight`,`motherHeight`,`fullMonth`,`bearingAge` FROM `ch_child_base_info` WHERE ( userAccount='55555' )  [ RunTime:0.0006s ]
SQL: SHOW COLUMNS FROM `ch_measure_data` [ RunTime:0.0093s ]
SQL: SELECT `importTime`,`childID`,`childHeight`,`childWeight`,`childHeadc`,`childBMI` FROM `ch_measure_data` WHERE ( userAccount='55555' )  [ RunTime:0.0006s ]

[ 2017-05-16T20:14:00+08:00 ] 192.168.1.107 /childGrow/Mobile/login
INFO: [ app_init ] --START--
INFO: Run Behavior\BuildLiteBehavior [ RunTime:0.000018s ]
INFO: [ app_init ] --END-- [ RunTime:0.000957s ]
INFO: [ app_begin ] --START--
INFO: Run Behavior\ReadHtmlCacheBehavior [ RunTime:0.000925s ]
INFO: [ app_begin ] --END-- [ RunTime:0.001001s ]
SQL: SHOW COLUMNS FROM `ch_user` [ RunTime:0.0196s ]
SQL: SELECT * FROM `ch_user` WHERE `userAccount` = '55555' AND `userPassword` = '2952e1846b4ea765dfd0fdfcb7e21097' LIMIT 1   [ RunTime:0.0034s ]
SQL: SHOW COLUMNS FROM `ch_child_base_info` [ RunTime:0.0153s ]
SQL: SELECT `childID`,`childIcon`,`childName`,`childBirthdate`,`childSex`,`birthCity`,`fatherHeight`,`motherHeight`,`fullMonth`,`bearingAge` FROM `ch_child_base_info` WHERE ( userAccount='55555' )  [ RunTime:0.0008s ]
SQL: SHOW COLUMNS FROM `ch_measure_data` [ RunTime:0.0073s ]
SQL: SELECT `importTime`,`childID`,`childHeight`,`childWeight`,`childHeadc`,`childBMI` FROM `ch_measure_data` WHERE ( userAccount='55555' )  [ RunTime:0.0004s ]

[ 2017-05-16T20:22:14+08:00 ] 192.168.1.107 /childGrow/Mobile/login
INFO: [ app_init ] --START--
INFO: Run Behavior\BuildLiteBehavior [ RunTime:0.000050s ]
INFO: [ app_init ] --END-- [ RunTime:0.001608s ]
INFO: [ app_begin ] --START--
INFO: Run Behavior\ReadHtmlCacheBehavior [ RunTime:0.002080s ]
INFO: [ app_begin ] --END-- [ RunTime:0.002258s ]
SQL: SHOW COLUMNS FROM `ch_user` [ RunTime:0.0099s ]
SQL: SELECT * FROM `ch_user` WHERE `userAccount` = '55555' AND `userPassword` = '2952e1846b4ea765dfd0fdfcb7e21097' LIMIT 1   [ RunTime:0.0007s ]
SQL: SHOW COLUMNS FROM `ch_child_base_info` [ RunTime:0.0083s ]
SQL: SELECT `childID`,`childIcon`,`childName`,`childBirthdate`,`childSex`,`birthCity`,`fatherHeight`,`motherHeight`,`fullMonth`,`bearingAge` FROM `ch_child_base_info` WHERE ( userAccount='55555' )  [ RunTime:0.0007s ]
SQL: SHOW COLUMNS FROM `ch_measure_data` [ RunTime:0.0095s ]
SQL: SELECT `importTime`,`childID`,`childHeight`,`childWeight`,`childHeadc`,`childBMI` FROM `ch_measure_data` WHERE ( userAccount='55555' )  [ RunTime:0.0006s ]

[ 2017-05-16T20:25:17+08:00 ] 192.168.1.107 /childGrow/Mobile/login
INFO: [ app_init ] --START--
INFO: Run Behavior\BuildLiteBehavior [ RunTime:0.000021s ]
INFO: [ app_init ] --END-- [ RunTime:0.000820s ]
INFO: [ app_begin ] --START--
INFO: Run Behavior\ReadHtmlCacheBehavior [ RunTime:0.001142s ]
INFO: [ app_begin ] --END-- [ RunTime:0.001283s ]
SQL: SHOW COLUMNS FROM `ch_user` [ RunTime:0.0140s ]
SQL: SELECT * FROM `ch_user` WHERE `userAccount` = '55555' AND `userPassword` = '2952e1846b4ea765dfd0fdfcb7e21097' LIMIT 1   [ RunTime:0.0006s ]
SQL: SHOW COLUMNS FROM `ch_child_base_info` [ RunTime:0.0123s ]
SQL: SELECT `childID`,`childIcon`,`childName`,`childBirthdate`,`childSex`,`birthCity`,`fatherHeight`,`motherHeight`,`fullMonth`,`bearingAge` FROM `ch_child_base_info` WHERE ( userAccount='55555' )  [ RunTime:0.0009s ]
SQL: SHOW COLUMNS FROM `ch_measure_data` [ RunTime:0.0088s ]
SQL: SELECT `importTime`,`childID`,`childHeight`,`childWeight`,`childHeadc`,`childBMI` FROM `ch_measure_data` WHERE ( userAccount='55555' )  [ RunTime:0.0005s ]

[ 2017-05-16T20:26:55+08:00 ] 192.168.1.107 /childGrow/Mobile/login
INFO: [ app_init ] --START--
INFO: Run Behavior\BuildLiteBehavior [ RunTime:0.000093s ]
INFO: [ app_init ] --END-- [ RunTime:0.001763s ]
INFO: [ app_begin ] --START--
INFO: Run Behavior\ReadHtmlCacheBehavior [ RunTime:0.001827s ]
INFO: [ app_begin ] --END-- [ RunTime:0.002055s ]
SQL: SHOW COLUMNS FROM `ch_user` [ RunTime:0.0172s ]
SQL: SELECT * FROM `ch_user` WHERE `userAccount` = '55555' AND `userPassword` = '2952e1846b4ea765dfd0fdfcb7e21097' LIMIT 1   [ RunTime:0.0007s ]
SQL: SHOW COLUMNS FROM `ch_child_base_info` [ RunTime:0.0077s ]
SQL: SELECT `childID`,`childIcon`,`childName`,`childBirthdate`,`childSex`,`birthCity`,`fatherHeight`,`motherHeight`,`fullMonth`,`bearingAge` FROM `ch_child_base_info` WHERE ( userAccount='55555' )  [ RunTime:0.0005s ]
SQL: SHOW COLUMNS FROM `ch_measure_data` [ RunTime:0.0061s ]
SQL: SELECT `importTime`,`childID`,`childHeight`,`childWeight`,`childHeadc`,`childBMI` FROM `ch_measure_data` WHERE ( userAccount='55555' )  [ RunTime:0.0005s ]

[ 2017-05-16T20:28:57+08:00 ] 192.168.1.107 /childGrow/Mobile/login
INFO: [ app_init ] --START--
INFO: Run Behavior\BuildLiteBehavior [ RunTime:0.000025s ]
INFO: [ app_init ] --END-- [ RunTime:0.000925s ]
INFO: [ app_begin ] --START--
INFO: Run Behavior\ReadHtmlCacheBehavior [ RunTime:0.001254s ]
INFO: [ app_begin ] --END-- [ RunTime:0.001363s ]
SQL: SHOW COLUMNS FROM `ch_user` [ RunTime:0.0118s ]
SQL: SELECT * FROM `ch_user` WHERE `userAccount` = '55555' AND `userPassword` = '2952e1846b4ea765dfd0fdfcb7e21097' LIMIT 1   [ RunTime:0.0021s ]
SQL: SHOW COLUMNS FROM `ch_child_base_info` [ RunTime:0.0125s ]
SQL: SELECT `childID`,`childIcon`,`childName`,`childBirthdate`,`childSex`,`birthCity`,`fatherHeight`,`motherHeight`,`fullMonth`,`bearingAge` FROM `ch_child_base_info` WHERE ( userAccount='55555' )  [ RunTime:0.0010s ]
SQL: SHOW COLUMNS FROM `ch_measure_data` [ RunTime:0.0052s ]
SQL: SELECT `importTime`,`childID`,`childHeight`,`childWeight`,`childHeadc`,`childBMI` FROM `ch_measure_data` WHERE ( userAccount='55555' )  [ RunTime:0.0004s ]

[ 2017-05-16T20:31:29+08:00 ] 192.168.1.107 /childGrow/Mobile/login
INFO: [ app_init ] --START--
INFO: Run Behavior\BuildLiteBehavior [ RunTime:0.000022s ]
INFO: [ app_init ] --END-- [ RunTime:0.000906s ]
INFO: [ app_begin ] --START--
INFO: Run Behavior\ReadHtmlCacheBehavior [ RunTime:0.001136s ]
INFO: [ app_begin ] --END-- [ RunTime:0.001223s ]
SQL: SHOW COLUMNS FROM `ch_user` [ RunTime:0.0195s ]
SQL: SELECT * FROM `ch_user` WHERE `userAccount` = '55555' AND `userPassword` = '2952e1846b4ea765dfd0fdfcb7e21097' LIMIT 1   [ RunTime:0.0007s ]
SQL: SHOW COLUMNS FROM `ch_child_base_info` [ RunTime:0.0084s ]
SQL: SELECT `childID`,`childIcon`,`childName`,`childBirthdate`,`childSex`,`birthCity`,`fatherHeight`,`motherHeight`,`fullMonth`,`bearingAge` FROM `ch_child_base_info` WHERE ( userAccount='55555' )  [ RunTime:0.0006s ]
SQL: SHOW COLUMNS FROM `ch_measure_data` [ RunTime:0.0073s ]
SQL: SELECT `importTime`,`childID`,`childHeight`,`childWeight`,`childHeadc`,`childBMI` FROM `ch_measure_data` WHERE ( userAccount='55555' )  [ RunTime:0.0005s ]

[ 2017-05-16T20:32:48+08:00 ] 192.168.1.107 /childGrow/Mobile/login
INFO: [ app_init ] --START--
INFO: Run Behavior\BuildLiteBehavior [ RunTime:0.000026s ]
INFO: [ app_init ] --END-- [ RunTime:0.000804s ]
INFO: [ app_begin ] --START--
INFO: Run Behavior\ReadHtmlCacheBehavior [ RunTime:0.000963s ]
INFO: [ app_begin ] --END-- [ RunTime:0.001048s ]
SQL: SHOW COLUMNS FROM `ch_user` [ RunTime:0.0219s ]
SQL: SELECT * FROM `ch_user` WHERE `userAccount` = '55555' AND `userPassword` = '2952e1846b4ea765dfd0fdfcb7e21097' LIMIT 1   [ RunTime:0.0012s ]
SQL: SHOW COLUMNS FROM `ch_child_base_info` [ RunTime:0.0174s ]
SQL: SELECT `childID`,`childIcon`,`childName`,`childBirthdate`,`childSex`,`birthCity`,`fatherHeight`,`motherHeight`,`fullMonth`,`bearingAge` FROM `ch_child_base_info` WHERE ( userAccount='55555' )  [ RunTime:0.0005s ]
SQL: SHOW COLUMNS FROM `ch_measure_data` [ RunTime:0.0061s ]
SQL: SELECT `importTime`,`childID`,`childHeight`,`childWeight`,`childHeadc`,`childBMI` FROM `ch_measure_data` WHERE ( userAccount='55555' )  [ RunTime:0.0004s ]

[ 2017-05-16T20:39:53+08:00 ] 192.168.1.107 /childGrow/Mobile/login
INFO: [ app_init ] --START--
INFO: Run Behavior\BuildLiteBehavior [ RunTime:0.000012s ]
INFO: [ app_init ] --END-- [ RunTime:0.000438s ]
INFO: [ app_begin ] --START--
INFO: Run Behavior\ReadHtmlCacheBehavior [ RunTime:0.000573s ]
INFO: [ app_begin ] --END-- [ RunTime:0.000625s ]
SQL: SHOW COLUMNS FROM `ch_user` [ RunTime:0.0081s ]
SQL: SELECT * FROM `ch_user` WHERE `userAccount` = '55555' AND `userPassword` = '2952e1846b4ea765dfd0fdfcb7e21097' LIMIT 1   [ RunTime:0.0006s ]
SQL: SHOW COLUMNS FROM `ch_child_base_info` [ RunTime:0.0075s ]
SQL: SELECT `childID`,`childIcon`,`childName`,`childBirthdate`,`childSex`,`birthCity`,`fatherHeight`,`motherHeight`,`fullMonth`,`bearingAge` FROM `ch_child_base_info` WHERE ( userAccount='55555' )  [ RunTime:0.0006s ]
SQL: SHOW COLUMNS FROM `ch_measure_data` [ RunTime:0.0079s ]
SQL: SELECT `importTime`,`childID`,`childHeight`,`childWeight`,`childHeadc`,`childBMI` FROM `ch_measure_data` WHERE ( userAccount='55555' )  [ RunTime:0.0006s ]

[ 2017-05-16T20:40:57+08:00 ] 192.168.1.107 /childGrow/Mobile/login
INFO: [ app_init ] --START--
INFO: Run Behavior\BuildLiteBehavior [ RunTime:0.000020s ]
INFO: [ app_init ] --END-- [ RunTime:0.000710s ]
INFO: [ app_begin ] --START--
INFO: Run Behavior\ReadHtmlCacheBehavior [ RunTime:0.000912s ]
INFO: [ app_begin ] --END-- [ RunTime:0.000988s ]
SQL: SHOW COLUMNS FROM `ch_user` [ RunTime:0.0033s ]
SQL: SELECT * FROM `ch_user` WHERE `userAccount` = '55555' AND `userPassword` = '2952e1846b4ea765dfd0fdfcb7e21097' LIMIT 1   [ RunTime:0.0003s ]
SQL: SHOW COLUMNS FROM `ch_child_base_info` [ RunTime:0.0070s ]
SQL: SELECT `childID`,`childIcon`,`childName`,`childBirthdate`,`childSex`,`birthCity`,`fatherHeight`,`motherHeight`,`fullMonth`,`bearingAge` FROM `ch_child_base_info` WHERE ( userAccount='55555' )  [ RunTime:0.0005s ]
SQL: SHOW COLUMNS FROM `ch_measure_data` [ RunTime:0.0265s ]
SQL: SELECT `importTime`,`childID`,`childHeight`,`childWeight`,`childHeadc`,`childBMI` FROM `ch_measure_data` WHERE ( userAccount='55555' )  [ RunTime:0.0003s ]

[ 2017-05-16T20:41:30+08:00 ] 192.168.1.107 /childGrow/Mobile/login
INFO: [ app_init ] --START--
INFO: Run Behavior\BuildLiteBehavior [ RunTime:0.000027s ]
INFO: [ app_init ] --END-- [ RunTime:0.001081s ]
INFO: [ app_begin ] --START--
INFO: Run Behavior\ReadHtmlCacheBehavior [ RunTime:0.001383s ]
INFO: [ app_begin ] --END-- [ RunTime:0.001538s ]
SQL: SHOW COLUMNS FROM `ch_user` [ RunTime:0.0091s ]
SQL: SELECT * FROM `ch_user` WHERE `userAccount` = '55555' AND `userPassword` = '2952e1846b4ea765dfd0fdfcb7e21097' LIMIT 1   [ RunTime:0.0006s ]
SQL: SHOW COLUMNS FROM `ch_child_base_info` [ RunTime:0.0084s ]
SQL: SELECT `childID`,`childIcon`,`childName`,`childBirthdate`,`childSex`,`birthCity`,`fatherHeight`,`motherHeight`,`fullMonth`,`bearingAge` FROM `ch_child_base_info` WHERE ( userAccount='55555' )  [ RunTime:0.0007s ]
SQL: SHOW COLUMNS FROM `ch_measure_data` [ RunTime:0.0125s ]
SQL: SELECT `importTime`,`childID`,`childHeight`,`childWeight`,`childHeadc`,`childBMI` FROM `ch_measure_data` WHERE ( userAccount='55555' )  [ RunTime:0.0004s ]

[ 2017-05-16T20:42:16+08:00 ] 192.168.1.107 /childGrow/Mobile/login
INFO: [ app_init ] --START--
INFO: Run Behavior\BuildLiteBehavior [ RunTime:0.000021s ]
INFO: [ app_init ] --END-- [ RunTime:0.000933s ]
INFO: [ app_begin ] --START--
INFO: Run Behavior\ReadHtmlCacheBehavior [ RunTime:0.000701s ]
INFO: [ app_begin ] --END-- [ RunTime:0.000769s ]
SQL: SHOW COLUMNS FROM `ch_user` [ RunTime:0.0111s ]
SQL: SELECT * FROM `ch_user` WHERE `userAccount` = '55555' AND `userPassword` = '2952e1846b4ea765dfd0fdfcb7e21097' LIMIT 1   [ RunTime:0.0007s ]
SQL: SHOW COLUMNS FROM `ch_child_base_info` [ RunTime:0.0085s ]
SQL: SELECT `childID`,`childIcon`,`childName`,`childBirthdate`,`childSex`,`birthCity`,`fatherHeight`,`motherHeight`,`fullMonth`,`bearingAge` FROM `ch_child_base_info` WHERE ( userAccount='55555' )  [ RunTime:0.0007s ]
SQL: SHOW COLUMNS FROM `ch_measure_data` [ RunTime:0.0110s ]
SQL: SELECT `importTime`,`childID`,`childHeight`,`childWeight`,`childHeadc`,`childBMI` FROM `ch_measure_data` WHERE ( userAccount='55555' )  [ RunTime:0.0006s ]

[ 2017-05-16T20:42:52+08:00 ] 192.168.1.107 /childGrow/Mobile/login
INFO: [ app_init ] --START--
INFO: Run Behavior\BuildLiteBehavior [ RunTime:0.000009s ]
INFO: [ app_init ] --END-- [ RunTime:0.000379s ]
INFO: [ app_begin ] --START--
INFO: Run Behavior\ReadHtmlCacheBehavior [ RunTime:0.000428s ]
INFO: [ app_begin ] --END-- [ RunTime:0.000467s ]
SQL: SHOW COLUMNS FROM `ch_user` [ RunTime:0.0086s ]
SQL: SELECT * FROM `ch_user` WHERE `userAccount` = '55555' AND `userPassword` = '2952e1846b4ea765dfd0fdfcb7e21097' LIMIT 1   [ RunTime:0.0006s ]
SQL: SHOW COLUMNS FROM `ch_child_base_info` [ RunTime:0.0075s ]
SQL: SELECT `childID`,`childIcon`,`childName`,`childBirthdate`,`childSex`,`birthCity`,`fatherHeight`,`motherHeight`,`fullMonth`,`bearingAge` FROM `ch_child_base_info` WHERE ( userAccount='55555' )  [ RunTime:0.0007s ]
SQL: SHOW COLUMNS FROM `ch_measure_data` [ RunTime:0.0075s ]
SQL: SELECT `importTime`,`childID`,`childHeight`,`childWeight`,`childHeadc`,`childBMI` FROM `ch_measure_data` WHERE ( userAccount='55555' )  [ RunTime:0.0004s ]

[ 2017-05-16T20:45:33+08:00 ] 192.168.1.107 /childGrow/Mobile/login
INFO: [ app_init ] --START--
INFO: Run Behavior\BuildLiteBehavior [ RunTime:0.000021s ]
INFO: [ app_init ] --END-- [ RunTime:0.000818s ]
INFO: [ app_begin ] --START--
INFO: Run Behavior\ReadHtmlCacheBehavior [ RunTime:0.001119s ]
INFO: [ app_begin ] --END-- [ RunTime:0.001210s ]
SQL: SHOW COLUMNS FROM `ch_user` [ RunTime:0.0077s ]
SQL: SELECT * FROM `ch_user` WHERE `userAccount` = '55555' AND `userPassword` = '2952e1846b4ea765dfd0fdfcb7e21097' LIMIT 1   [ RunTime:0.0008s ]
SQL: SHOW COLUMNS FROM `ch_child_base_info` [ RunTime:0.0108s ]
SQL: SELECT `childID`,`childIcon`,`childName`,`childBirthdate`,`childSex`,`birthCity`,`fatherHeight`,`motherHeight`,`fullMonth`,`bearingAge` FROM `ch_child_base_info` WHERE ( userAccount='55555' )  [ RunTime:0.0008s ]
SQL: SHOW COLUMNS FROM `ch_measure_data` [ RunTime:0.0112s ]
SQL: SELECT `importTime`,`childID`,`childHeight`,`childWeight`,`childHeadc`,`childBMI` FROM `ch_measure_data` WHERE ( userAccount='55555' )  [ RunTime:0.0006s ]

[ 2017-05-16T20:48:06+08:00 ] 192.168.1.107 /childGrow/Mobile/login
INFO: [ app_init ] --START--
INFO: Run Behavior\BuildLiteBehavior [ RunTime:0.000020s ]
INFO: [ app_init ] --END-- [ RunTime:0.000833s ]
INFO: [ app_begin ] --START--
INFO: Run Behavior\ReadHtmlCacheBehavior [ RunTime:0.001939s ]
INFO: [ app_begin ] --END-- [ RunTime:0.002100s ]
SQL: SHOW COLUMNS FROM `ch_user` [ RunTime:0.0035s ]
SQL: SELECT * FROM `ch_user` WHERE `userAccount` = '55555' AND `userPassword` = '2952e1846b4ea765dfd0fdfcb7e21097' LIMIT 1   [ RunTime:0.0003s ]
SQL: SHOW COLUMNS FROM `ch_child_base_info` [ RunTime:0.0040s ]
SQL: SELECT `childID`,`childIcon`,`childName`,`childBirthdate`,`childSex`,`birthCity`,`fatherHeight`,`motherHeight`,`fullMonth`,`bearingAge` FROM `ch_child_base_info` WHERE ( userAccount='55555' )  [ RunTime:0.0003s ]
SQL: SHOW COLUMNS FROM `ch_measure_data` [ RunTime:0.0045s ]
SQL: SELECT `importTime`,`childID`,`childHeight`,`childWeight`,`childHeadc`,`childBMI` FROM `ch_measure_data` WHERE ( userAccount='55555' )  [ RunTime:0.0004s ]

[ 2017-05-16T20:49:12+08:00 ] 192.168.1.107 /childGrow/Mobile/login
INFO: [ app_init ] --START--
INFO: Run Behavior\BuildLiteBehavior [ RunTime:0.000029s ]
INFO: [ app_init ] --END-- [ RunTime:0.001106s ]
INFO: [ app_begin ] --START--
INFO: Run Behavior\ReadHtmlCacheBehavior [ RunTime:0.001813s ]
INFO: [ app_begin ] --END-- [ RunTime:0.002014s ]
SQL: SHOW COLUMNS FROM `ch_user` [ RunTime:0.0100s ]
SQL: SELECT * FROM `ch_user` WHERE `userAccount` = '55555' AND `userPassword` = '2952e1846b4ea765dfd0fdfcb7e21097' LIMIT 1   [ RunTime:0.0006s ]
SQL: SHOW COLUMNS FROM `ch_child_base_info` [ RunTime:0.0070s ]
SQL: SELECT `childID`,`childIcon`,`childName`,`childBirthdate`,`childSex`,`birthCity`,`fatherHeight`,`motherHeight`,`fullMonth`,`bearingAge` FROM `ch_child_base_info` WHERE ( userAccount='55555' )  [ RunTime:0.0004s ]
SQL: SHOW COLUMNS FROM `ch_measure_data` [ RunTime:0.0049s ]
SQL: SELECT `importTime`,`childID`,`childHeight`,`childWeight`,`childHeadc`,`childBMI` FROM `ch_measure_data` WHERE ( userAccount='55555' )  [ RunTime:0.0004s ]

[ 2017-05-16T20:51:04+08:00 ] 192.168.1.107 /childGrow/Mobile/login
INFO: [ app_init ] --START--
INFO: Run Behavior\BuildLiteBehavior [ RunTime:0.000022s ]
INFO: [ app_init ] --END-- [ RunTime:0.000994s ]
INFO: [ app_begin ] --START--
INFO: Run Behavior\ReadHtmlCacheBehavior [ RunTime:0.000490s ]
INFO: [ app_begin ] --END-- [ RunTime:0.000571s ]
SQL: SHOW COLUMNS FROM `ch_user` [ RunTime:0.0093s ]
SQL: SELECT * FROM `ch_user` WHERE `userAccount` = '55555' AND `userPassword` = '2952e1846b4ea765dfd0fdfcb7e21097' LIMIT 1   [ RunTime:0.0011s ]
SQL: SHOW COLUMNS FROM `ch_child_base_info` [ RunTime:0.0125s ]
SQL: SELECT `childID`,`childIcon`,`childName`,`childBirthdate`,`childSex`,`birthCity`,`fatherHeight`,`motherHeight`,`fullMonth`,`bearingAge` FROM `ch_child_base_info` WHERE ( userAccount='55555' )  [ RunTime:0.0007s ]
SQL: SHOW COLUMNS FROM `ch_measure_data` [ RunTime:0.0058s ]
SQL: SELECT `importTime`,`childID`,`childHeight`,`childWeight`,`childHeadc`,`childBMI` FROM `ch_measure_data` WHERE ( userAccount='55555' )  [ RunTime:0.0003s ]

[ 2017-05-16T20:54:01+08:00 ] 192.168.1.107 /childGrow/Mobile/login
INFO: [ app_init ] --START--
INFO: Run Behavior\BuildLiteBehavior [ RunTime:0.000017s ]
INFO: [ app_init ] --END-- [ RunTime:0.000700s ]
INFO: [ app_begin ] --START--
INFO: Run Behavior\ReadHtmlCacheBehavior [ RunTime:0.000885s ]
INFO: [ app_begin ] --END-- [ RunTime:0.000956s ]
SQL: SHOW COLUMNS FROM `ch_user` [ RunTime:0.0098s ]
SQL: SELECT * FROM `ch_user` WHERE `userAccount` = '55555' AND `userPassword` = '2952e1846b4ea765dfd0fdfcb7e21097' LIMIT 1   [ RunTime:0.0007s ]
SQL: SHOW COLUMNS FROM `ch_child_base_info` [ RunTime:0.0140s ]
SQL: SELECT `childID`,`childIcon`,`childName`,`childBirthdate`,`childSex`,`birthCity`,`fatherHeight`,`motherHeight`,`fullMonth`,`bearingAge` FROM `ch_child_base_info` WHERE ( userAccount='55555' )  [ RunTime:0.0008s ]
SQL: SHOW COLUMNS FROM `ch_measure_data` [ RunTime:0.0077s ]
SQL: SELECT `importTime`,`childID`,`childHeight`,`childWeight`,`childHeadc`,`childBMI` FROM `ch_measure_data` WHERE ( userAccount='55555' )  [ RunTime:0.0004s ]

[ 2017-05-16T20:54:44+08:00 ] 192.168.1.107 /childGrow/Mobile/login
INFO: [ app_init ] --START--
INFO: Run Behavior\BuildLiteBehavior [ RunTime:0.000019s ]
INFO: [ app_init ] --END-- [ RunTime:0.000729s ]
INFO: [ app_begin ] --START--
INFO: Run Behavior\ReadHtmlCacheBehavior [ RunTime:0.000948s ]
INFO: [ app_begin ] --END-- [ RunTime:0.001036s ]
SQL: SHOW COLUMNS FROM `ch_user` [ RunTime:0.0077s ]
SQL: SELECT * FROM `ch_user` WHERE `userAccount` = '55555' AND `userPassword` = '2952e1846b4ea765dfd0fdfcb7e21097' LIMIT 1   [ RunTime:0.0006s ]
SQL: SHOW COLUMNS FROM `ch_child_base_info` [ RunTime:0.0092s ]
SQL: SELECT `childID`,`childIcon`,`childName`,`childBirthdate`,`childSex`,`birthCity`,`fatherHeight`,`motherHeight`,`fullMonth`,`bearingAge` FROM `ch_child_base_info` WHERE ( userAccount='55555' )  [ RunTime:0.0007s ]
SQL: SHOW COLUMNS FROM `ch_measure_data` [ RunTime:0.0099s ]
SQL: SELECT `importTime`,`childID`,`childHeight`,`childWeight`,`childHeadc`,`childBMI` FROM `ch_measure_data` WHERE ( userAccount='55555' )  [ RunTime:0.0006s ]

[ 2017-05-16T20:55:30+08:00 ] 192.168.1.107 /childGrow/Mobile/login
INFO: [ app_init ] --START--
INFO: Run Behavior\BuildLiteBehavior [ RunTime:0.000020s ]
INFO: [ app_init ] --END-- [ RunTime:0.000722s ]
INFO: [ app_begin ] --START--
INFO: Run Behavior\ReadHtmlCacheBehavior [ RunTime:0.000606s ]
INFO: [ app_begin ] --END-- [ RunTime:0.000661s ]
SQL: SHOW COLUMNS FROM `ch_user` [ RunTime:0.0084s ]
SQL: SELECT * FROM `ch_user` WHERE `userAccount` = '55555' AND `userPassword` = '2952e1846b4ea765dfd0fdfcb7e21097' LIMIT 1   [ RunTime:0.0004s ]
SQL: SHOW COLUMNS FROM `ch_child_base_info` [ RunTime:0.0081s ]
SQL: SELECT `childID`,`childIcon`,`childName`,`childBirthdate`,`childSex`,`birthCity`,`fatherHeight`,`motherHeight`,`fullMonth`,`bearingAge` FROM `ch_child_base_info` WHERE ( userAccount='55555' )  [ RunTime:0.0005s ]
SQL: SHOW COLUMNS FROM `ch_measure_data` [ RunTime:0.0044s ]
SQL: SELECT `importTime`,`childID`,`childHeight`,`childWeight`,`childHeadc`,`childBMI` FROM `ch_measure_data` WHERE ( userAccount='55555' )  [ RunTime:0.0004s ]

[ 2017-05-16T20:59:38+08:00 ] 192.168.1.107 /childGrow/Mobile/login
INFO: [ app_init ] --START--
INFO: Run Behavior\BuildLiteBehavior [ RunTime:0.000024s ]
INFO: [ app_init ] --END-- [ RunTime:0.001059s ]
INFO: [ app_begin ] --START--
INFO: Run Behavior\ReadHtmlCacheBehavior [ RunTime:0.001114s ]
INFO: [ app_begin ] --END-- [ RunTime:0.001200s ]
SQL: SHOW COLUMNS FROM `ch_user` [ RunTime:0.0184s ]
SQL: SELECT * FROM `ch_user` WHERE `userAccount` = '55555' AND `userPassword` = '2952e1846b4ea765dfd0fdfcb7e21097' LIMIT 1   [ RunTime:0.0013s ]
SQL: SHOW COLUMNS FROM `ch_child_base_info` [ RunTime:0.0085s ]
SQL: SELECT `childID`,`childIcon`,`childName`,`childBirthdate`,`childSex`,`birthCity`,`fatherHeight`,`motherHeight`,`fullMonth`,`bearingAge` FROM `ch_child_base_info` WHERE ( userAccount='55555' )  [ RunTime:0.0006s ]
SQL: SHOW COLUMNS FROM `ch_measure_data` [ RunTime:0.0077s ]
SQL: SELECT `importTime`,`childID`,`childHeight`,`childWeight`,`childHeadc`,`childBMI` FROM `ch_measure_data` WHERE ( userAccount='55555' )  [ RunTime:0.0005s ]

[ 2017-05-16T21:04:33+08:00 ] 192.168.1.107 /childGrow/Mobile/login
INFO: [ app_init ] --START--
INFO: Run Behavior\BuildLiteBehavior [ RunTime:0.000013s ]
INFO: [ app_init ] --END-- [ RunTime:0.000544s ]
INFO: [ app_begin ] --START--
INFO: Run Behavior\ReadHtmlCacheBehavior [ RunTime:0.001072s ]
INFO: [ app_begin ] --END-- [ RunTime:0.001244s ]
SQL: SHOW COLUMNS FROM `ch_user` [ RunTime:0.0123s ]
SQL: SELECT * FROM `ch_user` WHERE `userAccount` = '55555' AND `userPassword` = '2952e1846b4ea765dfd0fdfcb7e21097' LIMIT 1   [ RunTime:0.0009s ]
SQL: SHOW COLUMNS FROM `ch_child_base_info` [ RunTime:0.0146s ]
SQL: SELECT `childID`,`childIcon`,`childName`,`childBirthdate`,`childSex`,`birthCity`,`fatherHeight`,`motherHeight`,`fullMonth`,`bearingAge` FROM `ch_child_base_info` WHERE ( userAccount='55555' )  [ RunTime:0.0006s ]
SQL: SHOW COLUMNS FROM `ch_measure_data` [ RunTime:0.0067s ]
SQL: SELECT `importTime`,`childID`,`childHeight`,`childWeight`,`childHeadc`,`childBMI` FROM `ch_measure_data` WHERE ( userAccount='55555' )  [ RunTime:0.0005s ]

[ 2017-05-16T21:05:37+08:00 ] 192.168.1.107 /childGrow/Mobile/login
INFO: [ app_init ] --START--
INFO: Run Behavior\BuildLiteBehavior [ RunTime:0.000012s ]
INFO: [ app_init ] --END-- [ RunTime:0.000537s ]
INFO: [ app_begin ] --START--
INFO: Run Behavior\ReadHtmlCacheBehavior [ RunTime:0.000614s ]
INFO: [ app_begin ] --END-- [ RunTime:0.000667s ]
SQL: SHOW COLUMNS FROM `ch_user` [ RunTime:0.0081s ]
SQL: SELECT * FROM `ch_user` WHERE `userAccount` = '55555' AND `userPassword` = '2952e1846b4ea765dfd0fdfcb7e21097' LIMIT 1   [ RunTime:0.0013s ]
SQL: SHOW COLUMNS FROM `ch_child_base_info` [ RunTime:0.0108s ]
SQL: SELECT `childID`,`childIcon`,`childName`,`childBirthdate`,`childSex`,`birthCity`,`fatherHeight`,`motherHeight`,`fullMonth`,`bearingAge` FROM `ch_child_base_info` WHERE ( userAccount='55555' )  [ RunTime:0.0005s ]
SQL: SHOW COLUMNS FROM `ch_measure_data` [ RunTime:0.0072s ]
SQL: SELECT `importTime`,`childID`,`childHeight`,`childWeight`,`childHeadc`,`childBMI` FROM `ch_measure_data` WHERE ( userAccount='55555' )  [ RunTime:0.0003s ]

[ 2017-05-16T21:08:53+08:00 ] 192.168.1.107 /childGrow/Mobile/login
INFO: [ app_init ] --START--
INFO: Run Behavior\BuildLiteBehavior [ RunTime:0.000022s ]
INFO: [ app_init ] --END-- [ RunTime:0.000850s ]
INFO: [ app_begin ] --START--
INFO: Run Behavior\ReadHtmlCacheBehavior [ RunTime:0.001389s ]
INFO: [ app_begin ] --END-- [ RunTime:0.001538s ]
SQL: SHOW COLUMNS FROM `ch_user` [ RunTime:0.0185s ]
SQL: SELECT * FROM `ch_user` WHERE `userAccount` = '55555' AND `userPassword` = '2952e1846b4ea765dfd0fdfcb7e21097' LIMIT 1   [ RunTime:0.0014s ]
SQL: SHOW COLUMNS FROM `ch_child_base_info` [ RunTime:0.0167s ]
SQL: SELECT `childID`,`childIcon`,`childName`,`childBirthdate`,`childSex`,`birthCity`,`fatherHeight`,`motherHeight`,`fullMonth`,`bearingAge` FROM `ch_child_base_info` WHERE ( userAccount='55555' )  [ RunTime:0.0005s ]
SQL: SHOW COLUMNS FROM `ch_measure_data` [ RunTime:0.0067s ]
SQL: SELECT `importTime`,`childID`,`childHeight`,`childWeight`,`childHeadc`,`childBMI` FROM `ch_measure_data` WHERE ( userAccount='55555' )  [ RunTime:0.0006s ]

[ 2017-05-16T21:09:32+08:00 ] 192.168.1.107 /childGrow/Mobile/login
INFO: [ app_init ] --START--
INFO: Run Behavior\BuildLiteBehavior [ RunTime:0.000021s ]
INFO: [ app_init ] --END-- [ RunTime:0.000810s ]
INFO: [ app_begin ] --START--
INFO: Run Behavior\ReadHtmlCacheBehavior [ RunTime:0.001003s ]
INFO: [ app_begin ] --END-- [ RunTime:0.001092s ]
SQL: SHOW COLUMNS FROM `ch_user` [ RunTime:0.0065s ]
SQL: SELECT * FROM `ch_user` WHERE `userAccount` = '55555' AND `userPassword` = '2952e1846b4ea765dfd0fdfcb7e21097' LIMIT 1   [ RunTime:0.0005s ]
SQL: SHOW COLUMNS FROM `ch_child_base_info` [ RunTime:0.0071s ]
SQL: SELECT `childID`,`childIcon`,`childName`,`childBirthdate`,`childSex`,`birthCity`,`fatherHeight`,`motherHeight`,`fullMonth`,`bearingAge` FROM `ch_child_base_info` WHERE ( userAccount='55555' )  [ RunTime:0.0006s ]
SQL: SHOW COLUMNS FROM `ch_measure_data` [ RunTime:0.0090s ]
SQL: SELECT `importTime`,`childID`,`childHeight`,`childWeight`,`childHeadc`,`childBMI` FROM `ch_measure_data` WHERE ( userAccount='55555' )  [ RunTime:0.0006s ]

[ 2017-05-16T21:11:26+08:00 ] 192.168.1.107 /childGrow/Mobile/login
INFO: [ app_init ] --START--
INFO: Run Behavior\BuildLiteBehavior [ RunTime:0.000023s ]
INFO: [ app_init ] --END-- [ RunTime:0.001120s ]
INFO: [ app_begin ] --START--
INFO: Run Behavior\ReadHtmlCacheBehavior [ RunTime:0.001404s ]
INFO: [ app_begin ] --END-- [ RunTime:0.001508s ]
SQL: SHOW COLUMNS FROM `ch_user` [ RunTime:0.0067s ]
SQL: SELECT * FROM `ch_user` WHERE `userAccount` = '55555' AND `userPassword` = '2952e1846b4ea765dfd0fdfcb7e21097' LIMIT 1   [ RunTime:0.0005s ]
SQL: SHOW COLUMNS FROM `ch_child_base_info` [ RunTime:0.0079s ]
SQL: SELECT `childID`,`childIcon`,`childName`,`childBirthdate`,`childSex`,`birthCity`,`fatherHeight`,`motherHeight`,`fullMonth`,`bearingAge` FROM `ch_child_base_info` WHERE ( userAccount='55555' )  [ RunTime:0.0008s ]
SQL: SHOW COLUMNS FROM `ch_measure_data` [ RunTime:0.0092s ]
SQL: SELECT `importTime`,`childID`,`childHeight`,`childWeight`,`childHeadc`,`childBMI` FROM `ch_measure_data` WHERE ( userAccount='55555' )  [ RunTime:0.0007s ]

[ 2017-05-16T21:12:11+08:00 ] 192.168.1.107 /childGrow/Mobile/login
INFO: [ app_init ] --START--
INFO: Run Behavior\BuildLiteBehavior [ RunTime:0.000008s ]
INFO: [ app_init ] --END-- [ RunTime:0.000359s ]
INFO: [ app_begin ] --START--
INFO: Run Behavior\ReadHtmlCacheBehavior [ RunTime:0.000414s ]
INFO: [ app_begin ] --END-- [ RunTime:0.000447s ]
SQL: SHOW COLUMNS FROM `ch_user` [ RunTime:0.0098s ]
SQL: SELECT * FROM `ch_user` WHERE `userAccount` = '55555' AND `userPassword` = '2952e1846b4ea765dfd0fdfcb7e21097' LIMIT 1   [ RunTime:0.0006s ]
SQL: SHOW COLUMNS FROM `ch_child_base_info` [ RunTime:0.0132s ]
SQL: SELECT `childID`,`childIcon`,`childName`,`childBirthdate`,`childSex`,`birthCity`,`fatherHeight`,`motherHeight`,`fullMonth`,`bearingAge` FROM `ch_child_base_info` WHERE ( userAccount='55555' )  [ RunTime:0.0009s ]
SQL: SHOW COLUMNS FROM `ch_measure_data` [ RunTime:0.0086s ]
SQL: SELECT `importTime`,`childID`,`childHeight`,`childWeight`,`childHeadc`,`childBMI` FROM `ch_measure_data` WHERE ( userAccount='55555' )  [ RunTime:0.0004s ]

[ 2017-05-16T21:14:06+08:00 ] 192.168.1.107 /childGrow/Mobile/login
INFO: [ app_init ] --START--
INFO: Run Behavior\BuildLiteBehavior [ RunTime:0.000022s ]
INFO: [ app_init ] --END-- [ RunTime:0.001253s ]
INFO: [ app_begin ] --START--
INFO: Run Behavior\ReadHtmlCacheBehavior [ RunTime:0.001127s ]
INFO: [ app_begin ] --END-- [ RunTime:0.001216s ]
SQL: SHOW COLUMNS FROM `ch_user` [ RunTime:0.0111s ]
SQL: SELECT * FROM `ch_user` WHERE `userAccount` = '55555' AND `userPassword` = '2952e1846b4ea765dfd0fdfcb7e21097' LIMIT 1   [ RunTime:0.0007s ]
SQL: SHOW COLUMNS FROM `ch_child_base_info` [ RunTime:0.0105s ]
SQL: SELECT `childID`,`childIcon`,`childName`,`childBirthdate`,`childSex`,`birthCity`,`fatherHeight`,`motherHeight`,`fullMonth`,`bearingAge` FROM `ch_child_base_info` WHERE ( userAccount='55555' )  [ RunTime:0.0007s ]
SQL: SHOW COLUMNS FROM `ch_measure_data` [ RunTime:0.0049s ]
SQL: SELECT `importTime`,`childID`,`childHeight`,`childWeight`,`childHeadc`,`childBMI` FROM `ch_measure_data` WHERE ( userAccount='55555' )  [ RunTime:0.0003s ]

[ 2017-05-16T21:14:37+08:00 ] 192.168.1.107 /childGrow/Mobile/login
INFO: [ app_init ] --START--
INFO: Run Behavior\BuildLiteBehavior [ RunTime:0.000052s ]
INFO: [ app_init ] --END-- [ RunTime:0.002160s ]
INFO: [ app_begin ] --START--
INFO: Run Behavior\ReadHtmlCacheBehavior [ RunTime:0.001815s ]
INFO: [ app_begin ] --END-- [ RunTime:0.001985s ]
SQL: SHOW COLUMNS FROM `ch_user` [ RunTime:0.0073s ]
SQL: SELECT * FROM `ch_user` WHERE `userAccount` = '55555' AND `userPassword` = '2952e1846b4ea765dfd0fdfcb7e21097' LIMIT 1   [ RunTime:0.0005s ]
SQL: SHOW COLUMNS FROM `ch_child_base_info` [ RunTime:0.0067s ]
SQL: SELECT `childID`,`childIcon`,`childName`,`childBirthdate`,`childSex`,`birthCity`,`fatherHeight`,`motherHeight`,`fullMonth`,`bearingAge` FROM `ch_child_base_info` WHERE ( userAccount='55555' )  [ RunTime:0.0008s ]
SQL: SHOW COLUMNS FROM `ch_measure_data` [ RunTime:0.0072s ]
SQL: SELECT `importTime`,`childID`,`childHeight`,`childWeight`,`childHeadc`,`childBMI` FROM `ch_measure_data` WHERE ( userAccount='55555' )  [ RunTime:0.0005s ]

[ 2017-05-16T21:15:43+08:00 ] 192.168.1.107 /childGrow/Mobile/login
INFO: [ app_init ] --START--
INFO: Run Behavior\BuildLiteBehavior [ RunTime:0.000039s ]
INFO: [ app_init ] --END-- [ RunTime:0.002228s ]
INFO: [ app_begin ] --START--
INFO: Run Behavior\ReadHtmlCacheBehavior [ RunTime:0.001928s ]
INFO: [ app_begin ] --END-- [ RunTime:0.002169s ]
SQL: SHOW COLUMNS FROM `ch_user` [ RunTime:0.0114s ]
SQL: SELECT * FROM `ch_user` WHERE `userAccount` = '55555' AND `userPassword` = '2952e1846b4ea765dfd0fdfcb7e21097' LIMIT 1   [ RunTime:0.0007s ]
SQL: SHOW COLUMNS FROM `ch_child_base_info` [ RunTime:0.0110s ]
SQL: SELECT `childID`,`childIcon`,`childName`,`childBirthdate`,`childSex`,`birthCity`,`fatherHeight`,`motherHeight`,`fullMonth`,`bearingAge` FROM `ch_child_base_info` WHERE ( userAccount='55555' )  [ RunTime:0.0007s ]
SQL: SHOW COLUMNS FROM `ch_measure_data` [ RunTime:0.0091s ]
SQL: SELECT `importTime`,`childID`,`childHeight`,`childWeight`,`childHeadc`,`childBMI` FROM `ch_measure_data` WHERE ( userAccount='55555' )  [ RunTime:0.0006s ]

[ 2017-05-16T21:16:03+08:00 ] 192.168.1.107 /childGrow/Mobile/login
INFO: [ app_init ] --START--
INFO: Run Behavior\BuildLiteBehavior [ RunTime:0.000017s ]
INFO: [ app_init ] --END-- [ RunTime:0.000565s ]
INFO: [ app_begin ] --START--
INFO: Run Behavior\ReadHtmlCacheBehavior [ RunTime:0.000721s ]
INFO: [ app_begin ] --END-- [ RunTime:0.000794s ]
SQL: SHOW COLUMNS FROM `ch_user` [ RunTime:0.0153s ]
SQL: SELECT * FROM `ch_user` WHERE `userAccount` = '55555' AND `userPassword` = '2952e1846b4ea765dfd0fdfcb7e21097' LIMIT 1   [ RunTime:0.0006s ]
SQL: SHOW COLUMNS FROM `ch_child_base_info` [ RunTime:0.0087s ]
SQL: SELECT `childID`,`childIcon`,`childName`,`childBirthdate`,`childSex`,`birthCity`,`fatherHeight`,`motherHeight`,`fullMonth`,`bearingAge` FROM `ch_child_base_info` WHERE ( userAccount='55555' )  [ RunTime:0.0007s ]
SQL: SHOW COLUMNS FROM `ch_measure_data` [ RunTime:0.0115s ]
SQL: SELECT `importTime`,`childID`,`childHeight`,`childWeight`,`childHeadc`,`childBMI` FROM `ch_measure_data` WHERE ( userAccount='55555' )  [ RunTime:0.0007s ]

[ 2017-05-16T21:16:25+08:00 ] 192.168.1.107 /childGrow/Mobile/login
INFO: [ app_init ] --START--
INFO: Run Behavior\BuildLiteBehavior [ RunTime:0.000037s ]
INFO: [ app_init ] --END-- [ RunTime:0.001478s ]
INFO: [ app_begin ] --START--
INFO: Run Behavior\ReadHtmlCacheBehavior [ RunTime:0.001940s ]
INFO: [ app_begin ] --END-- [ RunTime:0.002101s ]
SQL: SHOW COLUMNS FROM `ch_user` [ RunTime:0.0119s ]
SQL: SELECT * FROM `ch_user` WHERE `userAccount` = '55555' AND `userPassword` = '2952e1846b4ea765dfd0fdfcb7e21097' LIMIT 1   [ RunTime:0.0004s ]
SQL: SHOW COLUMNS FROM `ch_child_base_info` [ RunTime:0.0064s ]
SQL: SELECT `childID`,`childIcon`,`childName`,`childBirthdate`,`childSex`,`birthCity`,`fatherHeight`,`motherHeight`,`fullMonth`,`bearingAge` FROM `ch_child_base_info` WHERE ( userAccount='55555' )  [ RunTime:0.0005s ]
SQL: SHOW COLUMNS FROM `ch_measure_data` [ RunTime:0.0057s ]
SQL: SELECT `importTime`,`childID`,`childHeight`,`childWeight`,`childHeadc`,`childBMI` FROM `ch_measure_data` WHERE ( userAccount='55555' )  [ RunTime:0.0006s ]

[ 2017-05-16T21:17:02+08:00 ] 192.168.1.107 /childGrow/Mobile/login
INFO: [ app_init ] --START--
INFO: Run Behavior\BuildLiteBehavior [ RunTime:0.000033s ]
INFO: [ app_init ] --END-- [ RunTime:0.000951s ]
INFO: [ app_begin ] --START--
INFO: Run Behavior\ReadHtmlCacheBehavior [ RunTime:0.001060s ]
INFO: [ app_begin ] --END-- [ RunTime:0.001160s ]
SQL: SHOW COLUMNS FROM `ch_user` [ RunTime:0.0135s ]
SQL: SELECT * FROM `ch_user` WHERE `userAccount` = '55555' AND `userPassword` = '2952e1846b4ea765dfd0fdfcb7e21097' LIMIT 1   [ RunTime:0.0009s ]
SQL: SHOW COLUMNS FROM `ch_child_base_info` [ RunTime:0.0104s ]
SQL: SELECT `childID`,`childIcon`,`childName`,`childBirthdate`,`childSex`,`birthCity`,`fatherHeight`,`motherHeight`,`fullMonth`,`bearingAge` FROM `ch_child_base_info` WHERE ( userAccount='55555' )  [ RunTime:0.0008s ]
SQL: SHOW COLUMNS FROM `ch_measure_data` [ RunTime:0.0052s ]
SQL: SELECT `importTime`,`childID`,`childHeight`,`childWeight`,`childHeadc`,`childBMI` FROM `ch_measure_data` WHERE ( userAccount='55555' )  [ RunTime:0.0004s ]

[ 2017-05-16T21:17:57+08:00 ] 192.168.1.107 /childGrow/Mobile/login
INFO: [ app_init ] --START--
INFO: Run Behavior\BuildLiteBehavior [ RunTime:0.000014s ]
INFO: [ app_init ] --END-- [ RunTime:0.000502s ]
INFO: [ app_begin ] --START--
INFO: Run Behavior\ReadHtmlCacheBehavior [ RunTime:0.000729s ]
INFO: [ app_begin ] --END-- [ RunTime:0.000802s ]
SQL: SHOW COLUMNS FROM `ch_user` [ RunTime:0.0044s ]
SQL: SELECT * FROM `ch_user` WHERE `userAccount` = '55555' AND `userPassword` = '2952e1846b4ea765dfd0fdfcb7e21097' LIMIT 1   [ RunTime:0.0005s ]
SQL: SHOW COLUMNS FROM `ch_child_base_info` [ RunTime:0.0052s ]
SQL: SELECT `childID`,`childIcon`,`childName`,`childBirthdate`,`childSex`,`birthCity`,`fatherHeight`,`motherHeight`,`fullMonth`,`bearingAge` FROM `ch_child_base_info` WHERE ( userAccount='55555' )  [ RunTime:0.0005s ]
SQL: SHOW COLUMNS FROM `ch_measure_data` [ RunTime:0.0054s ]
SQL: SELECT `importTime`,`childID`,`childHeight`,`childWeight`,`childHeadc`,`childBMI` FROM `ch_measure_data` WHERE ( userAccount='55555' )  [ RunTime:0.0004s ]

[ 2017-05-16T21:21:31+08:00 ] 192.168.1.107 /childGrow/Mobile/login
INFO: [ app_init ] --START--
INFO: Run Behavior\BuildLiteBehavior [ RunTime:0.000021s ]
INFO: [ app_init ] --END-- [ RunTime:0.000927s ]
INFO: [ app_begin ] --START--
INFO: Run Behavior\ReadHtmlCacheBehavior [ RunTime:0.001150s ]
INFO: [ app_begin ] --END-- [ RunTime:0.001240s ]
SQL: SHOW COLUMNS FROM `ch_user` [ RunTime:0.0091s ]
SQL: SELECT * FROM `ch_user` WHERE `userAccount` = '55555' AND `userPassword` = '2952e1846b4ea765dfd0fdfcb7e21097' LIMIT 1   [ RunTime:0.0008s ]
SQL: SHOW COLUMNS FROM `ch_child_base_info` [ RunTime:0.0143s ]
SQL: SELECT `childID`,`childIcon`,`childName`,`childBirthdate`,`childSex`,`birthCity`,`fatherHeight`,`motherHeight`,`fullMonth`,`bearingAge` FROM `ch_child_base_info` WHERE ( userAccount='55555' )  [ RunTime:0.0008s ]
SQL: SHOW COLUMNS FROM `ch_measure_data` [ RunTime:0.0144s ]
SQL: SELECT `importTime`,`childID`,`childHeight`,`childWeight`,`childHeadc`,`childBMI` FROM `ch_measure_data` WHERE ( userAccount='55555' )  [ RunTime:0.0003s ]

[ 2017-05-16T21:28:11+08:00 ] 192.168.1.107 /childGrow/Mobile/login
INFO: [ app_init ] --START--
INFO: Run Behavior\BuildLiteBehavior [ RunTime:0.000018s ]
INFO: [ app_init ] --END-- [ RunTime:0.000629s ]
INFO: [ app_begin ] --START--
INFO: Run Behavior\ReadHtmlCacheBehavior [ RunTime:0.000772s ]
INFO: [ app_begin ] --END-- [ RunTime:0.000836s ]
SQL: SHOW COLUMNS FROM `ch_user` [ RunTime:0.0067s ]
SQL: SELECT * FROM `ch_user` WHERE `userAccount` = '55555' AND `userPassword` = '2952e1846b4ea765dfd0fdfcb7e21097' LIMIT 1   [ RunTime:0.0004s ]
SQL: SHOW COLUMNS FROM `ch_child_base_info` [ RunTime:0.0051s ]
SQL: SELECT `childID`,`childIcon`,`childName`,`childBirthdate`,`childSex`,`birthCity`,`fatherHeight`,`motherHeight`,`fullMonth`,`bearingAge` FROM `ch_child_base_info` WHERE ( userAccount='55555' )  [ RunTime:0.0006s ]
SQL: SHOW COLUMNS FROM `ch_measure_data` [ RunTime:0.0059s ]
SQL: SELECT `importTime`,`childID`,`childHeight`,`childWeight`,`childHeadc`,`childBMI` FROM `ch_measure_data` WHERE ( userAccount='55555' )  [ RunTime:0.0005s ]

[ 2017-05-16T21:29:01+08:00 ] 192.168.1.107 /childGrow/Mobile/login
INFO: [ app_init ] --START--
INFO: Run Behavior\BuildLiteBehavior [ RunTime:0.000021s ]
INFO: [ app_init ] --END-- [ RunTime:0.000842s ]
INFO: [ app_begin ] --START--
INFO: Run Behavior\ReadHtmlCacheBehavior [ RunTime:0.000602s ]
INFO: [ app_begin ] --END-- [ RunTime:0.000680s ]
SQL: SHOW COLUMNS FROM `ch_user` [ RunTime:0.0086s ]
SQL: SELECT * FROM `ch_user` WHERE `userAccount` = '55555' AND `userPassword` = '2952e1846b4ea765dfd0fdfcb7e21097' LIMIT 1   [ RunTime:0.0006s ]
SQL: SHOW COLUMNS FROM `ch_child_base_info` [ RunTime:0.0103s ]
SQL: SELECT `childID`,`childIcon`,`childName`,`childBirthdate`,`childSex`,`birthCity`,`fatherHeight`,`motherHeight`,`fullMonth`,`bearingAge` FROM `ch_child_base_info` WHERE ( userAccount='55555' )  [ RunTime:0.0007s ]
SQL: SHOW COLUMNS FROM `ch_measure_data` [ RunTime:0.0145s ]
SQL: SELECT `importTime`,`childID`,`childHeight`,`childWeight`,`childHeadc`,`childBMI` FROM `ch_measure_data` WHERE ( userAccount='55555' )  [ RunTime:0.0005s ]

[ 2017-05-16T21:34:16+08:00 ] 192.168.1.107 /childGrow/Mobile/login
INFO: [ app_init ] --START--
INFO: Run Behavior\BuildLiteBehavior [ RunTime:0.000020s ]
INFO: [ app_init ] --END-- [ RunTime:0.000843s ]
INFO: [ app_begin ] --START--
INFO: Run Behavior\ReadHtmlCacheBehavior [ RunTime:0.001161s ]
INFO: [ app_begin ] --END-- [ RunTime:0.001253s ]
SQL: SHOW COLUMNS FROM `ch_user` [ RunTime:0.0305s ]
SQL: SELECT * FROM `ch_user` WHERE `userAccount` = '55555' AND `userPassword` = '2952e1846b4ea765dfd0fdfcb7e21097' LIMIT 1   [ RunTime:0.0007s ]
SQL: SHOW COLUMNS FROM `ch_child_base_info` [ RunTime:0.0070s ]
SQL: SELECT `childID`,`childIcon`,`childName`,`childBirthdate`,`childSex`,`birthCity`,`fatherHeight`,`motherHeight`,`fullMonth`,`bearingAge` FROM `ch_child_base_info` WHERE ( userAccount='55555' )  [ RunTime:0.0005s ]
SQL: SHOW COLUMNS FROM `ch_measure_data` [ RunTime:0.0063s ]
SQL: SELECT `importTime`,`childID`,`childHeight`,`childWeight`,`childHeadc`,`childBMI` FROM `ch_measure_data` WHERE ( userAccount='55555' )  [ RunTime:0.0006s ]

[ 2017-05-16T21:35:40+08:00 ] 192.168.1.107 /childGrow/Mobile/login
INFO: [ app_init ] --START--
INFO: Run Behavior\BuildLiteBehavior [ RunTime:0.000016s ]
INFO: [ app_init ] --END-- [ RunTime:0.000613s ]
INFO: [ app_begin ] --START--
INFO: Run Behavior\ReadHtmlCacheBehavior [ RunTime:0.000405s ]
INFO: [ app_begin ] --END-- [ RunTime:0.000446s ]
SQL: SHOW COLUMNS FROM `ch_user` [ RunTime:0.0128s ]
SQL: SELECT * FROM `ch_user` WHERE `userAccount` = '55555' AND `userPassword` = '2952e1846b4ea765dfd0fdfcb7e21097' LIMIT 1   [ RunTime:0.0010s ]
SQL: SHOW COLUMNS FROM `ch_child_base_info` [ RunTime:0.0156s ]
SQL: SELECT `childID`,`childIcon`,`childName`,`childBirthdate`,`childSex`,`birthCity`,`fatherHeight`,`motherHeight`,`fullMonth`,`bearingAge` FROM `ch_child_base_info` WHERE ( userAccount='55555' )  [ RunTime:0.0005s ]
SQL: SHOW COLUMNS FROM `ch_measure_data` [ RunTime:0.0054s ]
SQL: SELECT `importTime`,`childID`,`childHeight`,`childWeight`,`childHeadc`,`childBMI` FROM `ch_measure_data` WHERE ( userAccount='55555' )  [ RunTime:0.0004s ]

[ 2017-05-16T21:36:56+08:00 ] 192.168.1.107 /childGrow/Mobile/login
INFO: [ app_init ] --START--
INFO: Run Behavior\BuildLiteBehavior [ RunTime:0.000020s ]
INFO: [ app_init ] --END-- [ RunTime:0.000868s ]
INFO: [ app_begin ] --START--
INFO: Run Behavior\ReadHtmlCacheBehavior [ RunTime:0.001194s ]
INFO: [ app_begin ] --END-- [ RunTime:0.001284s ]
SQL: SHOW COLUMNS FROM `ch_user` [ RunTime:0.0091s ]
SQL: SELECT * FROM `ch_user` WHERE `userAccount` = '55555' AND `userPassword` = '2952e1846b4ea765dfd0fdfcb7e21097' LIMIT 1   [ RunTime:0.0009s ]
SQL: SHOW COLUMNS FROM `ch_child_base_info` [ RunTime:0.0079s ]
SQL: SELECT `childID`,`childIcon`,`childName`,`childBirthdate`,`childSex`,`birthCity`,`fatherHeight`,`motherHeight`,`fullMonth`,`bearingAge` FROM `ch_child_base_info` WHERE ( userAccount='55555' )  [ RunTime:0.0006s ]
SQL: SHOW COLUMNS FROM `ch_measure_data` [ RunTime:0.0080s ]
SQL: SELECT `importTime`,`childID`,`childHeight`,`childWeight`,`childHeadc`,`childBMI` FROM `ch_measure_data` WHERE ( userAccount='55555' )  [ RunTime:0.0005s ]

[ 2017-05-16T21:37:19+08:00 ] 192.168.1.107 /childGrow/Mobile/login
INFO: [ app_init ] --START--
INFO: Run Behavior\BuildLiteBehavior [ RunTime:0.000022s ]
INFO: [ app_init ] --END-- [ RunTime:0.000823s ]
INFO: [ app_begin ] --START--
INFO: Run Behavior\ReadHtmlCacheBehavior [ RunTime:0.000943s ]
INFO: [ app_begin ] --END-- [ RunTime:0.001041s ]
SQL: SHOW COLUMNS FROM `ch_user` [ RunTime:0.0085s ]
SQL: SELECT * FROM `ch_user` WHERE `userAccount` = '55555' AND `userPassword` = '2952e1846b4ea765dfd0fdfcb7e21097' LIMIT 1   [ RunTime:0.0005s ]
SQL: SHOW COLUMNS FROM `ch_child_base_info` [ RunTime:0.0087s ]
SQL: SELECT `childID`,`childIcon`,`childName`,`childBirthdate`,`childSex`,`birthCity`,`fatherHeight`,`motherHeight`,`fullMonth`,`bearingAge` FROM `ch_child_base_info` WHERE ( userAccount='55555' )  [ RunTime:0.0009s ]
SQL: SHOW COLUMNS FROM `ch_measure_data` [ RunTime:0.0078s ]
SQL: SELECT `importTime`,`childID`,`childHeight`,`childWeight`,`childHeadc`,`childBMI` FROM `ch_measure_data` WHERE ( userAccount='55555' )  [ RunTime:0.0005s ]

[ 2017-05-16T21:37:58+08:00 ] 192.168.1.107 /childGrow/Mobile/login
INFO: [ app_init ] --START--
INFO: Run Behavior\BuildLiteBehavior [ RunTime:0.000009s ]
INFO: [ app_init ] --END-- [ RunTime:0.000282s ]
INFO: [ app_begin ] --START--
INFO: Run Behavior\ReadHtmlCacheBehavior [ RunTime:0.000354s ]
INFO: [ app_begin ] --END-- [ RunTime:0.000390s ]
SQL: SHOW COLUMNS FROM `ch_user` [ RunTime:0.0069s ]
SQL: SELECT * FROM `ch_user` WHERE `userAccount` = '55555' AND `userPassword` = '2952e1846b4ea765dfd0fdfcb7e21097' LIMIT 1   [ RunTime:0.0006s ]
SQL: SHOW COLUMNS FROM `ch_child_base_info` [ RunTime:0.0085s ]
SQL: SELECT `childID`,`childIcon`,`childName`,`childBirthdate`,`childSex`,`birthCity`,`fatherHeight`,`motherHeight`,`fullMonth`,`bearingAge` FROM `ch_child_base_info` WHERE ( userAccount='55555' )  [ RunTime:0.0006s ]
SQL: SHOW COLUMNS FROM `ch_measure_data` [ RunTime:0.0094s ]
SQL: SELECT `importTime`,`childID`,`childHeight`,`childWeight`,`childHeadc`,`childBMI` FROM `ch_measure_data` WHERE ( userAccount='55555' )  [ RunTime:0.0007s ]

[ 2017-05-16T21:38:33+08:00 ] 192.168.1.107 /childGrow/Mobile/login
INFO: [ app_init ] --START--
INFO: Run Behavior\BuildLiteBehavior [ RunTime:0.000009s ]
INFO: [ app_init ] --END-- [ RunTime:0.000361s ]
INFO: [ app_begin ] --START--
INFO: Run Behavior\ReadHtmlCacheBehavior [ RunTime:0.000403s ]
INFO: [ app_begin ] --END-- [ RunTime:0.000438s ]
SQL: SHOW COLUMNS FROM `ch_user` [ RunTime:0.0147s ]
SQL: SELECT * FROM `ch_user` WHERE `userAccount` = '55555' AND `userPassword` = '2952e1846b4ea765dfd0fdfcb7e21097' LIMIT 1   [ RunTime:0.0010s ]
SQL: SHOW COLUMNS FROM `ch_child_base_info` [ RunTime:0.0160s ]
SQL: SELECT `childID`,`childIcon`,`childName`,`childBirthdate`,`childSex`,`birthCity`,`fatherHeight`,`motherHeight`,`fullMonth`,`bearingAge` FROM `ch_child_base_info` WHERE ( userAccount='55555' )  [ RunTime:0.0009s ]
SQL: SHOW COLUMNS FROM `ch_measure_data` [ RunTime:0.0080s ]
SQL: SELECT `importTime`,`childID`,`childHeight`,`childWeight`,`childHeadc`,`childBMI` FROM `ch_measure_data` WHERE ( userAccount='55555' )  [ RunTime:0.0004s ]

[ 2017-05-16T21:39:47+08:00 ] 192.168.1.107 /childGrow/Mobile/login
INFO: [ app_init ] --START--
INFO: Run Behavior\BuildLiteBehavior [ RunTime:0.000018s ]
INFO: [ app_init ] --END-- [ RunTime:0.000916s ]
INFO: [ app_begin ] --START--
INFO: Run Behavior\ReadHtmlCacheBehavior [ RunTime:0.000926s ]
INFO: [ app_begin ] --END-- [ RunTime:0.001020s ]
SQL: SHOW COLUMNS FROM `ch_user` [ RunTime:0.0053s ]
SQL: SELECT * FROM `ch_user` WHERE `userAccount` = '55555' AND `userPassword` = '2952e1846b4ea765dfd0fdfcb7e21097' LIMIT 1   [ RunTime:0.0004s ]
SQL: SHOW COLUMNS FROM `ch_child_base_info` [ RunTime:0.0062s ]
SQL: SELECT `childID`,`childIcon`,`childName`,`childBirthdate`,`childSex`,`birthCity`,`fatherHeight`,`motherHeight`,`fullMonth`,`bearingAge` FROM `ch_child_base_info` WHERE ( userAccount='55555' )  [ RunTime:0.0004s ]
SQL: SHOW COLUMNS FROM `ch_measure_data` [ RunTime:0.0048s ]
SQL: SELECT `importTime`,`childID`,`childHeight`,`childWeight`,`childHeadc`,`childBMI` FROM `ch_measure_data` WHERE ( userAccount='55555' )  [ RunTime:0.0004s ]

