[ 2017-04-22T17:08:05+08:00 ] ::1 /childGrow/Mobile/childDataOrder
INFO: [ app_init ] --START--
INFO: Run Behavior\BuildLiteBehavior [ RunTime:0.000009s ]
INFO: [ app_init ] --END-- [ RunTime:0.000319s ]
INFO: [ app_begin ] --START--
INFO: Run Behavior\ReadHtmlCacheBehavior [ RunTime:0.000475s ]
INFO: [ app_begin ] --END-- [ RunTime:0.000521s ]
NOTIC: [8] Undefined index: currentLogin E:\xampp\htdocs\childGrow\Application\project\Controller\MobileController.class.php 第 294 行.
INFO: [ app_end ] --START--
INFO: Run Behavior\ShowPageTraceBehavior [ RunTime:0.009641s ]
INFO: [ app_end ] --END-- [ RunTime:0.009683s ]

[ 2017-04-22T17:08:26+08:00 ] ::1 /childGrow/mobile/test
INFO: [ app_init ] --START--
INFO: Run Behavior\BuildLiteBehavior [ RunTime:0.000009s ]
INFO: [ app_init ] --END-- [ RunTime:0.000354s ]
INFO: [ app_begin ] --START--
INFO: Run Behavior\ReadHtmlCacheBehavior [ RunTime:0.000478s ]
INFO: [ app_begin ] --END-- [ RunTime:0.000517s ]
INFO: [ view_parse ] --START--
INFO: [ template_filter ] --START--
INFO: Run Behavior\ContentReplaceBehavior [ RunTime:0.000128s ]
INFO: [ template_filter ] --END-- [ RunTime:0.000259s ]
INFO: Run Behavior\ParseTemplateBehavior [ RunTime:0.084367s ]
INFO: [ view_parse ] --END-- [ RunTime:0.084495s ]
INFO: [ view_filter ] --START--
INFO: Run Behavior\WriteHtmlCacheBehavior [ RunTime:0.027416s ]
INFO: [ view_filter ] --END-- [ RunTime:0.027566s ]
INFO: [ app_end ] --START--
INFO: Run Behavior\ShowPageTraceBehavior [ RunTime:0.002738s ]
INFO: [ app_end ] --END-- [ RunTime:0.002996s ]

[ 2017-04-22T17:08:33+08:00 ] ::1 /childGrow/mobile/childDataOrder
INFO: [ app_init ] --START--
INFO: Run Behavior\BuildLiteBehavior [ RunTime:0.000010s ]
INFO: [ app_init ] --END-- [ RunTime:0.000394s ]
INFO: [ app_begin ] --START--
INFO: Run Behavior\ReadHtmlCacheBehavior [ RunTime:0.000468s ]
INFO: [ app_begin ] --END-- [ RunTime:0.000501s ]
NOTIC: [8] Undefined index: currentLogin E:\xampp\htdocs\childGrow\Application\project\Controller\MobileController.class.php 第 294 行.
SQL: SHOW COLUMNS FROM `ch_measure_data` [ RunTime:0.0213s ]
SQL: SELECT `childAge`,`childHeight`,`childWeight`,`childHeadc`,`childBMI` FROM `ch_measure_data` WHERE ( importTime='2005-04-20'and childID='88888888' )  [ RunTime:0.0013s ]
ERR: 1054:Unknown column 'childAge.childHeight' in 'where clause'
 [ SQL语句 ] : SELECT * FROM `ch_measure_data` WHERE ( (childAge-'1527' between -180 and 180) and childHeight>.childAge.childHeight ) 
ERR: 1054:Unknown column 'childAge.childHeight' in 'where clause'
 [ SQL语句 ] : SELECT * FROM `ch_measure_data` WHERE ( (childAge-'1527' between -180 and 180) and childHeight>.childAge.childHeight ) 

[ 2017-04-22T17:12:07+08:00 ] ::1 /childGrow/mobile/childDataOrder
INFO: [ app_init ] --START--
INFO: Run Behavior\BuildLiteBehavior [ RunTime:0.000010s ]
INFO: [ app_init ] --END-- [ RunTime:0.000388s ]
INFO: [ app_begin ] --START--
INFO: Run Behavior\ReadHtmlCacheBehavior [ RunTime:0.000482s ]
INFO: [ app_begin ] --END-- [ RunTime:0.000522s ]
NOTIC: [8] Undefined index: currentLogin E:\xampp\htdocs\childGrow\Application\project\Controller\MobileController.class.php 第 294 行.
SQL: SHOW COLUMNS FROM `ch_measure_data` [ RunTime:0.0077s ]
SQL: SELECT `childAge`,`childHeight`,`childWeight`,`childHeadc`,`childBMI` FROM `ch_measure_data` WHERE ( importTime='2005-04-20'and childID='88888888' )  [ RunTime:0.0005s ]
INFO: [ app_end ] --START--
INFO: Run Behavior\ShowPageTraceBehavior [ RunTime:0.001083s ]
INFO: [ app_end ] --END-- [ RunTime:0.001148s ]

[ 2017-04-22T17:12:32+08:00 ] ::1 /childGrow/Mobile/childDataOrder
INFO: [ app_init ] --START--
INFO: Run Behavior\BuildLiteBehavior [ RunTime:0.000009s ]
INFO: [ app_init ] --END-- [ RunTime:0.000338s ]
INFO: [ app_begin ] --START--
INFO: Run Behavior\ReadHtmlCacheBehavior [ RunTime:0.000388s ]
INFO: [ app_begin ] --END-- [ RunTime:0.000419s ]
NOTIC: [8] Undefined index: currentLogin E:\xampp\htdocs\childGrow\Application\project\Controller\MobileController.class.php 第 294 行.
INFO: [ app_end ] --START--
INFO: Run Behavior\ShowPageTraceBehavior [ RunTime:0.000396s ]
INFO: [ app_end ] --END-- [ RunTime:0.000425s ]

[ 2017-04-22T17:14:42+08:00 ] ::1 /childGrow/mobile/childDataOrder
INFO: [ app_init ] --START--
INFO: Run Behavior\BuildLiteBehavior [ RunTime:0.000010s ]
INFO: [ app_init ] --END-- [ RunTime:0.000318s ]
INFO: [ app_begin ] --START--
INFO: Run Behavior\ReadHtmlCacheBehavior [ RunTime:0.000530s ]
INFO: [ app_begin ] --END-- [ RunTime:0.000578s ]
NOTIC: [8] Undefined index: currentLogin E:\xampp\htdocs\childGrow\Application\project\Controller\MobileController.class.php 第 294 行.
SQL: SHOW COLUMNS FROM `ch_measure_data` [ RunTime:0.0157s ]
SQL: SELECT `childAge`,`childHeight`,`childWeight`,`childHeadc`,`childBMI` FROM `ch_measure_data` WHERE ( importTime='2017-04-17'and childID='88888888' )  [ RunTime:0.0010s ]
INFO: [ app_end ] --START--
INFO: Run Behavior\ShowPageTraceBehavior [ RunTime:0.002209s ]
INFO: [ app_end ] --END-- [ RunTime:0.002431s ]

[ 2017-04-22T17:16:12+08:00 ] ::1 /childGrow/mobile/childDataOrder
INFO: [ app_init ] --START--
INFO: Run Behavior\BuildLiteBehavior [ RunTime:0.000009s ]
INFO: [ app_init ] --END-- [ RunTime:0.000316s ]
INFO: [ app_begin ] --START--
INFO: Run Behavior\ReadHtmlCacheBehavior [ RunTime:0.000524s ]
INFO: [ app_begin ] --END-- [ RunTime:0.000580s ]
NOTIC: [8] Undefined index: currentLogin E:\xampp\htdocs\childGrow\Application\project\Controller\MobileController.class.php 第 294 行.
SQL: SHOW COLUMNS FROM `ch_measure_data` [ RunTime:0.0289s ]
SQL: SELECT `childAge`,`childHeight`,`childWeight`,`childHeadc`,`childBMI` FROM `ch_measure_data` WHERE ( importTime='2017-04-17'and childID='88888888' )  [ RunTime:0.0007s ]
NOTIC: [8] Array to string conversion E:\xampp\htdocs\childGrow\Application\project\Controller\MobileController.class.php 第 299 行.
ERR: 1054:Unknown column 'Array.childAge.childHeight' in 'where clause'
 [ SQL语句 ] : SELECT * FROM `ch_measure_data` WHERE ( (childAge-'2925' between -180 and 180) and childHeight>Array.childAge.childHeight ) 
ERR: 1054:Unknown column 'Array.childAge.childHeight' in 'where clause'
 [ SQL语句 ] : SELECT * FROM `ch_measure_data` WHERE ( (childAge-'2925' between -180 and 180) and childHeight>Array.childAge.childHeight ) 

[ 2017-04-22T17:17:01+08:00 ] ::1 /childGrow/mobile/childDataOrder
INFO: [ app_init ] --START--
INFO: Run Behavior\BuildLiteBehavior [ RunTime:0.000020s ]
INFO: [ app_init ] --END-- [ RunTime:0.000709s ]
INFO: [ app_begin ] --START--
INFO: Run Behavior\ReadHtmlCacheBehavior [ RunTime:0.000546s ]
INFO: [ app_begin ] --END-- [ RunTime:0.000609s ]
NOTIC: [8] Undefined index: currentLogin E:\xampp\htdocs\childGrow\Application\project\Controller\MobileController.class.php 第 294 行.
SQL: SHOW COLUMNS FROM `ch_measure_data` [ RunTime:0.0133s ]
SQL: SELECT `childAge`,`childHeight`,`childWeight`,`childHeadc`,`childBMI` FROM `ch_measure_data` WHERE ( importTime='2017-04-17'and childID='88888888' )  [ RunTime:0.0008s ]
NOTIC: [8] Undefined offset: 0 E:\xampp\htdocs\childGrow\Application\project\Controller\MobileController.class.php 第 299 行.
ERR: 1054:Unknown column 'childAge.childHeight' in 'where clause'
 [ SQL语句 ] : SELECT * FROM `ch_measure_data` WHERE ( (childAge-'2925' between -180 and 180) and childHeight>.childAge.childHeight ) 
ERR: 1054:Unknown column 'childAge.childHeight' in 'where clause'
 [ SQL语句 ] : SELECT * FROM `ch_measure_data` WHERE ( (childAge-'2925' between -180 and 180) and childHeight>.childAge.childHeight ) 

[ 2017-04-22T17:17:32+08:00 ] ::1 /childGrow/mobile/childDataOrder
INFO: [ app_init ] --START--
INFO: Run Behavior\BuildLiteBehavior [ RunTime:0.000008s ]
INFO: [ app_init ] --END-- [ RunTime:0.000311s ]
INFO: [ app_begin ] --START--
INFO: Run Behavior\ReadHtmlCacheBehavior [ RunTime:0.000395s ]
INFO: [ app_begin ] --END-- [ RunTime:0.000427s ]
NOTIC: [8] Undefined index: currentLogin E:\xampp\htdocs\childGrow\Application\project\Controller\MobileController.class.php 第 294 行.
SQL: SHOW COLUMNS FROM `ch_measure_data` [ RunTime:0.0106s ]
SQL: SELECT `childAge`,`childHeight`,`childWeight`,`childHeadc`,`childBMI` FROM `ch_measure_data` WHERE ( importTime='2017-04-17'and childID='88888888' )  [ RunTime:0.0007s ]
INFO: [ app_end ] --START--
INFO: Run Behavior\ShowPageTraceBehavior [ RunTime:0.001269s ]
INFO: [ app_end ] --END-- [ RunTime:0.001344s ]

[ 2017-04-22T17:19:05+08:00 ] ::1 /childGrow/mobile/childDataOrder
INFO: [ app_init ] --START--
INFO: Run Behavior\BuildLiteBehavior [ RunTime:0.000008s ]
INFO: [ app_init ] --END-- [ RunTime:0.000298s ]
INFO: [ app_begin ] --START--
INFO: Run Behavior\ReadHtmlCacheBehavior [ RunTime:0.000578s ]
INFO: [ app_begin ] --END-- [ RunTime:0.000645s ]
NOTIC: [8] Undefined index: currentLogin E:\xampp\htdocs\childGrow\Application\project\Controller\MobileController.class.php 第 294 行.
SQL: SHOW COLUMNS FROM `ch_measure_data` [ RunTime:0.0145s ]
SQL: SELECT `childAge`,`childHeight`,`childWeight`,`childHeadc`,`childBMI` FROM `ch_measure_data` WHERE ( importTime='2017-04-17'and childID='88888888' )  [ RunTime:0.0006s ]
NOTIC: [8] Array to string conversion E:\xampp\htdocs\childGrow\Application\project\Controller\MobileController.class.php 第 299 行.
ERR: 1054:Unknown column 'Array.childAge.childHeight' in 'where clause'
 [ SQL语句 ] : SELECT * FROM `ch_measure_data` WHERE ( (childAge-'2925' between -180 and 180) and childHeight>Array.childAge.childHeight ) 
ERR: 1054:Unknown column 'Array.childAge.childHeight' in 'where clause'
 [ SQL语句 ] : SELECT * FROM `ch_measure_data` WHERE ( (childAge-'2925' between -180 and 180) and childHeight>Array.childAge.childHeight ) 

[ 2017-04-22T17:19:43+08:00 ] ::1 /childGrow/mobile/childDataOrder
INFO: [ app_init ] --START--
INFO: Run Behavior\BuildLiteBehavior [ RunTime:0.000010s ]
INFO: [ app_init ] --END-- [ RunTime:0.000316s ]
INFO: [ app_begin ] --START--
INFO: Run Behavior\ReadHtmlCacheBehavior [ RunTime:0.000467s ]
INFO: [ app_begin ] --END-- [ RunTime:0.000516s ]
NOTIC: [8] Undefined index: currentLogin E:\xampp\htdocs\childGrow\Application\project\Controller\MobileController.class.php 第 294 行.
SQL: SHOW COLUMNS FROM `ch_measure_data` [ RunTime:0.0152s ]
SQL: SELECT `childAge`,`childHeight`,`childWeight`,`childHeadc`,`childBMI` FROM `ch_measure_data` WHERE ( importTime='2017-04-17'and childID='88888888' )  [ RunTime:0.0013s ]
INFO: [ app_end ] --START--
INFO: Run Behavior\ShowPageTraceBehavior [ RunTime:0.002618s ]
INFO: [ app_end ] --END-- [ RunTime:0.002803s ]

[ 2017-04-22T17:19:57+08:00 ] ::1 /childGrow/mobile/childDataOrder
INFO: [ app_init ] --START--
INFO: Run Behavior\BuildLiteBehavior [ RunTime:0.000009s ]
INFO: [ app_init ] --END-- [ RunTime:0.000342s ]
INFO: [ app_begin ] --START--
INFO: Run Behavior\ReadHtmlCacheBehavior [ RunTime:0.001183s ]
INFO: [ app_begin ] --END-- [ RunTime:0.001290s ]
NOTIC: [8] Undefined index: currentLogin E:\xampp\htdocs\childGrow\Application\project\Controller\MobileController.class.php 第 294 行.
SQL: SHOW COLUMNS FROM `ch_measure_data` [ RunTime:0.0080s ]
SQL: SELECT `childAge`,`childHeight`,`childWeight`,`childHeadc`,`childBMI` FROM `ch_measure_data` WHERE ( importTime='2017-04-17'and childID='88888888' )  [ RunTime:0.0007s ]
NOTIC: [8] Array to string conversion E:\xampp\htdocs\childGrow\Application\project\Controller\MobileController.class.php 第 299 行.
ERR: 1054:Unknown column 'Array.childAge.childHeight' in 'where clause'
 [ SQL语句 ] : SELECT * FROM `ch_measure_data` WHERE ( (childAge-'2925' between -180 and 180) and childHeight>Array.childAge.childHeight ) 
ERR: 1054:Unknown column 'Array.childAge.childHeight' in 'where clause'
 [ SQL语句 ] : SELECT * FROM `ch_measure_data` WHERE ( (childAge-'2925' between -180 and 180) and childHeight>Array.childAge.childHeight ) 

[ 2017-04-22T17:24:39+08:00 ] ::1 /childGrow/mobile/childDataOrder
INFO: [ app_init ] --START--
INFO: Run Behavior\BuildLiteBehavior [ RunTime:0.000014s ]
INFO: [ app_init ] --END-- [ RunTime:0.000474s ]
INFO: [ app_begin ] --START--
INFO: Run Behavior\ReadHtmlCacheBehavior [ RunTime:0.000547s ]
INFO: [ app_begin ] --END-- [ RunTime:0.000593s ]
NOTIC: [8] Undefined index: currentLogin E:\xampp\htdocs\childGrow\Application\project\Controller\MobileController.class.php 第 294 行.
SQL: SHOW COLUMNS FROM `ch_measure_data` [ RunTime:0.0100s ]
SQL: SELECT `childAge`,`childHeight`,`childWeight`,`childHeadc`,`childBMI` FROM `ch_measure_data` WHERE ( importTime='2017-04-17'and childID='88888888' )  [ RunTime:0.0010s ]
NOTIC: [8] Undefined index: childAge E:\xampp\htdocs\childGrow\Application\project\Controller\MobileController.class.php 第 299 行.
ERR: 1064:You have an error in your SQL syntax; check the manual that corresponds to your MySQL server version for the right syntax to use near '[childHeight] )' at line 1
 [ SQL语句 ] : SELECT * FROM `ch_measure_data` WHERE ( (childAge-'2925' between -180 and 180) and childHeight>[childHeight] ) 
ERR: 1064:You have an error in your SQL syntax; check the manual that corresponds to your MySQL server version for the right syntax to use near '[childHeight] )' at line 1
 [ SQL语句 ] : SELECT * FROM `ch_measure_data` WHERE ( (childAge-'2925' between -180 and 180) and childHeight>[childHeight] ) 

[ 2017-04-22T17:25:57+08:00 ] ::1 /childGrow/mobile/childDataOrder
INFO: [ app_init ] --START--
INFO: Run Behavior\BuildLiteBehavior [ RunTime:0.000009s ]
INFO: [ app_init ] --END-- [ RunTime:0.000376s ]
INFO: [ app_begin ] --START--
INFO: Run Behavior\ReadHtmlCacheBehavior [ RunTime:0.000748s ]
INFO: [ app_begin ] --END-- [ RunTime:0.000830s ]
NOTIC: [8] Undefined index: currentLogin E:\xampp\htdocs\childGrow\Application\project\Controller\MobileController.class.php 第 294 行.
SQL: SHOW COLUMNS FROM `ch_measure_data` [ RunTime:0.0175s ]
SQL: SELECT `childAge`,`childHeight`,`childWeight`,`childHeadc`,`childBMI` FROM `ch_measure_data` WHERE ( importTime='2017-04-17'and childID='88888888' )  [ RunTime:0.0011s ]
NOTIC: [8] Undefined index: childAge E:\xampp\htdocs\childGrow\Application\project\Controller\MobileController.class.php 第 299 行.
ERR: 1064:You have an error in your SQL syntax; check the manual that corresponds to your MySQL server version for the right syntax to use near '['childHeight'] )' at line 1
 [ SQL语句 ] : SELECT * FROM `ch_measure_data` WHERE ( (childAge-'2925' between -180 and 180) and childHeight>['childHeight'] ) 
ERR: 1064:You have an error in your SQL syntax; check the manual that corresponds to your MySQL server version for the right syntax to use near '['childHeight'] )' at line 1
 [ SQL语句 ] : SELECT * FROM `ch_measure_data` WHERE ( (childAge-'2925' between -180 and 180) and childHeight>['childHeight'] ) 

[ 2017-04-22T17:27:02+08:00 ] ::1 /childGrow/mobile/childDataOrder
INFO: [ app_init ] --START--
INFO: Run Behavior\BuildLiteBehavior [ RunTime:0.000011s ]
INFO: [ app_init ] --END-- [ RunTime:0.000377s ]
INFO: [ app_begin ] --START--
INFO: Run Behavior\ReadHtmlCacheBehavior [ RunTime:0.000580s ]
INFO: [ app_begin ] --END-- [ RunTime:0.000635s ]
NOTIC: [8] Undefined index: currentLogin E:\xampp\htdocs\childGrow\Application\project\Controller\MobileController.class.php 第 294 行.
SQL: SHOW COLUMNS FROM `ch_measure_data` [ RunTime:0.0081s ]
SQL: SELECT `childAge`,`childHeight`,`childWeight`,`childHeadc`,`childBMI` FROM `ch_measure_data` WHERE ( importTime='2017-04-17'and childID='88888888' )  [ RunTime:0.0004s ]
NOTIC: [8] Undefined index: childAge E:\xampp\htdocs\childGrow\Application\project\Controller\MobileController.class.php 第 299 行.
ERR: 1064:You have an error in your SQL syntax; check the manual that corresponds to your MySQL server version for the right syntax to use near '['childHeight'] )' at line 1
 [ SQL语句 ] : SELECT * FROM `ch_measure_data` WHERE ( (childAge-'2925' between -180 and 180) and childHeight>['childHeight'] ) 
ERR: 1064:You have an error in your SQL syntax; check the manual that corresponds to your MySQL server version for the right syntax to use near '['childHeight'] )' at line 1
 [ SQL语句 ] : SELECT * FROM `ch_measure_data` WHERE ( (childAge-'2925' between -180 and 180) and childHeight>['childHeight'] ) 

[ 2017-04-22T17:28:51+08:00 ] ::1 /childGrow/mobile/childDataOrder
INFO: [ app_init ] --START--
INFO: Run Behavior\BuildLiteBehavior [ RunTime:0.000009s ]
INFO: [ app_init ] --END-- [ RunTime:0.000354s ]
INFO: [ app_begin ] --START--
INFO: Run Behavior\ReadHtmlCacheBehavior [ RunTime:0.000510s ]
INFO: [ app_begin ] --END-- [ RunTime:0.000547s ]
NOTIC: [8] Undefined index: currentLogin E:\xampp\htdocs\childGrow\Application\project\Controller\MobileController.class.php 第 294 行.
SQL: SHOW COLUMNS FROM `ch_measure_data` [ RunTime:0.0125s ]
SQL: SELECT `childAge`,`childHeight`,`childWeight`,`childHeadc`,`childBMI` FROM `ch_measure_data` WHERE ( importTime='2017-04-17'and childID='88888888' )  [ RunTime:0.0009s ]
NOTIC: [8] Array to string conversion E:\xampp\htdocs\childGrow\Application\project\Controller\MobileController.class.php 第 299 行.
ERR: 1054:Unknown column 'Array.childAge.childHeight' in 'where clause'
 [ SQL语句 ] : SELECT * FROM `ch_measure_data` WHERE ( (childAge-'2925' between -180 and 180) and childHeight>Array.childAge.childHeight ) 
ERR: 1054:Unknown column 'Array.childAge.childHeight' in 'where clause'
 [ SQL语句 ] : SELECT * FROM `ch_measure_data` WHERE ( (childAge-'2925' between -180 and 180) and childHeight>Array.childAge.childHeight ) 

[ 2017-04-22T17:29:25+08:00 ] ::1 /childGrow/mobile/childDataOrder
INFO: [ app_init ] --START--
INFO: Run Behavior\BuildLiteBehavior [ RunTime:0.000014s ]
INFO: [ app_init ] --END-- [ RunTime:0.000383s ]
INFO: [ app_begin ] --START--
INFO: Run Behavior\ReadHtmlCacheBehavior [ RunTime:0.000489s ]
INFO: [ app_begin ] --END-- [ RunTime:0.000530s ]
NOTIC: [8] Undefined index: currentLogin E:\xampp\htdocs\childGrow\Application\project\Controller\MobileController.class.php 第 294 行.
SQL: SHOW COLUMNS FROM `ch_measure_data` [ RunTime:0.0193s ]
SQL: SELECT `childAge`,`childHeight`,`childWeight`,`childHeadc`,`childBMI` FROM `ch_measure_data` WHERE ( importTime='2017-04-17'and childID='88888888' )  [ RunTime:0.0005s ]
NOTIC: [8] Array to string conversion E:\xampp\htdocs\childGrow\Application\project\Controller\MobileController.class.php 第 299 行.
ERR: 1064:You have an error in your SQL syntax; check the manual that corresponds to your MySQL server version for the right syntax to use near '=>childAge=>childHeight )' at line 1
 [ SQL语句 ] : SELECT * FROM `ch_measure_data` WHERE ( (childAge-'2925' between -180 and 180) and childHeight>Array=>childAge=>childHeight ) 
ERR: 1064:You have an error in your SQL syntax; check the manual that corresponds to your MySQL server version for the right syntax to use near '=>childAge=>childHeight )' at line 1
 [ SQL语句 ] : SELECT * FROM `ch_measure_data` WHERE ( (childAge-'2925' between -180 and 180) and childHeight>Array=>childAge=>childHeight ) 

