[ 2017-04-14T15:26:06+08:00 ] 192.168.1.118 /childGrow/Mobile/login
INFO: [ app_init ] --START--
INFO: Run Behavior\BuildLiteBehavior [ RunTime:0.000033s ]
INFO: [ app_init ] --END-- [ RunTime:0.001471s ]
INFO: [ app_begin ] --START--
INFO: Run Behavior\ReadHtmlCacheBehavior [ RunTime:0.001813s ]
INFO: [ app_begin ] --END-- [ RunTime:0.001965s ]
SQL: SHOW COLUMNS FROM `ch_user` [ RunTime:0.0121s ]
SQL: SELECT * FROM `ch_user` WHERE `userAccount` = '123456' AND `userPassword` = 'ef915029557d46f6bb0e812e74cb1a28' LIMIT 1   [ RunTime:0.0012s ]
SQL: SHOW COLUMNS FROM `ch_child_base_info` [ RunTime:0.0100s ]
SQL: SELECT `childID`,`childIcon`,`childName`,`childBirthdate`,`childSex` FROM `ch_child_base_info` WHERE ( userAccount='123456' )  [ RunTime:0.0009s ]
SQL: SHOW COLUMNS FROM `ch_measure_data` [ RunTime:0.0101s ]
SQL: SELECT `childHeight`,`childWeight`,`childHeadc`,`childBMI`,`importTime` FROM `ch_measure_data` WHERE ( userAccount='123456' )  [ RunTime:0.0008s ]

[ 2017-04-14T15:27:43+08:00 ] 192.168.1.118 /childGrow/Mobile/dataAdd
INFO: [ app_init ] --START--
INFO: Run Behavior\BuildLiteBehavior [ RunTime:0.000018s ]
INFO: [ app_init ] --END-- [ RunTime:0.000704s ]
INFO: [ app_begin ] --START--
INFO: Run Behavior\ReadHtmlCacheBehavior [ RunTime:0.000831s ]
INFO: [ app_begin ] --END-- [ RunTime:0.000905s ]
SQL: SHOW COLUMNS FROM `ch_measure_data` [ RunTime:0.0117s ]
SQL: INSERT INTO `ch_measure_data` (`importTime`,`userAccount`,`childID`,`childHeight`) VALUES ('2017年4月13日','123456','88888888','106') [ RunTime:0.0356s ]

[ 2017-04-14T15:28:22+08:00 ] 192.168.1.118 /childGrow/Mobile/login
INFO: [ app_init ] --START--
INFO: Run Behavior\BuildLiteBehavior [ RunTime:0.000013s ]
INFO: [ app_init ] --END-- [ RunTime:0.000611s ]
INFO: [ app_begin ] --START--
INFO: Run Behavior\ReadHtmlCacheBehavior [ RunTime:0.000771s ]
INFO: [ app_begin ] --END-- [ RunTime:0.000831s ]
SQL: SHOW COLUMNS FROM `ch_user` [ RunTime:0.0095s ]
SQL: SELECT * FROM `ch_user` WHERE `userAccount` = '123456' AND `userPassword` = 'ef915029557d46f6bb0e812e74cb1a28' LIMIT 1   [ RunTime:0.0009s ]
SQL: SHOW COLUMNS FROM `ch_child_base_info` [ RunTime:0.0104s ]
SQL: SELECT `childID`,`childIcon`,`childName`,`childBirthdate`,`childSex` FROM `ch_child_base_info` WHERE ( userAccount='123456' )  [ RunTime:0.0008s ]
SQL: SHOW COLUMNS FROM `ch_measure_data` [ RunTime:0.0079s ]
SQL: SELECT `childHeight`,`childWeight`,`childHeadc`,`childBMI`,`importTime` FROM `ch_measure_data` WHERE ( userAccount='123456' )  [ RunTime:0.0004s ]

[ 2017-04-14T15:35:42+08:00 ] 192.168.1.118 /childGrow/Mobile/login
INFO: [ app_init ] --START--
INFO: Run Behavior\BuildLiteBehavior [ RunTime:0.000034s ]
INFO: [ app_init ] --END-- [ RunTime:0.001363s ]
INFO: [ app_begin ] --START--
INFO: Run Behavior\ReadHtmlCacheBehavior [ RunTime:0.001755s ]
INFO: [ app_begin ] --END-- [ RunTime:0.001904s ]
SQL: SHOW COLUMNS FROM `ch_user` [ RunTime:0.0095s ]
SQL: SELECT * FROM `ch_user` WHERE `userAccount` = '123456' AND `userPassword` = 'ef915029557d46f6bb0e812e74cb1a28' LIMIT 1   [ RunTime:0.0010s ]
SQL: SHOW COLUMNS FROM `ch_child_base_info` [ RunTime:0.0060s ]
SQL: SELECT `childID`,`childIcon`,`childName`,`childBirthdate`,`childSex` FROM `ch_child_base_info` WHERE ( userAccount='123456' )  [ RunTime:0.0005s ]
SQL: SHOW COLUMNS FROM `ch_measure_data` [ RunTime:0.0061s ]
SQL: SELECT `childHeight`,`childWeight`,`childHeadc`,`childBMI`,`importTime` FROM `ch_measure_data` WHERE ( userAccount='123456' )  [ RunTime:0.0005s ]

[ 2017-04-14T15:39:04+08:00 ] 192.168.1.118 /childGrow/Mobile/login
INFO: [ app_init ] --START--
INFO: Run Behavior\BuildLiteBehavior [ RunTime:0.000015s ]
INFO: [ app_init ] --END-- [ RunTime:0.000622s ]
INFO: [ app_begin ] --START--
INFO: Run Behavior\ReadHtmlCacheBehavior [ RunTime:0.000779s ]
INFO: [ app_begin ] --END-- [ RunTime:0.000844s ]
SQL: SHOW COLUMNS FROM `ch_user` [ RunTime:0.0142s ]
SQL: SELECT * FROM `ch_user` WHERE `userAccount` = '123456' AND `userPassword` = 'ef915029557d46f6bb0e812e74cb1a28' LIMIT 1   [ RunTime:0.0012s ]
SQL: SHOW COLUMNS FROM `ch_child_base_info` [ RunTime:0.0111s ]
SQL: SELECT `childID`,`childIcon`,`childName`,`childBirthdate`,`childSex` FROM `ch_child_base_info` WHERE ( userAccount='123456' )  [ RunTime:0.0008s ]
SQL: SHOW COLUMNS FROM `ch_measure_data` [ RunTime:0.0093s ]
SQL: SELECT `childHeight`,`childWeight`,`childHeadc`,`childBMI`,`importTime` FROM `ch_measure_data` WHERE ( userAccount='123456' )  [ RunTime:0.0008s ]

[ 2017-04-14T15:40:49+08:00 ] 192.168.1.118 /childGrow/Mobile/login
INFO: [ app_init ] --START--
INFO: Run Behavior\BuildLiteBehavior [ RunTime:0.000034s ]
INFO: [ app_init ] --END-- [ RunTime:0.001329s ]
INFO: [ app_begin ] --START--
INFO: Run Behavior\ReadHtmlCacheBehavior [ RunTime:0.001535s ]
INFO: [ app_begin ] --END-- [ RunTime:0.001683s ]
SQL: SHOW COLUMNS FROM `ch_user` [ RunTime:0.0126s ]
SQL: SELECT * FROM `ch_user` WHERE `userAccount` = '123456' AND `userPassword` = 'ef915029557d46f6bb0e812e74cb1a28' LIMIT 1   [ RunTime:0.0014s ]
SQL: SHOW COLUMNS FROM `ch_child_base_info` [ RunTime:0.0104s ]
SQL: SELECT `childID`,`childIcon`,`childName`,`childBirthdate`,`childSex` FROM `ch_child_base_info` WHERE ( userAccount='123456' )  [ RunTime:0.0008s ]
SQL: SHOW COLUMNS FROM `ch_measure_data` [ RunTime:0.0094s ]
SQL: SELECT `childHeight`,`childWeight`,`childHeadc`,`childBMI`,`importTime` FROM `ch_measure_data` WHERE ( userAccount='123456' )  [ RunTime:0.0008s ]

[ 2017-04-14T15:43:14+08:00 ] 192.168.1.118 /childGrow/Mobile/dataEdit
INFO: [ app_init ] --START--
INFO: Run Behavior\BuildLiteBehavior [ RunTime:0.000040s ]
INFO: [ app_init ] --END-- [ RunTime:0.001387s ]
INFO: [ app_begin ] --START--
INFO: Run Behavior\ReadHtmlCacheBehavior [ RunTime:0.001040s ]
INFO: [ app_begin ] --END-- [ RunTime:0.001126s ]
SQL: SHOW COLUMNS FROM `ch_measure_data` [ RunTime:0.0101s ]
NOTIC: [2] Illegal offset type in isset or empty E:\xampp\htdocs\childGrow\ThinkPHP\Library\Think\Model.class.php 第 445 行.
ERR: 1054:Unknown column 'account' in 'where clause'
 [ SQL语句 ] : UPDATE `ch_measure_data` SET `childHeight`='118.9' WHERE ( account='88888888'and importTime='2017年4月13日' )
ERR: 1054:Unknown column 'account' in 'where clause'
 [ SQL语句 ] : UPDATE `ch_measure_data` SET `childHeight`='118.9' WHERE ( account='88888888'and importTime='2017年4月13日' )

[ 2017-04-14T15:43:15+08:00 ] 192.168.1.118 /childGrow/Mobile/dataAdd
INFO: [ app_init ] --START--
INFO: Run Behavior\BuildLiteBehavior [ RunTime:0.000019s ]
INFO: [ app_init ] --END-- [ RunTime:0.000779s ]
INFO: [ app_begin ] --START--
INFO: Run Behavior\ReadHtmlCacheBehavior [ RunTime:0.001031s ]
INFO: [ app_begin ] --END-- [ RunTime:0.001119s ]
SQL: SHOW COLUMNS FROM `ch_measure_data` [ RunTime:0.0096s ]
ERR: 1062:Duplicate entry '88888888-2017年4月13日' for key 'PRIMARY'
 [ SQL语句 ] : INSERT INTO `ch_measure_data` (`importTime`,`userAccount`,`childID`,`childHeight`) VALUES ('2017年4月13日','123456','88888888','118.9')
ERR: 1062:Duplicate entry '88888888-2017年4月13日' for key 'PRIMARY'
 [ SQL语句 ] : INSERT INTO `ch_measure_data` (`importTime`,`userAccount`,`childID`,`childHeight`) VALUES ('2017年4月13日','123456','88888888','118.9')

[ 2017-04-14T15:55:28+08:00 ] 192.168.1.118 /childGrow/Mobile/login
INFO: [ app_init ] --START--
INFO: Run Behavior\BuildLiteBehavior [ RunTime:0.000035s ]
INFO: [ app_init ] --END-- [ RunTime:0.001378s ]
INFO: [ app_begin ] --START--
INFO: Run Behavior\ReadHtmlCacheBehavior [ RunTime:0.001807s ]
INFO: [ app_begin ] --END-- [ RunTime:0.001966s ]
SQL: SHOW COLUMNS FROM `ch_user` [ RunTime:0.0127s ]
SQL: SELECT * FROM `ch_user` WHERE `userAccount` = '123456' AND `userPassword` = 'ef915029557d46f6bb0e812e74cb1a28' LIMIT 1   [ RunTime:0.0010s ]
SQL: SHOW COLUMNS FROM `ch_child_base_info` [ RunTime:0.0103s ]
SQL: SELECT `childID`,`childIcon`,`childName`,`childBirthdate`,`childSex` FROM `ch_child_base_info` WHERE ( userAccount='123456' )  [ RunTime:0.0008s ]
SQL: SHOW COLUMNS FROM `ch_measure_data` [ RunTime:0.0106s ]
SQL: SELECT `childHeight`,`childWeight`,`childHeadc`,`childBMI`,`importTime` FROM `ch_measure_data` WHERE ( userAccount='123456' )  [ RunTime:0.0008s ]

[ 2017-04-14T15:57:18+08:00 ] 192.168.1.118 /childGrow/Mobile/dataEdit
INFO: [ app_init ] --START--
INFO: Run Behavior\BuildLiteBehavior [ RunTime:0.000018s ]
INFO: [ app_init ] --END-- [ RunTime:0.000641s ]
INFO: [ app_begin ] --START--
INFO: Run Behavior\ReadHtmlCacheBehavior [ RunTime:0.000743s ]
INFO: [ app_begin ] --END-- [ RunTime:0.000818s ]
SQL: SHOW COLUMNS FROM `ch_measure_data` [ RunTime:0.0103s ]
NOTIC: [2] Illegal offset type in isset or empty E:\xampp\htdocs\childGrow\ThinkPHP\Library\Think\Model.class.php 第 445 行.
ERR: 1054:Unknown column 'account' in 'where clause'
 [ SQL语句 ] : UPDATE `ch_measure_data` SET `childHeight`='98.3' WHERE ( account='88888888'and importTime='2017年4月13日' )
ERR: 1054:Unknown column 'account' in 'where clause'
 [ SQL语句 ] : UPDATE `ch_measure_data` SET `childHeight`='98.3' WHERE ( account='88888888'and importTime='2017年4月13日' )

[ 2017-04-14T15:57:19+08:00 ] 192.168.1.118 /childGrow/Mobile/dataAdd
INFO: [ app_init ] --START--
INFO: Run Behavior\BuildLiteBehavior [ RunTime:0.000018s ]
INFO: [ app_init ] --END-- [ RunTime:0.000664s ]
INFO: [ app_begin ] --START--
INFO: Run Behavior\ReadHtmlCacheBehavior [ RunTime:0.000864s ]
INFO: [ app_begin ] --END-- [ RunTime:0.000938s ]
SQL: SHOW COLUMNS FROM `ch_measure_data` [ RunTime:0.0043s ]
ERR: 1062:Duplicate entry '88888888-2017年4月13日' for key 'PRIMARY'
 [ SQL语句 ] : INSERT INTO `ch_measure_data` (`importTime`,`userAccount`,`childID`,`childHeight`) VALUES ('2017年4月13日','123456','88888888','98.3')
ERR: 1062:Duplicate entry '88888888-2017年4月13日' for key 'PRIMARY'
 [ SQL语句 ] : INSERT INTO `ch_measure_data` (`importTime`,`userAccount`,`childID`,`childHeight`) VALUES ('2017年4月13日','123456','88888888','98.3')

[ 2017-04-14T15:58:34+08:00 ] 192.168.1.118 /childGrow/Mobile/dataEdit
INFO: [ app_init ] --START--
INFO: Run Behavior\BuildLiteBehavior [ RunTime:0.000009s ]
INFO: [ app_init ] --END-- [ RunTime:0.000294s ]
INFO: [ app_begin ] --START--
INFO: Run Behavior\ReadHtmlCacheBehavior [ RunTime:0.000538s ]
INFO: [ app_begin ] --END-- [ RunTime:0.000589s ]
SQL: SHOW COLUMNS FROM `ch_measure_data` [ RunTime:0.0103s ]
NOTIC: [2] Illegal offset type in isset or empty E:\xampp\htdocs\childGrow\ThinkPHP\Library\Think\Model.class.php 第 445 行.
ERR: 1054:Unknown column 'account' in 'where clause'
 [ SQL语句 ] : UPDATE `ch_measure_data` SET `childHeight`='112.2' WHERE ( account='88888888'and importTime='2017年4月13日' )
ERR: 1054:Unknown column 'account' in 'where clause'
 [ SQL语句 ] : UPDATE `ch_measure_data` SET `childHeight`='112.2' WHERE ( account='88888888'and importTime='2017年4月13日' )

[ 2017-04-14T15:58:35+08:00 ] 192.168.1.118 /childGrow/Mobile/dataAdd
INFO: [ app_init ] --START--
INFO: Run Behavior\BuildLiteBehavior [ RunTime:0.000009s ]
INFO: [ app_init ] --END-- [ RunTime:0.000368s ]
INFO: [ app_begin ] --START--
INFO: Run Behavior\ReadHtmlCacheBehavior [ RunTime:0.000448s ]
INFO: [ app_begin ] --END-- [ RunTime:0.000482s ]
SQL: SHOW COLUMNS FROM `ch_measure_data` [ RunTime:0.0048s ]
ERR: 1062:Duplicate entry '88888888-2017年4月13日' for key 'PRIMARY'
 [ SQL语句 ] : INSERT INTO `ch_measure_data` (`importTime`,`userAccount`,`childID`,`childHeight`) VALUES ('2017年4月13日','123456','88888888','112.2')
ERR: 1062:Duplicate entry '88888888-2017年4月13日' for key 'PRIMARY'
 [ SQL语句 ] : INSERT INTO `ch_measure_data` (`importTime`,`userAccount`,`childID`,`childHeight`) VALUES ('2017年4月13日','123456','88888888','112.2')

[ 2017-04-14T16:00:32+08:00 ] 192.168.1.118 /childGrow/Mobile/login
INFO: [ app_init ] --START--
INFO: Run Behavior\BuildLiteBehavior [ RunTime:0.000016s ]
INFO: [ app_init ] --END-- [ RunTime:0.000638s ]
INFO: [ app_begin ] --START--
INFO: Run Behavior\ReadHtmlCacheBehavior [ RunTime:0.000740s ]
INFO: [ app_begin ] --END-- [ RunTime:0.000808s ]
SQL: SHOW COLUMNS FROM `ch_user` [ RunTime:0.0120s ]
SQL: SELECT * FROM `ch_user` WHERE `userAccount` = '123456' AND `userPassword` = 'ef915029557d46f6bb0e812e74cb1a28' LIMIT 1   [ RunTime:0.0005s ]
SQL: SHOW COLUMNS FROM `ch_child_base_info` [ RunTime:0.0048s ]
SQL: SELECT `childID`,`childIcon`,`childName`,`childBirthdate`,`childSex` FROM `ch_child_base_info` WHERE ( userAccount='123456' )  [ RunTime:0.0004s ]
SQL: SHOW COLUMNS FROM `ch_measure_data` [ RunTime:0.0047s ]
SQL: SELECT `childHeight`,`childWeight`,`childHeadc`,`childBMI`,`importTime` FROM `ch_measure_data` WHERE ( userAccount='123456' )  [ RunTime:0.0004s ]

[ 2017-04-14T16:03:21+08:00 ] 192.168.1.118 /childGrow/Mobile/dataEdit
INFO: [ app_init ] --START--
INFO: Run Behavior\BuildLiteBehavior [ RunTime:0.000014s ]
INFO: [ app_init ] --END-- [ RunTime:0.000608s ]
INFO: [ app_begin ] --START--
INFO: Run Behavior\ReadHtmlCacheBehavior [ RunTime:0.000763s ]
INFO: [ app_begin ] --END-- [ RunTime:0.000823s ]
SQL: SHOW COLUMNS FROM `ch_measure_data` [ RunTime:0.0142s ]
NOTIC: [2] Illegal offset type in isset or empty E:\xampp\htdocs\childGrow\ThinkPHP\Library\Think\Model.class.php 第 445 行.
ERR: 1054:Unknown column 'account' in 'where clause'
 [ SQL语句 ] : UPDATE `ch_measure_data` SET `childHeight`='110.09' WHERE ( account='88888888'and importTime='2017年4月13日' )
ERR: 1054:Unknown column 'account' in 'where clause'
 [ SQL语句 ] : UPDATE `ch_measure_data` SET `childHeight`='110.09' WHERE ( account='88888888'and importTime='2017年4月13日' )

[ 2017-04-14T16:08:03+08:00 ] 192.168.1.118 /childGrow/Mobile/login
INFO: [ app_init ] --START--
INFO: Run Behavior\BuildLiteBehavior [ RunTime:0.000035s ]
INFO: [ app_init ] --END-- [ RunTime:0.001439s ]
INFO: [ app_begin ] --START--
INFO: Run Behavior\ReadHtmlCacheBehavior [ RunTime:0.002025s ]
INFO: [ app_begin ] --END-- [ RunTime:0.002189s ]
SQL: SHOW COLUMNS FROM `ch_user` [ RunTime:0.0098s ]
SQL: SELECT * FROM `ch_user` WHERE `userAccount` = '123456' AND `userPassword` = 'ef915029557d46f6bb0e812e74cb1a28' LIMIT 1   [ RunTime:0.0009s ]
SQL: SHOW COLUMNS FROM `ch_child_base_info` [ RunTime:0.0106s ]
SQL: SELECT `childID`,`childIcon`,`childName`,`childBirthdate`,`childSex` FROM `ch_child_base_info` WHERE ( userAccount='123456' )  [ RunTime:0.0008s ]
SQL: SHOW COLUMNS FROM `ch_measure_data` [ RunTime:0.0103s ]
SQL: SELECT `childHeight`,`childWeight`,`childHeadc`,`childBMI`,`importTime` FROM `ch_measure_data` WHERE ( userAccount='123456' )  [ RunTime:0.0008s ]

[ 2017-04-14T16:10:12+08:00 ] 192.168.1.118 /childGrow/Mobile/login
INFO: [ app_init ] --START--
INFO: Run Behavior\BuildLiteBehavior [ RunTime:0.000018s ]
INFO: [ app_init ] --END-- [ RunTime:0.000748s ]
INFO: [ app_begin ] --START--
INFO: Run Behavior\ReadHtmlCacheBehavior [ RunTime:0.000941s ]
INFO: [ app_begin ] --END-- [ RunTime:0.001016s ]
SQL: SHOW COLUMNS FROM `ch_user` [ RunTime:0.0119s ]
SQL: SELECT * FROM `ch_user` WHERE `userAccount` = '123456' AND `userPassword` = 'ef915029557d46f6bb0e812e74cb1a28' LIMIT 1   [ RunTime:0.0011s ]
SQL: SHOW COLUMNS FROM `ch_child_base_info` [ RunTime:0.0101s ]
SQL: SELECT `childID`,`childIcon`,`childName`,`childBirthdate`,`childSex` FROM `ch_child_base_info` WHERE ( userAccount='123456' )  [ RunTime:0.0008s ]
SQL: SHOW COLUMNS FROM `ch_measure_data` [ RunTime:0.0059s ]
SQL: SELECT `childHeight`,`childWeight`,`childHeadc`,`childBMI`,`importTime` FROM `ch_measure_data` WHERE ( userAccount='123456' )  [ RunTime:0.0004s ]

[ 2017-04-14T16:12:03+08:00 ] 192.168.1.118 /childGrow/Mobile/login
INFO: [ app_init ] --START--
INFO: Run Behavior\BuildLiteBehavior [ RunTime:0.000016s ]
INFO: [ app_init ] --END-- [ RunTime:0.000589s ]
INFO: [ app_begin ] --START--
INFO: Run Behavior\ReadHtmlCacheBehavior [ RunTime:0.000672s ]
INFO: [ app_begin ] --END-- [ RunTime:0.000735s ]
SQL: SHOW COLUMNS FROM `ch_user` [ RunTime:0.0145s ]
SQL: SELECT * FROM `ch_user` WHERE `userAccount` = '123456' AND `userPassword` = 'ef915029557d46f6bb0e812e74cb1a28' LIMIT 1   [ RunTime:0.0011s ]
SQL: SHOW COLUMNS FROM `ch_child_base_info` [ RunTime:0.0104s ]
SQL: SELECT `childID`,`childIcon`,`childName`,`childBirthdate`,`childSex` FROM `ch_child_base_info` WHERE ( userAccount='123456' )  [ RunTime:0.0009s ]
SQL: SHOW COLUMNS FROM `ch_measure_data` [ RunTime:0.0100s ]
SQL: SELECT `childHeight`,`childWeight`,`childHeadc`,`childBMI`,`importTime` FROM `ch_measure_data` WHERE ( userAccount='123456' )  [ RunTime:0.0008s ]

[ 2017-04-14T16:12:32+08:00 ] 192.168.1.118 /childGrow/Mobile/dataEdit
INFO: [ app_init ] --START--
INFO: Run Behavior\BuildLiteBehavior [ RunTime:0.000035s ]
INFO: [ app_init ] --END-- [ RunTime:0.001361s ]
INFO: [ app_begin ] --START--
INFO: Run Behavior\ReadHtmlCacheBehavior [ RunTime:0.001747s ]
INFO: [ app_begin ] --END-- [ RunTime:0.001897s ]
SQL: SHOW COLUMNS FROM `ch_measure_data` [ RunTime:0.0108s ]
NOTIC: [2] Illegal offset type in isset or empty E:\xampp\htdocs\childGrow\ThinkPHP\Library\Think\Model.class.php 第 445 行.
ERR: 1054:Unknown column 'account' in 'where clause'
 [ SQL语句 ] : UPDATE `ch_measure_data` SET `childHeight`='98.7' WHERE ( account='88888888'and importTime='2017年4月13日' )
ERR: 1054:Unknown column 'account' in 'where clause'
 [ SQL语句 ] : UPDATE `ch_measure_data` SET `childHeight`='98.7' WHERE ( account='88888888'and importTime='2017年4月13日' )

[ 2017-04-14T16:14:06+08:00 ] 192.168.1.118 /childGrow/Mobile/login
INFO: [ app_init ] --START--
INFO: Run Behavior\BuildLiteBehavior [ RunTime:0.000034s ]
INFO: [ app_init ] --END-- [ RunTime:0.001308s ]
INFO: [ app_begin ] --START--
INFO: Run Behavior\ReadHtmlCacheBehavior [ RunTime:0.001517s ]
INFO: [ app_begin ] --END-- [ RunTime:0.001667s ]
SQL: SHOW COLUMNS FROM `ch_user` [ RunTime:0.0108s ]
SQL: SELECT * FROM `ch_user` WHERE `userAccount` = '123456' AND `userPassword` = 'ef915029557d46f6bb0e812e74cb1a28' LIMIT 1   [ RunTime:0.0012s ]
SQL: SHOW COLUMNS FROM `ch_child_base_info` [ RunTime:0.0101s ]
SQL: SELECT `childID`,`childIcon`,`childName`,`childBirthdate`,`childSex` FROM `ch_child_base_info` WHERE ( userAccount='123456' )  [ RunTime:0.0008s ]
SQL: SHOW COLUMNS FROM `ch_measure_data` [ RunTime:0.0074s ]
SQL: SELECT `childHeight`,`childWeight`,`childHeadc`,`childBMI`,`importTime` FROM `ch_measure_data` WHERE ( userAccount='123456' )  [ RunTime:0.0005s ]

[ 2017-04-14T16:14:29+08:00 ] 192.168.1.118 /childGrow/Mobile/dataEdit
INFO: [ app_init ] --START--
INFO: Run Behavior\BuildLiteBehavior [ RunTime:0.000034s ]
INFO: [ app_init ] --END-- [ RunTime:0.001273s ]
INFO: [ app_begin ] --START--
INFO: Run Behavior\ReadHtmlCacheBehavior [ RunTime:0.001511s ]
INFO: [ app_begin ] --END-- [ RunTime:0.001661s ]
SQL: SHOW COLUMNS FROM `ch_measure_data` [ RunTime:0.0117s ]
NOTIC: [2] Illegal offset type in isset or empty E:\xampp\htdocs\childGrow\ThinkPHP\Library\Think\Model.class.php 第 445 行.
ERR: 1054:Unknown column 'account' in 'where clause'
 [ SQL语句 ] : UPDATE `ch_measure_data` SET `childHeight`='99.2' WHERE ( account='88888888'and importTime='2017年4月13日' )
ERR: 1054:Unknown column 'account' in 'where clause'
 [ SQL语句 ] : UPDATE `ch_measure_data` SET `childHeight`='99.2' WHERE ( account='88888888'and importTime='2017年4月13日' )

[ 2017-04-14T16:20:30+08:00 ] 192.168.1.121 /childGrow/Mobile/dataEdit
INFO: [ app_init ] --START--
INFO: Run Behavior\BuildLiteBehavior [ RunTime:0.000008s ]
INFO: [ app_init ] --END-- [ RunTime:0.000300s ]
INFO: [ app_begin ] --START--
INFO: Run Behavior\ReadHtmlCacheBehavior [ RunTime:0.000389s ]
INFO: [ app_begin ] --END-- [ RunTime:0.000421s ]
SQL: SHOW COLUMNS FROM `ch_measure_data` [ RunTime:0.0122s ]
NOTIC: [8] Undefined index: currentLogin E:\xampp\htdocs\childGrow\Application\project\Controller\MobileController.class.php 第 136 行.

[ 2017-04-14T16:21:14+08:00 ] 192.168.1.121 /childGrow/Mobile/dataEdit
INFO: [ app_init ] --START--
INFO: Run Behavior\BuildLiteBehavior [ RunTime:0.000008s ]
INFO: [ app_init ] --END-- [ RunTime:0.000377s ]
INFO: [ app_begin ] --START--
INFO: Run Behavior\ReadHtmlCacheBehavior [ RunTime:0.000455s ]
INFO: [ app_begin ] --END-- [ RunTime:0.000488s ]
SQL: SHOW COLUMNS FROM `ch_measure_data` [ RunTime:0.0069s ]
NOTIC: [8] Undefined index: currentLogin E:\xampp\htdocs\childGrow\Application\project\Controller\MobileController.class.php 第 136 行.

[ 2017-04-14T16:21:16+08:00 ] 192.168.1.121 /childGrow/Mobile/dataEdit
INFO: [ app_init ] --START--
INFO: Run Behavior\BuildLiteBehavior [ RunTime:0.000009s ]
INFO: [ app_init ] --END-- [ RunTime:0.000343s ]
INFO: [ app_begin ] --START--
INFO: Run Behavior\ReadHtmlCacheBehavior [ RunTime:0.000391s ]
INFO: [ app_begin ] --END-- [ RunTime:0.000424s ]
SQL: SHOW COLUMNS FROM `ch_measure_data` [ RunTime:0.0109s ]
NOTIC: [8] Undefined index: currentLogin E:\xampp\htdocs\childGrow\Application\project\Controller\MobileController.class.php 第 136 行.

[ 2017-04-14T16:21:24+08:00 ] 192.168.1.121 /childGrow/Mobile/dataEdit
INFO: [ app_init ] --START--
INFO: Run Behavior\BuildLiteBehavior [ RunTime:0.000009s ]
INFO: [ app_init ] --END-- [ RunTime:0.000290s ]
INFO: [ app_begin ] --START--
INFO: Run Behavior\ReadHtmlCacheBehavior [ RunTime:0.000348s ]
INFO: [ app_begin ] --END-- [ RunTime:0.000381s ]
SQL: SHOW COLUMNS FROM `ch_measure_data` [ RunTime:0.0124s ]
NOTIC: [8] Undefined index: currentLogin E:\xampp\htdocs\childGrow\Application\project\Controller\MobileController.class.php 第 136 行.

[ 2017-04-14T16:23:23+08:00 ] 192.168.1.118 /childGrow/Mobile/dataEdit
INFO: [ app_init ] --START--
INFO: Run Behavior\BuildLiteBehavior [ RunTime:0.000036s ]
INFO: [ app_init ] --END-- [ RunTime:0.001700s ]
INFO: [ app_begin ] --START--
INFO: Run Behavior\ReadHtmlCacheBehavior [ RunTime:0.001780s ]
INFO: [ app_begin ] --END-- [ RunTime:0.001922s ]
SQL: SHOW COLUMNS FROM `ch_measure_data` [ RunTime:0.0106s ]
NOTIC: [8] Undefined index: currentLogin E:\xampp\htdocs\childGrow\Application\project\Controller\MobileController.class.php 第 136 行.

[ 2017-04-14T16:25:07+08:00 ] 192.168.1.118 /childGrow/Mobile/login
INFO: [ app_init ] --START--
INFO: Run Behavior\BuildLiteBehavior [ RunTime:0.000015s ]
INFO: [ app_init ] --END-- [ RunTime:0.000678s ]
INFO: [ app_begin ] --START--
INFO: Run Behavior\ReadHtmlCacheBehavior [ RunTime:0.000841s ]
INFO: [ app_begin ] --END-- [ RunTime:0.000908s ]
SQL: SHOW COLUMNS FROM `ch_user` [ RunTime:0.0151s ]
SQL: SELECT * FROM `ch_user` WHERE `userAccount` = '123456' AND `userPassword` = 'ef915029557d46f6bb0e812e74cb1a28' LIMIT 1   [ RunTime:0.0010s ]
SQL: SHOW COLUMNS FROM `ch_child_base_info` [ RunTime:0.0107s ]
SQL: SELECT `childID`,`childIcon`,`childName`,`childBirthdate`,`childSex` FROM `ch_child_base_info` WHERE ( userAccount='123456' )  [ RunTime:0.0005s ]
SQL: SHOW COLUMNS FROM `ch_measure_data` [ RunTime:0.0058s ]
SQL: SELECT `childHeight`,`childWeight`,`childHeadc`,`childBMI`,`importTime` FROM `ch_measure_data` WHERE ( userAccount='123456' )  [ RunTime:0.0004s ]

[ 2017-04-14T16:25:22+08:00 ] 192.168.1.118 /childGrow/Mobile/addData
INFO: [ app_init ] --START--
INFO: Run Behavior\BuildLiteBehavior [ RunTime:0.000017s ]
INFO: [ app_init ] --END-- [ RunTime:0.000638s ]
INFO: [ app_begin ] --START--
INFO: Run Behavior\ReadHtmlCacheBehavior [ RunTime:0.000735s ]
INFO: [ app_begin ] --END-- [ RunTime:0.000803s ]
ERR: 非法操作:addData

[ 2017-04-14T16:27:45+08:00 ] 192.168.1.118 /childGrow/Mobile/login
INFO: [ app_init ] --START--
INFO: Run Behavior\BuildLiteBehavior [ RunTime:0.000015s ]
INFO: [ app_init ] --END-- [ RunTime:0.000671s ]
INFO: [ app_begin ] --START--
INFO: Run Behavior\ReadHtmlCacheBehavior [ RunTime:0.000839s ]
INFO: [ app_begin ] --END-- [ RunTime:0.000906s ]
SQL: SHOW COLUMNS FROM `ch_user` [ RunTime:0.0101s ]
SQL: SELECT * FROM `ch_user` WHERE `userAccount` = '123456' AND `userPassword` = 'ef915029557d46f6bb0e812e74cb1a28' LIMIT 1   [ RunTime:0.0010s ]
SQL: SHOW COLUMNS FROM `ch_child_base_info` [ RunTime:0.0106s ]
SQL: SELECT `childID`,`childIcon`,`childName`,`childBirthdate`,`childSex` FROM `ch_child_base_info` WHERE ( userAccount='123456' )  [ RunTime:0.0008s ]
SQL: SHOW COLUMNS FROM `ch_measure_data` [ RunTime:0.0088s ]
SQL: SELECT `childHeight`,`childWeight`,`childHeadc`,`childBMI`,`importTime` FROM `ch_measure_data` WHERE ( userAccount='123456' )  [ RunTime:0.0004s ]

[ 2017-04-14T16:28:06+08:00 ] 192.168.1.118 /childGrow/Mobile/dataEdit
INFO: [ app_init ] --START--
INFO: Run Behavior\BuildLiteBehavior [ RunTime:0.000035s ]
INFO: [ app_init ] --END-- [ RunTime:0.001533s ]
INFO: [ app_begin ] --START--
INFO: Run Behavior\ReadHtmlCacheBehavior [ RunTime:0.001514s ]
INFO: [ app_begin ] --END-- [ RunTime:0.001698s ]
SQL: SHOW COLUMNS FROM `ch_measure_data` [ RunTime:0.0297s ]
NOTIC: [2] Illegal offset type in isset or empty E:\xampp\htdocs\childGrow\ThinkPHP\Library\Think\Model.class.php 第 445 行.
SQL: UPDATE `ch_measure_data` SET `childHeight`='100.3' WHERE ( childID='88888888'and importTime='2017年4月13日' ) [ RunTime:0.0719s ]

