[ 2017-04-19T09:46:54+08:00 ] 192.168.1.118 /childGrow/Mobile/login
INFO: [ app_init ] --START--
INFO: Run Behavior\BuildLiteBehavior [ RunTime:0.000015s ]
INFO: [ app_init ] --END-- [ RunTime:0.000628s ]
INFO: [ app_begin ] --START--
INFO: Run Behavior\ReadHtmlCacheBehavior [ RunTime:0.000794s ]
INFO: [ app_begin ] --END-- [ RunTime:0.000855s ]
SQL: SHOW COLUMNS FROM `ch_user` [ RunTime:0.0125s ]
SQL: SELECT * FROM `ch_user` WHERE `userAccount` = '123456' AND `userPassword` = 'ef915029557d46f6bb0e812e74cb1a28' LIMIT 1   [ RunTime:0.0010s ]
SQL: SHOW COLUMNS FROM `ch_child_base_info` [ RunTime:0.0107s ]
SQL: SELECT `childID`,`childIcon`,`childName`,`childBirthdate`,`childSex` FROM `ch_child_base_info` WHERE ( userAccount='123456' )  [ RunTime:0.0008s ]
SQL: SHOW COLUMNS FROM `ch_measure_data` [ RunTime:0.0052s ]
SQL: SELECT `childHeight`,`childWeight`,`childHeadc`,`childBMI`,`importTime` FROM `ch_measure_data` WHERE ( userAccount='123456' )  [ RunTime:0.0005s ]

[ 2017-04-19T10:14:36+08:00 ] 192.168.1.118 /childGrow/Mobile/login
INFO: [ app_init ] --START--
INFO: Run Behavior\BuildLiteBehavior [ RunTime:0.000017s ]
INFO: [ app_init ] --END-- [ RunTime:0.000676s ]
INFO: [ app_begin ] --START--
INFO: Run Behavior\ReadHtmlCacheBehavior [ RunTime:0.000782s ]
INFO: [ app_begin ] --END-- [ RunTime:0.000851s ]
SQL: SHOW COLUMNS FROM `ch_user` [ RunTime:0.0108s ]
SQL: SELECT * FROM `ch_user` WHERE `userAccount` = '123456' AND `userPassword` = 'ef915029557d46f6bb0e812e74cb1a28' LIMIT 1   [ RunTime:0.0013s ]
SQL: SHOW COLUMNS FROM `ch_child_base_info` [ RunTime:0.0131s ]
SQL: SELECT `childID`,`childIcon`,`childName`,`childBirthdate`,`childSex` FROM `ch_child_base_info` WHERE ( userAccount='123456' )  [ RunTime:0.0012s ]
SQL: SHOW COLUMNS FROM `ch_measure_data` [ RunTime:0.0126s ]
SQL: SELECT `childID`,`childHeight`,`childWeight`,`childHeadc`,`childBMI`,`importTime` FROM `ch_measure_data` WHERE ( userAccount='123456' )  [ RunTime:0.0011s ]

[ 2017-04-19T10:16:13+08:00 ] 192.168.1.118 /childGrow/Mobile/login
INFO: [ app_init ] --START--
INFO: Run Behavior\BuildLiteBehavior [ RunTime:0.000018s ]
INFO: [ app_init ] --END-- [ RunTime:0.000694s ]
INFO: [ app_begin ] --START--
INFO: Run Behavior\ReadHtmlCacheBehavior [ RunTime:0.000776s ]
INFO: [ app_begin ] --END-- [ RunTime:0.000876s ]
SQL: SHOW COLUMNS FROM `ch_user` [ RunTime:0.0108s ]
SQL: SELECT * FROM `ch_user` WHERE `userAccount` = '123456' AND `userPassword` = 'ef915029557d46f6bb0e812e74cb1a28' LIMIT 1   [ RunTime:0.0010s ]
SQL: SHOW COLUMNS FROM `ch_child_base_info` [ RunTime:0.0077s ]
SQL: SELECT `childID`,`childIcon`,`childName`,`childBirthdate`,`childSex` FROM `ch_child_base_info` WHERE ( userAccount='123456' )  [ RunTime:0.0006s ]
SQL: SHOW COLUMNS FROM `ch_measure_data` [ RunTime:0.0066s ]
SQL: SELECT `childID`,`childHeight`,`childWeight`,`childHeadc`,`childBMI`,`importTime` FROM `ch_measure_data` WHERE ( userAccount='123456' )  [ RunTime:0.0007s ]

[ 2017-04-19T10:16:52+08:00 ] 192.168.1.118 /childGrow/Mobile/login
INFO: [ app_init ] --START--
INFO: Run Behavior\BuildLiteBehavior [ RunTime:0.000035s ]
INFO: [ app_init ] --END-- [ RunTime:0.001384s ]
INFO: [ app_begin ] --START--
INFO: Run Behavior\ReadHtmlCacheBehavior [ RunTime:0.001767s ]
INFO: [ app_begin ] --END-- [ RunTime:0.001919s ]
SQL: SHOW COLUMNS FROM `ch_user` [ RunTime:0.0109s ]
SQL: SELECT * FROM `ch_user` WHERE `userAccount` = '123456' AND `userPassword` = 'ef915029557d46f6bb0e812e74cb1a28' LIMIT 1   [ RunTime:0.0010s ]
SQL: SHOW COLUMNS FROM `ch_child_base_info` [ RunTime:0.0125s ]
SQL: SELECT `childID`,`childIcon`,`childName`,`childBirthdate`,`childSex` FROM `ch_child_base_info` WHERE ( userAccount='123456' )  [ RunTime:0.0008s ]
SQL: SHOW COLUMNS FROM `ch_measure_data` [ RunTime:0.0072s ]
SQL: SELECT `childID`,`childHeight`,`childWeight`,`childHeadc`,`childBMI`,`importTime` FROM `ch_measure_data` WHERE ( userAccount='123456' )  [ RunTime:0.0006s ]

[ 2017-04-19T10:17:40+08:00 ] 192.168.1.118 /childGrow/Mobile/login
INFO: [ app_init ] --START--
INFO: Run Behavior\BuildLiteBehavior [ RunTime:0.000020s ]
INFO: [ app_init ] --END-- [ RunTime:0.000806s ]
INFO: [ app_begin ] --START--
INFO: Run Behavior\ReadHtmlCacheBehavior [ RunTime:0.000929s ]
INFO: [ app_begin ] --END-- [ RunTime:0.001013s ]
SQL: SHOW COLUMNS FROM `ch_user` [ RunTime:0.0132s ]
SQL: SELECT * FROM `ch_user` WHERE `userAccount` = '123456' AND `userPassword` = 'ef915029557d46f6bb0e812e74cb1a28' LIMIT 1   [ RunTime:0.0012s ]
SQL: SHOW COLUMNS FROM `ch_child_base_info` [ RunTime:0.0117s ]
SQL: SELECT `childID`,`childIcon`,`childName`,`childBirthdate`,`childSex` FROM `ch_child_base_info` WHERE ( userAccount='123456' )  [ RunTime:0.0007s ]
SQL: SHOW COLUMNS FROM `ch_measure_data` [ RunTime:0.0083s ]
SQL: SELECT `childID`,`childHeight`,`childWeight`,`childHeadc`,`childBMI`,`importTime` FROM `ch_measure_data` WHERE ( userAccount='123456' )  [ RunTime:0.0007s ]

[ 2017-04-19T10:19:09+08:00 ] 192.168.1.118 /childGrow/Mobile/login
INFO: [ app_init ] --START--
INFO: Run Behavior\BuildLiteBehavior [ RunTime:0.000032s ]
INFO: [ app_init ] --END-- [ RunTime:0.001362s ]
INFO: [ app_begin ] --START--
INFO: Run Behavior\ReadHtmlCacheBehavior [ RunTime:0.000943s ]
INFO: [ app_begin ] --END-- [ RunTime:0.001086s ]
SQL: SHOW COLUMNS FROM `ch_user` [ RunTime:0.0099s ]
SQL: SELECT * FROM `ch_user` WHERE `userAccount` = '123456' AND `userPassword` = 'ef915029557d46f6bb0e812e74cb1a28' LIMIT 1   [ RunTime:0.0009s ]
SQL: SHOW COLUMNS FROM `ch_child_base_info` [ RunTime:0.0125s ]
SQL: SELECT `childID`,`childIcon`,`childName`,`childBirthdate`,`childSex` FROM `ch_child_base_info` WHERE ( userAccount='123456' )  [ RunTime:0.0008s ]
SQL: SHOW COLUMNS FROM `ch_measure_data` [ RunTime:0.0086s ]
SQL: SELECT `childID`,`childHeight`,`childWeight`,`childHeadc`,`childBMI`,`importTime` FROM `ch_measure_data` WHERE ( userAccount='123456' )  [ RunTime:0.0006s ]

[ 2017-04-19T10:20:48+08:00 ] 192.168.1.118 /childGrow/Mobile/login
INFO: [ app_init ] --START--
INFO: Run Behavior\BuildLiteBehavior [ RunTime:0.000017s ]
INFO: [ app_init ] --END-- [ RunTime:0.000631s ]
INFO: [ app_begin ] --START--
INFO: Run Behavior\ReadHtmlCacheBehavior [ RunTime:0.000728s ]
INFO: [ app_begin ] --END-- [ RunTime:0.000794s ]
SQL: SHOW COLUMNS FROM `ch_user` [ RunTime:0.0134s ]
SQL: SELECT * FROM `ch_user` WHERE `userAccount` = '123456' AND `userPassword` = 'ef915029557d46f6bb0e812e74cb1a28' LIMIT 1   [ RunTime:0.0006s ]
SQL: SHOW COLUMNS FROM `ch_child_base_info` [ RunTime:0.0068s ]
SQL: SELECT `childID`,`childIcon`,`childName`,`childBirthdate`,`childSex` FROM `ch_child_base_info` WHERE ( userAccount='123456' )  [ RunTime:0.0005s ]
SQL: SHOW COLUMNS FROM `ch_measure_data` [ RunTime:0.0061s ]
SQL: SELECT `childID`,`childHeight`,`childWeight`,`childHeadc`,`childBMI`,`importTime` FROM `ch_measure_data` WHERE ( userAccount='123456' )  [ RunTime:0.0006s ]

[ 2017-04-19T10:21:43+08:00 ] 192.168.1.118 /childGrow/Mobile/login
INFO: [ app_init ] --START--
INFO: Run Behavior\BuildLiteBehavior [ RunTime:0.000036s ]
INFO: [ app_init ] --END-- [ RunTime:0.001421s ]
INFO: [ app_begin ] --START--
INFO: Run Behavior\ReadHtmlCacheBehavior [ RunTime:0.001765s ]
INFO: [ app_begin ] --END-- [ RunTime:0.001917s ]
SQL: SHOW COLUMNS FROM `ch_user` [ RunTime:0.0065s ]
SQL: SELECT * FROM `ch_user` WHERE `userAccount` = '123456' AND `userPassword` = 'ef915029557d46f6bb0e812e74cb1a28' LIMIT 1   [ RunTime:0.0006s ]
SQL: SHOW COLUMNS FROM `ch_child_base_info` [ RunTime:0.0063s ]
SQL: SELECT `childID`,`childIcon`,`childName`,`childBirthdate`,`childSex` FROM `ch_child_base_info` WHERE ( userAccount='123456' )  [ RunTime:0.0006s ]
SQL: SHOW COLUMNS FROM `ch_measure_data` [ RunTime:0.0070s ]
SQL: SELECT `childID`,`childHeight`,`childWeight`,`childHeadc`,`childBMI`,`importTime` FROM `ch_measure_data` WHERE ( userAccount='123456' )  [ RunTime:0.0006s ]

[ 2017-04-19T10:23:23+08:00 ] 192.168.1.118 /childGrow/Mobile/login
INFO: [ app_init ] --START--
INFO: Run Behavior\BuildLiteBehavior [ RunTime:0.000032s ]
INFO: [ app_init ] --END-- [ RunTime:0.001278s ]
INFO: [ app_begin ] --START--
INFO: Run Behavior\ReadHtmlCacheBehavior [ RunTime:0.001505s ]
INFO: [ app_begin ] --END-- [ RunTime:0.001654s ]
SQL: SHOW COLUMNS FROM `ch_user` [ RunTime:0.0187s ]
SQL: SELECT * FROM `ch_user` WHERE `userAccount` = '123456' AND `userPassword` = 'ef915029557d46f6bb0e812e74cb1a28' LIMIT 1   [ RunTime:0.0012s ]
SQL: SHOW COLUMNS FROM `ch_child_base_info` [ RunTime:0.0069s ]
SQL: SELECT `childID`,`childIcon`,`childName`,`childBirthdate`,`childSex` FROM `ch_child_base_info` WHERE ( userAccount='123456' )  [ RunTime:0.0006s ]
SQL: SHOW COLUMNS FROM `ch_measure_data` [ RunTime:0.0051s ]
SQL: SELECT `childID`,`childHeight`,`childWeight`,`childHeadc`,`childBMI`,`importTime` FROM `ch_measure_data` WHERE ( userAccount='123456' )  [ RunTime:0.0006s ]

[ 2017-04-19T10:28:07+08:00 ] 192.168.1.118 /childGrow/Mobile/login
INFO: [ app_init ] --START--
INFO: Run Behavior\BuildLiteBehavior [ RunTime:0.000016s ]
INFO: [ app_init ] --END-- [ RunTime:0.000687s ]
INFO: [ app_begin ] --START--
INFO: Run Behavior\ReadHtmlCacheBehavior [ RunTime:0.000878s ]
INFO: [ app_begin ] --END-- [ RunTime:0.000959s ]
SQL: SHOW COLUMNS FROM `ch_user` [ RunTime:0.0128s ]
SQL: SELECT * FROM `ch_user` WHERE `userAccount` = '123456' AND `userPassword` = 'ef915029557d46f6bb0e812e74cb1a28' LIMIT 1   [ RunTime:0.0010s ]
SQL: SHOW COLUMNS FROM `ch_child_base_info` [ RunTime:0.0105s ]
SQL: SELECT `childID`,`childIcon`,`childName`,`childBirthdate`,`childSex` FROM `ch_child_base_info` WHERE ( userAccount='123456' )  [ RunTime:0.0008s ]
SQL: SHOW COLUMNS FROM `ch_measure_data` [ RunTime:0.0068s ]
SQL: SELECT `childID`,`childHeight`,`childWeight`,`childHeadc`,`childBMI`,`importTime` FROM `ch_measure_data` WHERE ( userAccount='123456' )  [ RunTime:0.0007s ]

[ 2017-04-19T10:29:06+08:00 ] 192.168.1.118 /childGrow/Mobile/login
INFO: [ app_init ] --START--
INFO: Run Behavior\BuildLiteBehavior [ RunTime:0.000033s ]
INFO: [ app_init ] --END-- [ RunTime:0.001282s ]
INFO: [ app_begin ] --START--
INFO: Run Behavior\ReadHtmlCacheBehavior [ RunTime:0.001514s ]
INFO: [ app_begin ] --END-- [ RunTime:0.001662s ]
SQL: SHOW COLUMNS FROM `ch_user` [ RunTime:0.0099s ]
SQL: SELECT * FROM `ch_user` WHERE `userAccount` = '123456' AND `userPassword` = 'ef915029557d46f6bb0e812e74cb1a28' LIMIT 1   [ RunTime:0.0008s ]
SQL: SHOW COLUMNS FROM `ch_child_base_info` [ RunTime:0.0084s ]
SQL: SELECT `childID`,`childIcon`,`childName`,`childBirthdate`,`childSex` FROM `ch_child_base_info` WHERE ( userAccount='123456' )  [ RunTime:0.0009s ]
SQL: SHOW COLUMNS FROM `ch_measure_data` [ RunTime:0.0094s ]
SQL: SELECT `childID`,`childHeight`,`childWeight`,`childHeadc`,`childBMI`,`importTime` FROM `ch_measure_data` WHERE ( userAccount='123456' )  [ RunTime:0.0004s ]

[ 2017-04-19T10:36:18+08:00 ] 192.168.1.118 /childGrow/Mobile/login
INFO: [ app_init ] --START--
INFO: Run Behavior\BuildLiteBehavior [ RunTime:0.000015s ]
INFO: [ app_init ] --END-- [ RunTime:0.000623s ]
INFO: [ app_begin ] --START--
INFO: Run Behavior\ReadHtmlCacheBehavior [ RunTime:0.000724s ]
INFO: [ app_begin ] --END-- [ RunTime:0.000788s ]
SQL: SHOW COLUMNS FROM `ch_user` [ RunTime:0.0254s ]
SQL: SELECT * FROM `ch_user` WHERE `userAccount` = '123456' AND `userPassword` = 'ef915029557d46f6bb0e812e74cb1a28' LIMIT 1   [ RunTime:0.0003s ]
SQL: SHOW COLUMNS FROM `ch_child_base_info` [ RunTime:0.0387s ]
SQL: SELECT `childID`,`childIcon`,`childName`,`childBirthdate`,`childSex` FROM `ch_child_base_info` WHERE ( userAccount='123456' )  [ RunTime:0.0004s ]
SQL: SHOW COLUMNS FROM `ch_measure_data` [ RunTime:0.0056s ]
SQL: SELECT `childID`,`childHeight`,`childWeight`,`childHeadc`,`childBMI`,`importTime` FROM `ch_measure_data` WHERE ( userAccount='123456' )  [ RunTime:0.0007s ]

[ 2017-04-19T10:49:47+08:00 ] 192.168.1.118 /childGrow/Mobile/login
INFO: [ app_init ] --START--
INFO: Run Behavior\BuildLiteBehavior [ RunTime:0.000018s ]
INFO: [ app_init ] --END-- [ RunTime:0.000766s ]
INFO: [ app_begin ] --START--
INFO: Run Behavior\ReadHtmlCacheBehavior [ RunTime:0.000684s ]
INFO: [ app_begin ] --END-- [ RunTime:0.000744s ]
SQL: SHOW COLUMNS FROM `ch_user` [ RunTime:0.0113s ]
SQL: SELECT * FROM `ch_user` WHERE `userAccount` = '123456' AND `userPassword` = 'ef915029557d46f6bb0e812e74cb1a28' LIMIT 1   [ RunTime:0.0011s ]
SQL: SHOW COLUMNS FROM `ch_child_base_info` [ RunTime:0.0118s ]
SQL: SELECT `childID`,`childIcon`,`childName`,`childBirthdate`,`childSex` FROM `ch_child_base_info` WHERE ( userAccount='123456' )  [ RunTime:0.0011s ]
SQL: SHOW COLUMNS FROM `ch_measure_data` [ RunTime:0.0091s ]
SQL: SELECT `childID`,`childHeight`,`childWeight`,`childHeadc`,`childBMI`,`importTime` FROM `ch_measure_data` WHERE ( userAccount='123456' )  [ RunTime:0.0005s ]

[ 2017-04-19T10:56:29+08:00 ] 192.168.1.118 /childGrow/Mobile/login
INFO: [ app_init ] --START--
INFO: Run Behavior\BuildLiteBehavior [ RunTime:0.000017s ]
INFO: [ app_init ] --END-- [ RunTime:0.000689s ]
INFO: [ app_begin ] --START--
INFO: Run Behavior\ReadHtmlCacheBehavior [ RunTime:0.000799s ]
INFO: [ app_begin ] --END-- [ RunTime:0.000868s ]
SQL: SHOW COLUMNS FROM `ch_user` [ RunTime:0.0035s ]
SQL: SELECT * FROM `ch_user` WHERE `userAccount` = '123456' AND `userPassword` = 'ef915029557d46f6bb0e812e74cb1a28' LIMIT 1   [ RunTime:0.0003s ]
SQL: SHOW COLUMNS FROM `ch_child_base_info` [ RunTime:0.0040s ]
SQL: SELECT `childID`,`childIcon`,`childName`,`childBirthdate`,`childSex` FROM `ch_child_base_info` WHERE ( userAccount='123456' )  [ RunTime:0.0004s ]
SQL: SHOW COLUMNS FROM `ch_measure_data` [ RunTime:0.0039s ]
SQL: SELECT `childID`,`childHeight`,`childWeight`,`childHeadc`,`childBMI`,`importTime` FROM `ch_measure_data` WHERE ( userAccount='123456' )  [ RunTime:0.0003s ]

[ 2017-04-19T10:58:19+08:00 ] 192.168.1.118 /childGrow/Mobile/login
INFO: [ app_init ] --START--
INFO: Run Behavior\BuildLiteBehavior [ RunTime:0.000022s ]
INFO: [ app_init ] --END-- [ RunTime:0.000755s ]
INFO: [ app_begin ] --START--
INFO: Run Behavior\ReadHtmlCacheBehavior [ RunTime:0.000901s ]
INFO: [ app_begin ] --END-- [ RunTime:0.000994s ]
SQL: SHOW COLUMNS FROM `ch_user` [ RunTime:0.0098s ]
SQL: SELECT * FROM `ch_user` WHERE `userAccount` = '123456' AND `userPassword` = 'ef915029557d46f6bb0e812e74cb1a28' LIMIT 1   [ RunTime:0.0008s ]
SQL: SHOW COLUMNS FROM `ch_child_base_info` [ RunTime:0.0087s ]
SQL: SELECT `childID`,`childIcon`,`childName`,`childBirthdate`,`childSex` FROM `ch_child_base_info` WHERE ( userAccount='123456' )  [ RunTime:0.0005s ]
SQL: SHOW COLUMNS FROM `ch_measure_data` [ RunTime:0.0062s ]
SQL: SELECT `childID`,`childHeight`,`childWeight`,`childHeadc`,`childBMI`,`importTime` FROM `ch_measure_data` WHERE ( userAccount='123456' )  [ RunTime:0.0006s ]

[ 2017-04-19T11:04:18+08:00 ] 192.168.1.118 /childGrow/Mobile/login
INFO: [ app_init ] --START--
INFO: Run Behavior\BuildLiteBehavior [ RunTime:0.000016s ]
INFO: [ app_init ] --END-- [ RunTime:0.000715s ]
INFO: [ app_begin ] --START--
INFO: Run Behavior\ReadHtmlCacheBehavior [ RunTime:0.000839s ]
INFO: [ app_begin ] --END-- [ RunTime:0.000904s ]
SQL: SHOW COLUMNS FROM `ch_user` [ RunTime:0.0115s ]
SQL: SELECT * FROM `ch_user` WHERE `userAccount` = '123456' AND `userPassword` = 'ef915029557d46f6bb0e812e74cb1a28' LIMIT 1   [ RunTime:0.0014s ]
SQL: SHOW COLUMNS FROM `ch_child_base_info` [ RunTime:0.0137s ]
SQL: SELECT `childID`,`childIcon`,`childName`,`childBirthdate`,`childSex` FROM `ch_child_base_info` WHERE ( userAccount='123456' )  [ RunTime:0.0011s ]
SQL: SHOW COLUMNS FROM `ch_measure_data` [ RunTime:0.0071s ]
SQL: SELECT `childID`,`childHeight`,`childWeight`,`childHeadc`,`childBMI`,`importTime` FROM `ch_measure_data` WHERE ( userAccount='123456' )  [ RunTime:0.0005s ]

[ 2017-04-19T11:06:09+08:00 ] 192.168.1.118 /childGrow/Mobile/login
INFO: [ app_init ] --START--
INFO: Run Behavior\BuildLiteBehavior [ RunTime:0.000022s ]
INFO: [ app_init ] --END-- [ RunTime:0.000851s ]
INFO: [ app_begin ] --START--
INFO: Run Behavior\ReadHtmlCacheBehavior [ RunTime:0.000885s ]
INFO: [ app_begin ] --END-- [ RunTime:0.000967s ]
SQL: SHOW COLUMNS FROM `ch_user` [ RunTime:0.0144s ]
SQL: SELECT * FROM `ch_user` WHERE `userAccount` = '123456' AND `userPassword` = 'ef915029557d46f6bb0e812e74cb1a28' LIMIT 1   [ RunTime:0.0016s ]
SQL: SHOW COLUMNS FROM `ch_child_base_info` [ RunTime:0.0087s ]
SQL: SELECT `childID`,`childIcon`,`childName`,`childBirthdate`,`childSex` FROM `ch_child_base_info` WHERE ( userAccount='123456' )  [ RunTime:0.0005s ]
SQL: SHOW COLUMNS FROM `ch_measure_data` [ RunTime:0.0066s ]
SQL: SELECT `childID`,`childHeight`,`childWeight`,`childHeadc`,`childBMI`,`importTime` FROM `ch_measure_data` WHERE ( userAccount='123456' )  [ RunTime:0.0005s ]

[ 2017-04-19T11:09:55+08:00 ] 192.168.1.118 /childGrow/Mobile/login
INFO: [ app_init ] --START--
INFO: Run Behavior\BuildLiteBehavior [ RunTime:0.000016s ]
INFO: [ app_init ] --END-- [ RunTime:0.000481s ]
INFO: [ app_begin ] --START--
INFO: Run Behavior\ReadHtmlCacheBehavior [ RunTime:0.000561s ]
INFO: [ app_begin ] --END-- [ RunTime:0.000615s ]
SQL: SHOW COLUMNS FROM `ch_user` [ RunTime:0.0115s ]
SQL: SELECT * FROM `ch_user` WHERE `userAccount` = '123456' AND `userPassword` = 'ef915029557d46f6bb0e812e74cb1a28' LIMIT 1   [ RunTime:0.0012s ]
SQL: SHOW COLUMNS FROM `ch_child_base_info` [ RunTime:0.0114s ]
SQL: SELECT `childID`,`childIcon`,`childName`,`childBirthdate`,`childSex` FROM `ch_child_base_info` WHERE ( userAccount='123456' )  [ RunTime:0.0004s ]
SQL: SHOW COLUMNS FROM `ch_measure_data` [ RunTime:0.0080s ]
SQL: SELECT `childID`,`childHeight`,`childWeight`,`childHeadc`,`childBMI`,`importTime` FROM `ch_measure_data` WHERE ( userAccount='123456' )  [ RunTime:0.0008s ]

[ 2017-04-19T11:11:06+08:00 ] 192.168.1.118 /childGrow/Mobile/login
INFO: [ app_init ] --START--
INFO: Run Behavior\BuildLiteBehavior [ RunTime:0.000031s ]
INFO: [ app_init ] --END-- [ RunTime:0.000875s ]
INFO: [ app_begin ] --START--
INFO: Run Behavior\ReadHtmlCacheBehavior [ RunTime:0.000982s ]
INFO: [ app_begin ] --END-- [ RunTime:0.001077s ]
SQL: SHOW COLUMNS FROM `ch_user` [ RunTime:0.0065s ]
SQL: SELECT * FROM `ch_user` WHERE `userAccount` = '123456' AND `userPassword` = 'ef915029557d46f6bb0e812e74cb1a28' LIMIT 1   [ RunTime:0.0006s ]
SQL: SHOW COLUMNS FROM `ch_child_base_info` [ RunTime:0.0062s ]
SQL: SELECT `childID`,`childIcon`,`childName`,`childBirthdate`,`childSex` FROM `ch_child_base_info` WHERE ( userAccount='123456' )  [ RunTime:0.0005s ]
SQL: SHOW COLUMNS FROM `ch_measure_data` [ RunTime:0.0067s ]
SQL: SELECT `childID`,`childHeight`,`childWeight`,`childHeadc`,`childBMI`,`importTime` FROM `ch_measure_data` WHERE ( userAccount='123456' )  [ RunTime:0.0008s ]

[ 2017-04-19T11:11:52+08:00 ] 192.168.1.118 /childGrow/Mobile/dataAdd
INFO: [ app_init ] --START--
INFO: Run Behavior\BuildLiteBehavior [ RunTime:0.000030s ]
INFO: [ app_init ] --END-- [ RunTime:0.002257s ]
INFO: [ app_begin ] --START--
INFO: Run Behavior\ReadHtmlCacheBehavior [ RunTime:0.001093s ]
INFO: [ app_begin ] --END-- [ RunTime:0.001219s ]
SQL: SHOW COLUMNS FROM `ch_measure_data` [ RunTime:0.0077s ]

[ 2017-04-19T11:12:01+08:00 ] 192.168.1.118 /childGrow/Mobile/dataEdit
INFO: [ app_init ] --START--
INFO: Run Behavior\BuildLiteBehavior [ RunTime:0.000018s ]
INFO: [ app_init ] --END-- [ RunTime:0.000696s ]
INFO: [ app_begin ] --START--
INFO: Run Behavior\ReadHtmlCacheBehavior [ RunTime:0.000971s ]
INFO: [ app_begin ] --END-- [ RunTime:0.001061s ]
SQL: SHOW COLUMNS FROM `ch_measure_data` [ RunTime:0.0132s ]
NOTIC: [2] Illegal offset type in isset or empty E:\xampp\htdocs\childGrow\ThinkPHP\Library\Think\Model.class.php 第 445 行.
SQL: UPDATE `ch_measure_data` SET `childWeight`='60' WHERE ( childID='88888888'and importTime='2017年4月19日' ) [ RunTime:0.0304s ]

[ 2017-04-19T11:12:02+08:00 ] 192.168.1.118 /childGrow/Mobile/dataEdit
INFO: [ app_init ] --START--
INFO: Run Behavior\BuildLiteBehavior [ RunTime:0.000021s ]
INFO: [ app_init ] --END-- [ RunTime:0.000735s ]
INFO: [ app_begin ] --START--
INFO: Run Behavior\ReadHtmlCacheBehavior [ RunTime:0.001874s ]
INFO: [ app_begin ] --END-- [ RunTime:0.001991s ]
SQL: SHOW COLUMNS FROM `ch_measure_data` [ RunTime:0.0239s ]
NOTIC: [2] Illegal offset type in isset or empty E:\xampp\htdocs\childGrow\ThinkPHP\Library\Think\Model.class.php 第 445 行.
SQL: UPDATE `ch_measure_data` SET `childBMI`='60' WHERE ( childID='88888888'and importTime='2017年4月19日' ) [ RunTime:0.0252s ]

[ 2017-04-19T14:23:31+08:00 ] 192.168.1.118 /childGrow/Mobile/login
INFO: [ app_init ] --START--
INFO: Run Behavior\BuildLiteBehavior [ RunTime:0.000022s ]
INFO: [ app_init ] --END-- [ RunTime:0.000807s ]
INFO: [ app_begin ] --START--
INFO: Run Behavior\ReadHtmlCacheBehavior [ RunTime:0.001069s ]
INFO: [ app_begin ] --END-- [ RunTime:0.001166s ]
SQL: SHOW COLUMNS FROM `ch_user` [ RunTime:0.0106s ]
SQL: SELECT * FROM `ch_user` WHERE `userAccount` = '123456' AND `userPassword` = 'ef915029557d46f6bb0e812e74cb1a28' LIMIT 1   [ RunTime:0.0010s ]
SQL: SHOW COLUMNS FROM `ch_child_base_info` [ RunTime:0.0104s ]
SQL: SELECT `childID`,`childIcon`,`childName`,`childBirthdate`,`childSex` FROM `ch_child_base_info` WHERE ( userAccount='123456' )  [ RunTime:0.0008s ]
SQL: SHOW COLUMNS FROM `ch_measure_data` [ RunTime:0.0105s ]
SQL: SELECT `childID`,`childHeight`,`childWeight`,`childHeadc`,`childBMI`,`importTime` FROM `ch_measure_data` WHERE ( userAccount='123456' )  [ RunTime:0.0012s ]

[ 2017-04-19T14:24:33+08:00 ] 192.168.1.118 /childGrow/Mobile/login
INFO: [ app_init ] --START--
INFO: Run Behavior\BuildLiteBehavior [ RunTime:0.000014s ]
INFO: [ app_init ] --END-- [ RunTime:0.000405s ]
INFO: [ app_begin ] --START--
INFO: Run Behavior\ReadHtmlCacheBehavior [ RunTime:0.000472s ]
INFO: [ app_begin ] --END-- [ RunTime:0.000526s ]
SQL: SHOW COLUMNS FROM `ch_user` [ RunTime:0.0104s ]
SQL: SELECT * FROM `ch_user` WHERE `userAccount` = '123456' AND `userPassword` = 'ef915029557d46f6bb0e812e74cb1a28' LIMIT 1   [ RunTime:0.0010s ]
SQL: SHOW COLUMNS FROM `ch_child_base_info` [ RunTime:0.0153s ]
SQL: SELECT `childID`,`childIcon`,`childName`,`childBirthdate`,`childSex` FROM `ch_child_base_info` WHERE ( userAccount='123456' )  [ RunTime:0.0011s ]
SQL: SHOW COLUMNS FROM `ch_measure_data` [ RunTime:0.0151s ]
SQL: SELECT `childID`,`childHeight`,`childWeight`,`childHeadc`,`childBMI`,`importTime` FROM `ch_measure_data` WHERE ( userAccount='123456' )  [ RunTime:0.0007s ]

[ 2017-04-19T14:26:02+08:00 ] 192.168.1.118 /childGrow/Mobile/login
INFO: [ app_init ] --START--
INFO: Run Behavior\BuildLiteBehavior [ RunTime:0.000035s ]
INFO: [ app_init ] --END-- [ RunTime:0.001379s ]
INFO: [ app_begin ] --START--
INFO: Run Behavior\ReadHtmlCacheBehavior [ RunTime:0.002162s ]
INFO: [ app_begin ] --END-- [ RunTime:0.002315s ]
SQL: SHOW COLUMNS FROM `ch_user` [ RunTime:0.0137s ]
SQL: SELECT * FROM `ch_user` WHERE `userAccount` = '123456' AND `userPassword` = 'ef915029557d46f6bb0e812e74cb1a28' LIMIT 1   [ RunTime:0.0005s ]
SQL: SHOW COLUMNS FROM `ch_child_base_info` [ RunTime:0.0044s ]
SQL: SELECT `childID`,`childIcon`,`childName`,`childBirthdate`,`childSex` FROM `ch_child_base_info` WHERE ( userAccount='123456' )  [ RunTime:0.0004s ]
SQL: SHOW COLUMNS FROM `ch_measure_data` [ RunTime:0.0042s ]
SQL: SELECT `childID`,`childHeight`,`childWeight`,`childHeadc`,`childBMI`,`importTime` FROM `ch_measure_data` WHERE ( userAccount='123456' )  [ RunTime:0.0005s ]

[ 2017-04-19T14:28:41+08:00 ] 192.168.1.118 /childGrow/Mobile/login
INFO: [ app_init ] --START--
INFO: Run Behavior\BuildLiteBehavior [ RunTime:0.000009s ]
INFO: [ app_init ] --END-- [ RunTime:0.000300s ]
INFO: [ app_begin ] --START--
INFO: Run Behavior\ReadHtmlCacheBehavior [ RunTime:0.000387s ]
INFO: [ app_begin ] --END-- [ RunTime:0.000421s ]
SQL: SHOW COLUMNS FROM `ch_user` [ RunTime:0.0109s ]
SQL: SELECT * FROM `ch_user` WHERE `userAccount` = '123456' AND `userPassword` = 'ef915029557d46f6bb0e812e74cb1a28' LIMIT 1   [ RunTime:0.0004s ]
SQL: SHOW COLUMNS FROM `ch_child_base_info` [ RunTime:0.0037s ]
SQL: SELECT `childID`,`childIcon`,`childName`,`childBirthdate`,`childSex` FROM `ch_child_base_info` WHERE ( userAccount='123456' )  [ RunTime:0.0003s ]
SQL: SHOW COLUMNS FROM `ch_measure_data` [ RunTime:0.0039s ]
SQL: SELECT `childID`,`childHeight`,`childWeight`,`childHeadc`,`childBMI`,`importTime` FROM `ch_measure_data` WHERE ( userAccount='123456' )  [ RunTime:0.0004s ]

[ 2017-04-19T14:32:27+08:00 ] 192.168.1.118 /childGrow/Mobile/login
INFO: [ app_init ] --START--
INFO: Run Behavior\BuildLiteBehavior [ RunTime:0.000034s ]
INFO: [ app_init ] --END-- [ RunTime:0.001377s ]
INFO: [ app_begin ] --START--
INFO: Run Behavior\ReadHtmlCacheBehavior [ RunTime:0.001150s ]
INFO: [ app_begin ] --END-- [ RunTime:0.001258s ]
SQL: SHOW COLUMNS FROM `ch_user` [ RunTime:0.0114s ]
SQL: SELECT * FROM `ch_user` WHERE `userAccount` = '123456' AND `userPassword` = 'ef915029557d46f6bb0e812e74cb1a28' LIMIT 1   [ RunTime:0.0014s ]
SQL: SHOW COLUMNS FROM `ch_child_base_info` [ RunTime:0.0151s ]
SQL: SELECT `childID`,`childIcon`,`childName`,`childBirthdate`,`childSex` FROM `ch_child_base_info` WHERE ( userAccount='123456' )  [ RunTime:0.0005s ]
SQL: SHOW COLUMNS FROM `ch_measure_data` [ RunTime:0.0053s ]
SQL: SELECT `childID`,`childHeight`,`childWeight`,`childHeadc`,`childBMI`,`importTime` FROM `ch_measure_data` WHERE ( userAccount='123456' )  [ RunTime:0.0005s ]

[ 2017-04-19T14:32:58+08:00 ] 192.168.1.118 /childGrow/Mobile/login
INFO: [ app_init ] --START--
INFO: Run Behavior\BuildLiteBehavior [ RunTime:0.000034s ]
INFO: [ app_init ] --END-- [ RunTime:0.001283s ]
INFO: [ app_begin ] --START--
INFO: Run Behavior\ReadHtmlCacheBehavior [ RunTime:0.001795s ]
INFO: [ app_begin ] --END-- [ RunTime:0.001922s ]
SQL: SHOW COLUMNS FROM `ch_user` [ RunTime:0.0040s ]
SQL: SELECT * FROM `ch_user` WHERE `userAccount` = '123456' AND `userPassword` = 'ef915029557d46f6bb0e812e74cb1a28' LIMIT 1   [ RunTime:0.0004s ]
SQL: SHOW COLUMNS FROM `ch_child_base_info` [ RunTime:0.0048s ]
SQL: SELECT `childID`,`childIcon`,`childName`,`childBirthdate`,`childSex` FROM `ch_child_base_info` WHERE ( userAccount='123456' )  [ RunTime:0.0005s ]
SQL: SHOW COLUMNS FROM `ch_measure_data` [ RunTime:0.0047s ]
SQL: SELECT `importTime`,`childID`,`childHeight`,`childWeight`,`childHeadc`,`childBMI` FROM `ch_measure_data` WHERE ( userAccount='123456' )  [ RunTime:0.0004s ]

[ 2017-04-19T14:35:40+08:00 ] 192.168.1.118 /childGrow/Mobile/register
INFO: [ app_init ] --START--
INFO: Run Behavior\BuildLiteBehavior [ RunTime:0.000017s ]
INFO: [ app_init ] --END-- [ RunTime:0.000714s ]
INFO: [ app_begin ] --START--
INFO: Run Behavior\ReadHtmlCacheBehavior [ RunTime:0.000861s ]
INFO: [ app_begin ] --END-- [ RunTime:0.000930s ]
SQL: SHOW COLUMNS FROM `ch_user` [ RunTime:0.0037s ]
SQL: SHOW COLUMNS FROM `ch_child_base_info` [ RunTime:0.0027s ]
SQL: SELECT * FROM `ch_user` WHERE ( userAccount='' ) LIMIT 1   [ RunTime:0.0003s ]
SQL: INSERT INTO `ch_user` (`userAccount`,`userPassword`,`userName`) VALUES ('','74be16979710d4c4e7c6647856088456','') [ RunTime:0.0339s ]
SQL: INSERT INTO `ch_child_base_info` (`userAccount`,`childID`,`childName`,`childBirthdate`,`childSex`) VALUES ('','','','','男') [ RunTime:0.0273s ]

[ 2017-04-19T16:10:55+08:00 ] 192.168.1.163 /childGrow/Mobile/login
INFO: [ app_init ] --START--
INFO: Run Behavior\BuildLiteBehavior [ RunTime:0.000021s ]
INFO: [ app_init ] --END-- [ RunTime:0.000873s ]
INFO: [ app_begin ] --START--
INFO: Run Behavior\ReadHtmlCacheBehavior [ RunTime:0.001095s ]
INFO: [ app_begin ] --END-- [ RunTime:0.001182s ]

[ 2017-04-19T16:11:18+08:00 ] 192.168.1.163 /childGrow/Mobile/login
INFO: [ app_init ] --START--
INFO: Run Behavior\BuildLiteBehavior [ RunTime:0.000035s ]
INFO: [ app_init ] --END-- [ RunTime:0.001425s ]
INFO: [ app_begin ] --START--
INFO: Run Behavior\ReadHtmlCacheBehavior [ RunTime:0.000898s ]
INFO: [ app_begin ] --END-- [ RunTime:0.001009s ]

[ 2017-04-19T16:11:24+08:00 ] 192.168.1.163 /childGrow/Mobile/login
INFO: [ app_init ] --START--
INFO: Run Behavior\BuildLiteBehavior [ RunTime:0.000012s ]
INFO: [ app_init ] --END-- [ RunTime:0.000438s ]
INFO: [ app_begin ] --START--
INFO: Run Behavior\ReadHtmlCacheBehavior [ RunTime:0.000509s ]
INFO: [ app_begin ] --END-- [ RunTime:0.000564s ]

[ 2017-04-19T16:11:25+08:00 ] 192.168.1.163 /childGrow/Mobile/login
INFO: [ app_init ] --START--
INFO: Run Behavior\BuildLiteBehavior [ RunTime:0.000023s ]
INFO: [ app_init ] --END-- [ RunTime:0.000737s ]
INFO: [ app_begin ] --START--
INFO: Run Behavior\ReadHtmlCacheBehavior [ RunTime:0.000901s ]
INFO: [ app_begin ] --END-- [ RunTime:0.001002s ]

[ 2017-04-19T16:11:40+08:00 ] 192.168.1.163 /childGrow/Mobile/login
INFO: [ app_init ] --START--
INFO: Run Behavior\BuildLiteBehavior [ RunTime:0.000016s ]
INFO: [ app_init ] --END-- [ RunTime:0.000429s ]
INFO: [ app_begin ] --START--
INFO: Run Behavior\ReadHtmlCacheBehavior [ RunTime:0.000579s ]
INFO: [ app_begin ] --END-- [ RunTime:0.000660s ]

[ 2017-04-19T16:11:41+08:00 ] 192.168.1.163 /childGrow/Mobile/login
INFO: [ app_init ] --START--
INFO: Run Behavior\BuildLiteBehavior [ RunTime:0.000028s ]
INFO: [ app_init ] --END-- [ RunTime:0.000901s ]
INFO: [ app_begin ] --START--
INFO: Run Behavior\ReadHtmlCacheBehavior [ RunTime:0.001284s ]
INFO: [ app_begin ] --END-- [ RunTime:0.001428s ]

[ 2017-04-19T16:11:42+08:00 ] 192.168.1.163 /childGrow/Mobile/login
INFO: [ app_init ] --START--
INFO: Run Behavior\BuildLiteBehavior [ RunTime:0.000018s ]
INFO: [ app_init ] --END-- [ RunTime:0.000669s ]
INFO: [ app_begin ] --START--
INFO: Run Behavior\ReadHtmlCacheBehavior [ RunTime:0.000841s ]
INFO: [ app_begin ] --END-- [ RunTime:0.000926s ]

[ 2017-04-19T16:11:45+08:00 ] 192.168.1.163 /childGrow/Mobile/login
INFO: [ app_init ] --START--
INFO: Run Behavior\BuildLiteBehavior [ RunTime:0.000078s ]
INFO: [ app_init ] --END-- [ RunTime:0.001376s ]
INFO: [ app_begin ] --START--
INFO: Run Behavior\ReadHtmlCacheBehavior [ RunTime:0.001635s ]
INFO: [ app_begin ] --END-- [ RunTime:0.001792s ]

[ 2017-04-19T16:12:28+08:00 ] 192.168.1.163 /childGrow/Mobile/login
INFO: [ app_init ] --START--
INFO: Run Behavior\BuildLiteBehavior [ RunTime:0.000013s ]
INFO: [ app_init ] --END-- [ RunTime:0.000365s ]
INFO: [ app_begin ] --START--
INFO: Run Behavior\ReadHtmlCacheBehavior [ RunTime:0.000417s ]
INFO: [ app_begin ] --END-- [ RunTime:0.000470s ]

[ 2017-04-19T16:13:57+08:00 ] 192.168.1.118 /childGrow/Mobile/login
INFO: [ app_init ] --START--
INFO: Run Behavior\BuildLiteBehavior [ RunTime:0.000014s ]
INFO: [ app_init ] --END-- [ RunTime:0.000513s ]
INFO: [ app_begin ] --START--
INFO: Run Behavior\ReadHtmlCacheBehavior [ RunTime:0.000719s ]
INFO: [ app_begin ] --END-- [ RunTime:0.000775s ]
SQL: SHOW COLUMNS FROM `ch_user` [ RunTime:0.0108s ]
SQL: SELECT * FROM `ch_user` WHERE `userAccount` = '123456' AND `userPassword` = 'ef915029557d46f6bb0e812e74cb1a28' LIMIT 1   [ RunTime:0.0010s ]
SQL: SHOW COLUMNS FROM `ch_child_base_info` [ RunTime:0.0136s ]
SQL: SELECT `childID`,`childIcon`,`childName`,`childBirthdate`,`childSex` FROM `ch_child_base_info` WHERE ( userAccount='123456' )  [ RunTime:0.0010s ]
SQL: SHOW COLUMNS FROM `ch_measure_data` [ RunTime:0.0096s ]
SQL: SELECT `importTime`,`childID`,`childHeight`,`childWeight`,`childHeadc`,`childBMI` FROM `ch_measure_data` WHERE ( userAccount='123456' )  [ RunTime:0.0008s ]

[ 2017-04-19T16:14:59+08:00 ] ::1 /childGrow/Mobile/timeReplace
INFO: [ app_init ] --START--
INFO: Run Behavior\BuildLiteBehavior [ RunTime:0.000014s ]
INFO: [ app_init ] --END-- [ RunTime:0.000455s ]
INFO: [ app_begin ] --START--
INFO: Run Behavior\ReadHtmlCacheBehavior [ RunTime:0.000608s ]
INFO: [ app_begin ] --END-- [ RunTime:0.000689s ]
ERR: 非法操作:timeReplace

[ 2017-04-19T16:15:14+08:00 ] ::1 /childGrow/Mobile/timeReplace
INFO: [ app_init ] --START--
INFO: Run Behavior\BuildLiteBehavior [ RunTime:0.000013s ]
INFO: [ app_init ] --END-- [ RunTime:0.000438s ]
INFO: [ app_begin ] --START--
INFO: Run Behavior\ReadHtmlCacheBehavior [ RunTime:0.000673s ]
INFO: [ app_begin ] --END-- [ RunTime:0.000749s ]
INFO: [ app_end ] --START--
INFO: Run Behavior\ShowPageTraceBehavior [ RunTime:0.010259s ]
INFO: [ app_end ] --END-- [ RunTime:0.010350s ]

[ 2017-04-19T16:15:57+08:00 ] ::1 /childGrow/Mobile/timeReplace
INFO: [ app_init ] --START--
INFO: Run Behavior\BuildLiteBehavior [ RunTime:0.000014s ]
INFO: [ app_init ] --END-- [ RunTime:0.000477s ]
INFO: [ app_begin ] --START--
INFO: Run Behavior\ReadHtmlCacheBehavior [ RunTime:0.000807s ]
INFO: [ app_begin ] --END-- [ RunTime:0.000886s ]
INFO: [ app_end ] --START--
INFO: Run Behavior\ShowPageTraceBehavior [ RunTime:0.000750s ]
INFO: [ app_end ] --END-- [ RunTime:0.000818s ]

[ 2017-04-19T16:18:01+08:00 ] ::1 /childGrow/Mobile/timeReplace
INFO: [ app_init ] --START--
INFO: Run Behavior\BuildLiteBehavior [ RunTime:0.000008s ]
INFO: [ app_init ] --END-- [ RunTime:0.000376s ]
INFO: [ app_begin ] --START--
INFO: Run Behavior\ReadHtmlCacheBehavior [ RunTime:0.000545s ]
INFO: [ app_begin ] --END-- [ RunTime:0.000600s ]
INFO: [ app_end ] --START--
INFO: Run Behavior\ShowPageTraceBehavior [ RunTime:0.000503s ]
INFO: [ app_end ] --END-- [ RunTime:0.000550s ]

[ 2017-04-19T16:18:02+08:00 ] ::1 /childGrow/Mobile/timeReplace
INFO: [ app_init ] --START--
INFO: Run Behavior\BuildLiteBehavior [ RunTime:0.000013s ]
INFO: [ app_init ] --END-- [ RunTime:0.000304s ]
INFO: [ app_begin ] --START--
INFO: Run Behavior\ReadHtmlCacheBehavior [ RunTime:0.000428s ]
INFO: [ app_begin ] --END-- [ RunTime:0.000487s ]
INFO: [ app_end ] --START--
INFO: Run Behavior\ShowPageTraceBehavior [ RunTime:0.000639s ]
INFO: [ app_end ] --END-- [ RunTime:0.000701s ]

[ 2017-04-19T16:18:02+08:00 ] ::1 /childGrow/Mobile/timeReplace
INFO: [ app_init ] --START--
INFO: Run Behavior\BuildLiteBehavior [ RunTime:0.000008s ]
INFO: [ app_init ] --END-- [ RunTime:0.000334s ]
INFO: [ app_begin ] --START--
INFO: Run Behavior\ReadHtmlCacheBehavior [ RunTime:0.000384s ]
INFO: [ app_begin ] --END-- [ RunTime:0.000417s ]
INFO: [ app_end ] --START--
INFO: Run Behavior\ShowPageTraceBehavior [ RunTime:0.000478s ]
INFO: [ app_end ] --END-- [ RunTime:0.000511s ]

[ 2017-04-19T16:18:02+08:00 ] ::1 /childGrow/Mobile/timeReplace
INFO: [ app_init ] --START--
INFO: Run Behavior\BuildLiteBehavior [ RunTime:0.000008s ]
INFO: [ app_init ] --END-- [ RunTime:0.000337s ]
INFO: [ app_begin ] --START--
INFO: Run Behavior\ReadHtmlCacheBehavior [ RunTime:0.000385s ]
INFO: [ app_begin ] --END-- [ RunTime:0.000418s ]
INFO: [ app_end ] --START--
INFO: Run Behavior\ShowPageTraceBehavior [ RunTime:0.000477s ]
INFO: [ app_end ] --END-- [ RunTime:0.000509s ]

[ 2017-04-19T16:18:05+08:00 ] ::1 /childGrow/Mobile/timeReplace
INFO: [ app_init ] --START--
INFO: Run Behavior\BuildLiteBehavior [ RunTime:0.000012s ]
INFO: [ app_init ] --END-- [ RunTime:0.000523s ]
INFO: [ app_begin ] --START--
INFO: Run Behavior\ReadHtmlCacheBehavior [ RunTime:0.000470s ]
INFO: [ app_begin ] --END-- [ RunTime:0.000522s ]
INFO: [ app_end ] --START--
INFO: Run Behavior\ShowPageTraceBehavior [ RunTime:0.000498s ]
INFO: [ app_end ] --END-- [ RunTime:0.000534s ]

[ 2017-04-19T16:18:05+08:00 ] ::1 /childGrow/Mobile/timeReplace
INFO: [ app_init ] --START--
INFO: Run Behavior\BuildLiteBehavior [ RunTime:0.000009s ]
INFO: [ app_init ] --END-- [ RunTime:0.000328s ]
INFO: [ app_begin ] --START--
INFO: Run Behavior\ReadHtmlCacheBehavior [ RunTime:0.000401s ]
INFO: [ app_begin ] --END-- [ RunTime:0.000438s ]
INFO: [ app_end ] --START--
INFO: Run Behavior\ShowPageTraceBehavior [ RunTime:0.000456s ]
INFO: [ app_end ] --END-- [ RunTime:0.000499s ]

[ 2017-04-19T16:18:05+08:00 ] ::1 /childGrow/Mobile/timeReplace
INFO: [ app_init ] --START--
INFO: Run Behavior\BuildLiteBehavior [ RunTime:0.000014s ]
INFO: [ app_init ] --END-- [ RunTime:0.000409s ]
INFO: [ app_begin ] --START--
INFO: Run Behavior\ReadHtmlCacheBehavior [ RunTime:0.000593s ]
INFO: [ app_begin ] --END-- [ RunTime:0.000654s ]
INFO: [ app_end ] --START--
INFO: Run Behavior\ShowPageTraceBehavior [ RunTime:0.000674s ]
INFO: [ app_end ] --END-- [ RunTime:0.000738s ]

[ 2017-04-19T16:18:15+08:00 ] ::1 /childGrow/Mobile/timeReplace
INFO: [ app_init ] --START--
INFO: Run Behavior\BuildLiteBehavior [ RunTime:0.000016s ]
INFO: [ app_init ] --END-- [ RunTime:0.000526s ]
INFO: [ app_begin ] --START--
INFO: Run Behavior\ReadHtmlCacheBehavior [ RunTime:0.000798s ]
INFO: [ app_begin ] --END-- [ RunTime:0.000874s ]
INFO: [ app_end ] --START--
INFO: Run Behavior\ShowPageTraceBehavior [ RunTime:0.000841s ]
INFO: [ app_end ] --END-- [ RunTime:0.000919s ]

[ 2017-04-19T16:18:15+08:00 ] ::1 /childGrow/Mobile/timeReplace
INFO: [ app_init ] --START--
INFO: Run Behavior\BuildLiteBehavior [ RunTime:0.000014s ]
INFO: [ app_init ] --END-- [ RunTime:0.000507s ]
INFO: [ app_begin ] --START--
INFO: Run Behavior\ReadHtmlCacheBehavior [ RunTime:0.000533s ]
INFO: [ app_begin ] --END-- [ RunTime:0.000570s ]
INFO: [ app_end ] --START--
INFO: Run Behavior\ShowPageTraceBehavior [ RunTime:0.000495s ]
INFO: [ app_end ] --END-- [ RunTime:0.000530s ]

[ 2017-04-19T16:18:15+08:00 ] ::1 /childGrow/Mobile/timeReplace
INFO: [ app_init ] --START--
INFO: Run Behavior\BuildLiteBehavior [ RunTime:0.000009s ]
INFO: [ app_init ] --END-- [ RunTime:0.000323s ]
INFO: [ app_begin ] --START--
INFO: Run Behavior\ReadHtmlCacheBehavior [ RunTime:0.000522s ]
INFO: [ app_begin ] --END-- [ RunTime:0.000553s ]
INFO: [ app_end ] --START--
INFO: Run Behavior\ShowPageTraceBehavior [ RunTime:0.000712s ]
INFO: [ app_end ] --END-- [ RunTime:0.000778s ]

[ 2017-04-19T16:18:16+08:00 ] ::1 /childGrow/Mobile/timeReplace
INFO: [ app_init ] --START--
INFO: Run Behavior\BuildLiteBehavior [ RunTime:0.000009s ]
INFO: [ app_init ] --END-- [ RunTime:0.000360s ]
INFO: [ app_begin ] --START--
INFO: Run Behavior\ReadHtmlCacheBehavior [ RunTime:0.000521s ]
INFO: [ app_begin ] --END-- [ RunTime:0.000553s ]
INFO: [ app_end ] --START--
INFO: Run Behavior\ShowPageTraceBehavior [ RunTime:0.000832s ]
INFO: [ app_end ] --END-- [ RunTime:0.000892s ]

[ 2017-04-19T16:18:16+08:00 ] ::1 /childGrow/Mobile/timeReplace
INFO: [ app_init ] --START--
INFO: Run Behavior\BuildLiteBehavior [ RunTime:0.000009s ]
INFO: [ app_init ] --END-- [ RunTime:0.000345s ]
INFO: [ app_begin ] --START--
INFO: Run Behavior\ReadHtmlCacheBehavior [ RunTime:0.000499s ]
INFO: [ app_begin ] --END-- [ RunTime:0.000531s ]
INFO: [ app_end ] --START--
INFO: Run Behavior\ShowPageTraceBehavior [ RunTime:0.000664s ]
INFO: [ app_end ] --END-- [ RunTime:0.000723s ]

[ 2017-04-19T16:18:16+08:00 ] ::1 /childGrow/Mobile/timeReplace
INFO: [ app_init ] --START--
INFO: Run Behavior\BuildLiteBehavior [ RunTime:0.000016s ]
INFO: [ app_init ] --END-- [ RunTime:0.000504s ]
INFO: [ app_begin ] --START--
INFO: Run Behavior\ReadHtmlCacheBehavior [ RunTime:0.000824s ]
INFO: [ app_begin ] --END-- [ RunTime:0.000895s ]
INFO: [ app_end ] --START--
INFO: Run Behavior\ShowPageTraceBehavior [ RunTime:0.000775s ]
INFO: [ app_end ] --END-- [ RunTime:0.000836s ]

[ 2017-04-19T18:34:36+08:00 ] ::1 /childGrow/Mobile/timeInterval(2013-05-27,2017-08-12)
INFO: [ app_init ] --START--
INFO: Run Behavior\BuildLiteBehavior [ RunTime:0.000009s ]
INFO: [ app_init ] --END-- [ RunTime:0.000330s ]
INFO: [ app_begin ] --START--
INFO: Run Behavior\ReadHtmlCacheBehavior [ RunTime:0.000463s ]
INFO: [ app_begin ] --END-- [ RunTime:0.000496s ]
ERR: 非法操作:timeInterval(2013-05-27,2017-08-12)

[ 2017-04-19T18:34:51+08:00 ] ::1 /childGrow/Mobile/timeInterval(2013-05-27,2017-08-12)
INFO: [ app_init ] --START--
INFO: Run Behavior\BuildLiteBehavior [ RunTime:0.000017s ]
INFO: [ app_init ] --END-- [ RunTime:0.000677s ]
INFO: [ app_begin ] --START--
INFO: Run Behavior\ReadHtmlCacheBehavior [ RunTime:0.000795s ]
INFO: [ app_begin ] --END-- [ RunTime:0.000860s ]
ERR: 非法操作:timeInterval(2013-05-27,2017-08-12)

[ 2017-04-19T18:34:53+08:00 ] ::1 /childGrow/Mobile/timeInterval(2013-05-27,2017-08-12)
INFO: [ app_init ] --START--
INFO: Run Behavior\BuildLiteBehavior [ RunTime:0.000016s ]
INFO: [ app_init ] --END-- [ RunTime:0.000494s ]
INFO: [ app_begin ] --START--
INFO: Run Behavior\ReadHtmlCacheBehavior [ RunTime:0.000761s ]
INFO: [ app_begin ] --END-- [ RunTime:0.000821s ]
ERR: 非法操作:timeInterval(2013-05-27,2017-08-12)

[ 2017-04-19T18:34:53+08:00 ] ::1 /childGrow/Mobile/timeInterval(2013-05-27,2017-08-12)
INFO: [ app_init ] --START--
INFO: Run Behavior\BuildLiteBehavior [ RunTime:0.000008s ]
INFO: [ app_init ] --END-- [ RunTime:0.000376s ]
INFO: [ app_begin ] --START--
INFO: Run Behavior\ReadHtmlCacheBehavior [ RunTime:0.000868s ]
INFO: [ app_begin ] --END-- [ RunTime:0.000937s ]
ERR: 非法操作:timeInterval(2013-05-27,2017-08-12)

[ 2017-04-19T18:34:53+08:00 ] ::1 /childGrow/Mobile/timeInterval(2013-05-27,2017-08-12)
INFO: [ app_init ] --START--
INFO: Run Behavior\BuildLiteBehavior [ RunTime:0.000011s ]
INFO: [ app_init ] --END-- [ RunTime:0.000388s ]
INFO: [ app_begin ] --START--
INFO: Run Behavior\ReadHtmlCacheBehavior [ RunTime:0.000525s ]
INFO: [ app_begin ] --END-- [ RunTime:0.000557s ]
ERR: 非法操作:timeInterval(2013-05-27,2017-08-12)

[ 2017-04-19T18:34:53+08:00 ] ::1 /childGrow/Mobile/timeInterval(2013-05-27,2017-08-12)
INFO: [ app_init ] --START--
INFO: Run Behavior\BuildLiteBehavior [ RunTime:0.000010s ]
INFO: [ app_init ] --END-- [ RunTime:0.000367s ]
INFO: [ app_begin ] --START--
INFO: Run Behavior\ReadHtmlCacheBehavior [ RunTime:0.000742s ]
INFO: [ app_begin ] --END-- [ RunTime:0.000818s ]
ERR: 非法操作:timeInterval(2013-05-27,2017-08-12)

[ 2017-04-19T18:34:54+08:00 ] ::1 /childGrow/Mobile/timeInterval(2013-05-27,2017-08-12)
INFO: [ app_init ] --START--
INFO: Run Behavior\BuildLiteBehavior [ RunTime:0.000015s ]
INFO: [ app_init ] --END-- [ RunTime:0.000612s ]
INFO: [ app_begin ] --START--
INFO: Run Behavior\ReadHtmlCacheBehavior [ RunTime:0.000506s ]
INFO: [ app_begin ] --END-- [ RunTime:0.000556s ]
ERR: 非法操作:timeInterval(2013-05-27,2017-08-12)

[ 2017-04-19T18:34:54+08:00 ] ::1 /childGrow/Mobile/timeInterval(2013-05-27,2017-08-12)
INFO: [ app_init ] --START--
INFO: Run Behavior\BuildLiteBehavior [ RunTime:0.000016s ]
INFO: [ app_init ] --END-- [ RunTime:0.000589s ]
INFO: [ app_begin ] --START--
INFO: Run Behavior\ReadHtmlCacheBehavior [ RunTime:0.000773s ]
INFO: [ app_begin ] --END-- [ RunTime:0.000839s ]
ERR: 非法操作:timeInterval(2013-05-27,2017-08-12)

[ 2017-04-19T18:34:54+08:00 ] ::1 /childGrow/Mobile/timeInterval(2013-05-27,2017-08-12)
INFO: [ app_init ] --START--
INFO: Run Behavior\BuildLiteBehavior [ RunTime:0.000013s ]
INFO: [ app_init ] --END-- [ RunTime:0.000471s ]
INFO: [ app_begin ] --START--
INFO: Run Behavior\ReadHtmlCacheBehavior [ RunTime:0.000631s ]
INFO: [ app_begin ] --END-- [ RunTime:0.000671s ]
ERR: 非法操作:timeInterval(2013-05-27,2017-08-12)

[ 2017-04-19T18:34:54+08:00 ] ::1 /childGrow/Mobile/timeInterval(2013-05-27,2017-08-12)
INFO: [ app_init ] --START--
INFO: Run Behavior\BuildLiteBehavior [ RunTime:0.000011s ]
INFO: [ app_init ] --END-- [ RunTime:0.000431s ]
INFO: [ app_begin ] --START--
INFO: Run Behavior\ReadHtmlCacheBehavior [ RunTime:0.000740s ]
INFO: [ app_begin ] --END-- [ RunTime:0.000815s ]
ERR: 非法操作:timeInterval(2013-05-27,2017-08-12)

[ 2017-04-19T18:35:06+08:00 ] ::1 /childGrow/Mobile/timeInterval(2013-05-27,2017-08-12)
INFO: [ app_init ] --START--
INFO: Run Behavior\BuildLiteBehavior [ RunTime:0.000019s ]
INFO: [ app_init ] --END-- [ RunTime:0.000657s ]
INFO: [ app_begin ] --START--
INFO: Run Behavior\ReadHtmlCacheBehavior [ RunTime:0.000531s ]
INFO: [ app_begin ] --END-- [ RunTime:0.000598s ]
ERR: 非法操作:timeInterval(2013-05-27,2017-08-12)

[ 2017-04-19T18:35:06+08:00 ] ::1 /childGrow/Mobile/timeInterval(2013-05-27,2017-08-12)
INFO: [ app_init ] --START--
INFO: Run Behavior\BuildLiteBehavior [ RunTime:0.000013s ]
INFO: [ app_init ] --END-- [ RunTime:0.000340s ]
INFO: [ app_begin ] --START--
INFO: Run Behavior\ReadHtmlCacheBehavior [ RunTime:0.000686s ]
INFO: [ app_begin ] --END-- [ RunTime:0.000732s ]
ERR: 非法操作:timeInterval(2013-05-27,2017-08-12)

[ 2017-04-19T18:35:07+08:00 ] ::1 /childGrow/Mobile/timeInterval(2013-05-27,2017-08-12)
INFO: [ app_init ] --START--
INFO: Run Behavior\BuildLiteBehavior [ RunTime:0.000015s ]
INFO: [ app_init ] --END-- [ RunTime:0.000498s ]
INFO: [ app_begin ] --START--
INFO: Run Behavior\ReadHtmlCacheBehavior [ RunTime:0.000772s ]
INFO: [ app_begin ] --END-- [ RunTime:0.000842s ]
ERR: 非法操作:timeInterval(2013-05-27,2017-08-12)

[ 2017-04-19T18:35:07+08:00 ] ::1 /childGrow/Mobile/timeInterval(2013-05-27,2017-08-12)
INFO: [ app_init ] --START--
INFO: Run Behavior\BuildLiteBehavior [ RunTime:0.000009s ]
INFO: [ app_init ] --END-- [ RunTime:0.000398s ]
INFO: [ app_begin ] --START--
INFO: Run Behavior\ReadHtmlCacheBehavior [ RunTime:0.000628s ]
INFO: [ app_begin ] --END-- [ RunTime:0.000675s ]
ERR: 非法操作:timeInterval(2013-05-27,2017-08-12)

[ 2017-04-19T18:35:07+08:00 ] ::1 /childGrow/Mobile/timeInterval(2013-05-27,2017-08-12)
INFO: [ app_init ] --START--
INFO: Run Behavior\BuildLiteBehavior [ RunTime:0.000014s ]
INFO: [ app_init ] --END-- [ RunTime:0.000654s ]
INFO: [ app_begin ] --START--
INFO: Run Behavior\ReadHtmlCacheBehavior [ RunTime:0.000689s ]
INFO: [ app_begin ] --END-- [ RunTime:0.000750s ]
ERR: 非法操作:timeInterval(2013-05-27,2017-08-12)

[ 2017-04-19T18:35:39+08:00 ] ::1 /childGrow/Mobile/timeInterval(2013-05-27,2017-08-12)
INFO: [ app_init ] --START--
INFO: Run Behavior\BuildLiteBehavior [ RunTime:0.000011s ]
INFO: [ app_init ] --END-- [ RunTime:0.000425s ]
INFO: [ app_begin ] --START--
INFO: Run Behavior\ReadHtmlCacheBehavior [ RunTime:0.000670s ]
INFO: [ app_begin ] --END-- [ RunTime:0.000719s ]
ERR: 非法操作:timeInterval(2013-05-27,2017-08-12)

[ 2017-04-19T18:36:00+08:00 ] ::1 /childGrow/Mobile/timeInterval(%222013-05-27%22,%222017-08-12%22)
INFO: [ app_init ] --START--
INFO: Run Behavior\BuildLiteBehavior [ RunTime:0.000010s ]
INFO: [ app_init ] --END-- [ RunTime:0.000299s ]
INFO: [ app_begin ] --START--
INFO: Run Behavior\ReadHtmlCacheBehavior [ RunTime:0.000439s ]
INFO: [ app_begin ] --END-- [ RunTime:0.000481s ]
ERR: 非法操作:timeInterval("2013-05-27","2017-08-12")

[ 2017-04-19T18:37:02+08:00 ] ::1 /childGrow/Mobile/timeInterval(%222013-05-27%22,%222017-08-12%22)
INFO: [ app_init ] --START--
INFO: Run Behavior\BuildLiteBehavior [ RunTime:0.000009s ]
INFO: [ app_init ] --END-- [ RunTime:0.000353s ]
INFO: [ app_begin ] --START--
INFO: Run Behavior\ReadHtmlCacheBehavior [ RunTime:0.000535s ]
INFO: [ app_begin ] --END-- [ RunTime:0.000568s ]
ERR: 非法操作:timeInterval("2013-05-27","2017-08-12")

[ 2017-04-19T18:37:03+08:00 ] ::1 /childGrow/Mobile/timeInterval(%222013-05-27%22,%222017-08-12%22)
INFO: [ app_init ] --START--
INFO: Run Behavior\BuildLiteBehavior [ RunTime:0.000017s ]
INFO: [ app_init ] --END-- [ RunTime:0.000765s ]
INFO: [ app_begin ] --START--
INFO: Run Behavior\ReadHtmlCacheBehavior [ RunTime:0.000614s ]
INFO: [ app_begin ] --END-- [ RunTime:0.000657s ]
ERR: 非法操作:timeInterval("2013-05-27","2017-08-12")

[ 2017-04-19T18:37:03+08:00 ] ::1 /childGrow/Mobile/timeInterval(%222013-05-27%22,%222017-08-12%22)
INFO: [ app_init ] --START--
INFO: Run Behavior\BuildLiteBehavior [ RunTime:0.000015s ]
INFO: [ app_init ] --END-- [ RunTime:0.000463s ]
INFO: [ app_begin ] --START--
INFO: Run Behavior\ReadHtmlCacheBehavior [ RunTime:0.000874s ]
INFO: [ app_begin ] --END-- [ RunTime:0.000960s ]
ERR: 非法操作:timeInterval("2013-05-27","2017-08-12")

[ 2017-04-19T18:37:03+08:00 ] ::1 /childGrow/Mobile/timeInterval(%222013-05-27%22,%222017-08-12%22)
INFO: [ app_init ] --START--
INFO: Run Behavior\BuildLiteBehavior [ RunTime:0.000018s ]
INFO: [ app_init ] --END-- [ RunTime:0.000619s ]
INFO: [ app_begin ] --START--
INFO: Run Behavior\ReadHtmlCacheBehavior [ RunTime:0.000915s ]
INFO: [ app_begin ] --END-- [ RunTime:0.000984s ]
ERR: 非法操作:timeInterval("2013-05-27","2017-08-12")

[ 2017-04-19T18:37:03+08:00 ] ::1 /childGrow/Mobile/timeInterval(%222013-05-27%22,%222017-08-12%22)
INFO: [ app_init ] --START--
INFO: Run Behavior\BuildLiteBehavior [ RunTime:0.000012s ]
INFO: [ app_init ] --END-- [ RunTime:0.000325s ]
INFO: [ app_begin ] --START--
INFO: Run Behavior\ReadHtmlCacheBehavior [ RunTime:0.000533s ]
INFO: [ app_begin ] --END-- [ RunTime:0.000577s ]
ERR: 非法操作:timeInterval("2013-05-27","2017-08-12")

[ 2017-04-19T18:37:04+08:00 ] ::1 /childGrow/Mobile/timeInterval(%222013-05-27%22,%222017-08-12%22)
INFO: [ app_init ] --START--
INFO: Run Behavior\BuildLiteBehavior [ RunTime:0.000015s ]
INFO: [ app_init ] --END-- [ RunTime:0.000476s ]
INFO: [ app_begin ] --START--
INFO: Run Behavior\ReadHtmlCacheBehavior [ RunTime:0.000536s ]
INFO: [ app_begin ] --END-- [ RunTime:0.000583s ]
ERR: 非法操作:timeInterval("2013-05-27","2017-08-12")

[ 2017-04-19T18:37:04+08:00 ] ::1 /childGrow/Mobile/timeInterval(%222013-05-27%22,%222017-08-12%22)
INFO: [ app_init ] --START--
INFO: Run Behavior\BuildLiteBehavior [ RunTime:0.000014s ]
INFO: [ app_init ] --END-- [ RunTime:0.000491s ]
INFO: [ app_begin ] --START--
INFO: Run Behavior\ReadHtmlCacheBehavior [ RunTime:0.000844s ]
INFO: [ app_begin ] --END-- [ RunTime:0.000912s ]
ERR: 非法操作:timeInterval("2013-05-27","2017-08-12")

[ 2017-04-19T18:37:04+08:00 ] ::1 /childGrow/Mobile/timeInterval(%222013-05-27%22,%222017-08-12%22)
INFO: [ app_init ] --START--
INFO: Run Behavior\BuildLiteBehavior [ RunTime:0.000009s ]
INFO: [ app_init ] --END-- [ RunTime:0.000299s ]
INFO: [ app_begin ] --START--
INFO: Run Behavior\ReadHtmlCacheBehavior [ RunTime:0.000515s ]
INFO: [ app_begin ] --END-- [ RunTime:0.000547s ]
ERR: 非法操作:timeInterval("2013-05-27","2017-08-12")

[ 2017-04-19T18:37:05+08:00 ] ::1 /childGrow/Mobile/timeInterval(%222013-05-27%22,%222017-08-12%22)
INFO: [ app_init ] --START--
INFO: Run Behavior\BuildLiteBehavior [ RunTime:0.000027s ]
INFO: [ app_init ] --END-- [ RunTime:0.001374s ]
INFO: [ app_begin ] --START--
INFO: Run Behavior\ReadHtmlCacheBehavior [ RunTime:0.001242s ]
INFO: [ app_begin ] --END-- [ RunTime:0.001327s ]
ERR: 非法操作:timeInterval("2013-05-27","2017-08-12")

[ 2017-04-19T18:37:05+08:00 ] ::1 /childGrow/Mobile/timeInterval(%222013-05-27%22,%222017-08-12%22)
INFO: [ app_init ] --START--
INFO: Run Behavior\BuildLiteBehavior [ RunTime:0.000013s ]
INFO: [ app_init ] --END-- [ RunTime:0.000555s ]
INFO: [ app_begin ] --START--
INFO: Run Behavior\ReadHtmlCacheBehavior [ RunTime:0.000724s ]
INFO: [ app_begin ] --END-- [ RunTime:0.000771s ]
ERR: 非法操作:timeInterval("2013-05-27","2017-08-12")

[ 2017-04-19T18:37:54+08:00 ] ::1 /childGrow/Mobile/timeInterval()
INFO: [ app_init ] --START--
INFO: Run Behavior\BuildLiteBehavior [ RunTime:0.000008s ]
INFO: [ app_init ] --END-- [ RunTime:0.000328s ]
INFO: [ app_begin ] --START--
INFO: Run Behavior\ReadHtmlCacheBehavior [ RunTime:0.000424s ]
INFO: [ app_begin ] --END-- [ RunTime:0.000455s ]
ERR: 非法操作:timeInterval()

[ 2017-04-19T18:37:59+08:00 ] ::1 /childGrow/Mobile/timeInterval
INFO: [ app_init ] --START--
INFO: Run Behavior\BuildLiteBehavior [ RunTime:0.000026s ]
INFO: [ app_init ] --END-- [ RunTime:0.000604s ]
INFO: [ app_begin ] --START--
INFO: Run Behavior\ReadHtmlCacheBehavior [ RunTime:0.000756s ]
INFO: [ app_begin ] --END-- [ RunTime:0.000829s ]
INFO: [ app_end ] --START--
INFO: Run Behavior\ShowPageTraceBehavior [ RunTime:0.000971s ]
INFO: [ app_end ] --END-- [ RunTime:0.001058s ]

[ 2017-04-19T18:38:14+08:00 ] ::1 /childGrow/Mobile/timeInterval
INFO: [ app_init ] --START--
INFO: Run Behavior\BuildLiteBehavior [ RunTime:0.000010s ]
INFO: [ app_init ] --END-- [ RunTime:0.000309s ]
INFO: [ app_begin ] --START--
INFO: Run Behavior\ReadHtmlCacheBehavior [ RunTime:0.000452s ]
INFO: [ app_begin ] --END-- [ RunTime:0.000484s ]
INFO: [ app_end ] --START--
INFO: Run Behavior\ShowPageTraceBehavior [ RunTime:0.000464s ]
INFO: [ app_end ] --END-- [ RunTime:0.000497s ]

[ 2017-04-19T18:43:24+08:00 ] ::1 /childGrow/Mobile/timeInterval
INFO: [ app_init ] --START--
INFO: Run Behavior\BuildLiteBehavior [ RunTime:0.000015s ]
INFO: [ app_init ] --END-- [ RunTime:0.000528s ]
INFO: [ app_begin ] --START--
INFO: Run Behavior\ReadHtmlCacheBehavior [ RunTime:0.000641s ]
INFO: [ app_begin ] --END-- [ RunTime:0.000689s ]
INFO: [ app_end ] --START--
INFO: Run Behavior\ShowPageTraceBehavior [ RunTime:0.001114s ]
INFO: [ app_end ] --END-- [ RunTime:0.001192s ]

[ 2017-04-19T18:43:25+08:00 ] ::1 /childGrow/Mobile/timeInterval
INFO: [ app_init ] --START--
INFO: Run Behavior\BuildLiteBehavior [ RunTime:0.000014s ]
INFO: [ app_init ] --END-- [ RunTime:0.000504s ]
INFO: [ app_begin ] --START--
INFO: Run Behavior\ReadHtmlCacheBehavior [ RunTime:0.000540s ]
INFO: [ app_begin ] --END-- [ RunTime:0.000575s ]
INFO: [ app_end ] --START--
INFO: Run Behavior\ShowPageTraceBehavior [ RunTime:0.000537s ]
INFO: [ app_end ] --END-- [ RunTime:0.000569s ]

[ 2017-04-19T21:20:18+08:00 ] 192.168.1.118 /childGrow/Mobile/register
INFO: [ app_init ] --START--
INFO: Run Behavior\BuildLiteBehavior [ RunTime:0.000021s ]
INFO: [ app_init ] --END-- [ RunTime:0.000788s ]
INFO: [ app_begin ] --START--
INFO: Run Behavior\ReadHtmlCacheBehavior [ RunTime:0.001269s ]
INFO: [ app_begin ] --END-- [ RunTime:0.001393s ]
SQL: SHOW COLUMNS FROM `ch_user` [ RunTime:0.0194s ]
SQL: SHOW COLUMNS FROM `ch_child_base_info` [ RunTime:0.0130s ]
SQL: SELECT * FROM `ch_user` WHERE ( userAccount='147258' ) LIMIT 1   [ RunTime:0.0005s ]
SQL: INSERT INTO `ch_user` (`userAccount`,`userPassword`,`userName`) VALUES ('147258','ef915029557d46f6bb0e812e74cb1a28','爸爸') [ RunTime:0.0443s ]
SQL: INSERT INTO `ch_child_base_info` (`userAccount`,`childID`,`childName`,`childBirthdate`,`childSex`) VALUES ('147258','7777777','小明','2012年1月19日','男') [ RunTime:0.0219s ]

[ 2017-04-19T21:20:27+08:00 ] 192.168.1.118 /childGrow/Mobile/login
INFO: [ app_init ] --START--
INFO: Run Behavior\BuildLiteBehavior [ RunTime:0.000015s ]
INFO: [ app_init ] --END-- [ RunTime:0.000420s ]
INFO: [ app_begin ] --START--
INFO: Run Behavior\ReadHtmlCacheBehavior [ RunTime:0.000487s ]
INFO: [ app_begin ] --END-- [ RunTime:0.000541s ]
SQL: SHOW COLUMNS FROM `ch_user` [ RunTime:0.0038s ]
SQL: SELECT * FROM `ch_user` WHERE `userAccount` = '147258' AND `userPassword` = 'ef915029557d46f6bb0e812e74cb1a28' LIMIT 1   [ RunTime:0.0004s ]
SQL: SHOW COLUMNS FROM `ch_child_base_info` [ RunTime:0.0037s ]
SQL: SELECT `childID`,`childIcon`,`childName`,`childBirthdate`,`childSex` FROM `ch_child_base_info` WHERE ( userAccount='147258' )  [ RunTime:0.0003s ]
SQL: SHOW COLUMNS FROM `ch_measure_data` [ RunTime:0.0038s ]
SQL: SELECT `importTime`,`childID`,`childHeight`,`childWeight`,`childHeadc`,`childBMI` FROM `ch_measure_data` WHERE ( userAccount='147258' )  [ RunTime:0.0004s ]

[ 2017-04-19T21:31:24+08:00 ] 192.168.1.118 /childGrow/Mobile/login
INFO: [ app_init ] --START--
INFO: Run Behavior\BuildLiteBehavior [ RunTime:0.000019s ]
INFO: [ app_init ] --END-- [ RunTime:0.000719s ]
INFO: [ app_begin ] --START--
INFO: Run Behavior\ReadHtmlCacheBehavior [ RunTime:0.001166s ]
INFO: [ app_begin ] --END-- [ RunTime:0.001253s ]
SQL: SHOW COLUMNS FROM `ch_user` [ RunTime:0.0112s ]
SQL: SELECT * FROM `ch_user` WHERE `userAccount` = '147258' AND `userPassword` = 'ef915029557d46f6bb0e812e74cb1a28' LIMIT 1   [ RunTime:0.0011s ]
SQL: SHOW COLUMNS FROM `ch_child_base_info` [ RunTime:0.0112s ]
SQL: SELECT `childID`,`childIcon`,`childName`,`childBirthdate`,`childSex` FROM `ch_child_base_info` WHERE ( userAccount='147258' )  [ RunTime:0.0009s ]
SQL: SHOW COLUMNS FROM `ch_measure_data` [ RunTime:0.0053s ]
SQL: SELECT `importTime`,`childID`,`childHeight`,`childWeight`,`childHeadc`,`childBMI` FROM `ch_measure_data` WHERE ( userAccount='147258' )  [ RunTime:0.0005s ]

[ 2017-04-19T21:37:01+08:00 ] 192.168.1.118 /childGrow/Mobile/register
INFO: [ app_init ] --START--
INFO: Run Behavior\BuildLiteBehavior [ RunTime:0.000014s ]
INFO: [ app_init ] --END-- [ RunTime:0.000463s ]
INFO: [ app_begin ] --START--
INFO: Run Behavior\ReadHtmlCacheBehavior [ RunTime:0.000596s ]
INFO: [ app_begin ] --END-- [ RunTime:0.000672s ]
SQL: SHOW COLUMNS FROM `ch_user` [ RunTime:0.0112s ]
SQL: SHOW COLUMNS FROM `ch_child_base_info` [ RunTime:0.0121s ]
SQL: SELECT * FROM `ch_user` WHERE ( userAccount='111111' ) LIMIT 1   [ RunTime:0.0012s ]
SQL: INSERT INTO `ch_user` (`userAccount`,`userPassword`,`userName`) VALUES ('111111','9db06bcff9248837f86d1a6bcf41c9e7','爸爸') [ RunTime:0.0311s ]
SQL: INSERT INTO `ch_child_base_info` (`userAccount`,`childID`,`childName`,`childBirthdate`,`childSex`) VALUES ('111111','111111','小小','(null)','男') [ RunTime:0.0215s ]

[ 2017-04-19T21:37:11+08:00 ] 192.168.1.118 /childGrow/Mobile/login
INFO: [ app_init ] --START--
INFO: Run Behavior\BuildLiteBehavior [ RunTime:0.000014s ]
INFO: [ app_init ] --END-- [ RunTime:0.000428s ]
INFO: [ app_begin ] --START--
INFO: Run Behavior\ReadHtmlCacheBehavior [ RunTime:0.000517s ]
INFO: [ app_begin ] --END-- [ RunTime:0.000584s ]
SQL: SHOW COLUMNS FROM `ch_user` [ RunTime:0.0065s ]
SQL: SELECT * FROM `ch_user` WHERE `userAccount` = '111111' AND `userPassword` = '9db06bcff9248837f86d1a6bcf41c9e7' LIMIT 1   [ RunTime:0.0006s ]
SQL: SHOW COLUMNS FROM `ch_child_base_info` [ RunTime:0.0154s ]
SQL: SELECT `childID`,`childIcon`,`childName`,`childBirthdate`,`childSex` FROM `ch_child_base_info` WHERE ( userAccount='111111' )  [ RunTime:0.0006s ]
SQL: SHOW COLUMNS FROM `ch_measure_data` [ RunTime:0.0045s ]
SQL: SELECT `importTime`,`childID`,`childHeight`,`childWeight`,`childHeadc`,`childBMI` FROM `ch_measure_data` WHERE ( userAccount='111111' )  [ RunTime:0.0003s ]

