[ 2017-04-13T11:47:50+08:00 ] 192.168.1.118 /childGrow/Mobile/login
INFO: [ app_init ] --START--
INFO: Run Behavior\BuildLiteBehavior [ RunTime:0.000036s ]
INFO: [ app_init ] --END-- [ RunTime:0.001437s ]
INFO: [ app_begin ] --START--
INFO: Run Behavior\ReadHtmlCacheBehavior [ RunTime:0.001824s ]
INFO: [ app_begin ] --END-- [ RunTime:0.001978s ]
SQL: SHOW COLUMNS FROM `ch_user` [ RunTime:0.0968s ]
SQL: SELECT * FROM `ch_user` WHERE `userAccount` = '123456' AND `userPassword` = 'ef915029557d46f6bb0e812e74cb1a28' LIMIT 1   [ RunTime:0.0003s ]
SQL: SHOW COLUMNS FROM `ch_child_base_info` [ RunTime:0.0064s ]
SQL: SELECT `childID`,`childIcon`,`childName`,`childBirthdate`,`childSex` FROM `ch_child_base_info` WHERE ( userAccount='123456' )  [ RunTime:0.0006s ]
SQL: SHOW COLUMNS FROM `ch_measure_data` [ RunTime:0.0070s ]
SQL: SELECT `childHeight`,`childWeight`,`childHeadc`,`childBMI`,`importTime` FROM `ch_measure_data` WHERE ( userAccount='123456' )  [ RunTime:0.0005s ]

[ 2017-04-13T11:52:07+08:00 ] 192.168.1.118 /childGrow/Mobile/login
INFO: [ app_init ] --START--
INFO: Run Behavior\BuildLiteBehavior [ RunTime:0.000018s ]
INFO: [ app_init ] --END-- [ RunTime:0.000711s ]
INFO: [ app_begin ] --START--
INFO: Run Behavior\ReadHtmlCacheBehavior [ RunTime:0.000899s ]
INFO: [ app_begin ] --END-- [ RunTime:0.000981s ]
SQL: SHOW COLUMNS FROM `ch_user` [ RunTime:0.0096s ]
SQL: SELECT * FROM `ch_user` WHERE `userAccount` = '123456' AND `userPassword` = 'ef915029557d46f6bb0e812e74cb1a28' LIMIT 1   [ RunTime:0.0005s ]
SQL: SHOW COLUMNS FROM `ch_child_base_info` [ RunTime:0.0050s ]
SQL: SELECT `childID`,`childIcon`,`childName`,`childBirthdate`,`childSex` FROM `ch_child_base_info` WHERE ( userAccount='123456' )  [ RunTime:0.0004s ]
SQL: SHOW COLUMNS FROM `ch_measure_data` [ RunTime:0.0045s ]
SQL: SELECT `childHeight`,`childWeight`,`childHeadc`,`childBMI`,`importTime` FROM `ch_measure_data` WHERE ( userAccount='123456' )  [ RunTime:0.0004s ]

[ 2017-04-13T14:27:55+08:00 ] 192.168.1.118 /childGrow/Mobile/login
INFO: [ app_init ] --START--
INFO: Run Behavior\BuildLiteBehavior [ RunTime:0.000033s ]
INFO: [ app_init ] --END-- [ RunTime:0.001401s ]
INFO: [ app_begin ] --START--
INFO: Run Behavior\ReadHtmlCacheBehavior [ RunTime:0.001805s ]
INFO: [ app_begin ] --END-- [ RunTime:0.001958s ]
SQL: SHOW COLUMNS FROM `ch_user` [ RunTime:0.0108s ]
SQL: SELECT * FROM `ch_user` WHERE `userAccount` = '123456' AND `userPassword` = 'ef915029557d46f6bb0e812e74cb1a28' LIMIT 1   [ RunTime:0.0009s ]
SQL: SHOW COLUMNS FROM `ch_child_base_info` [ RunTime:0.0111s ]
SQL: SELECT `childID`,`childIcon`,`childName`,`childBirthdate`,`childSex` FROM `ch_child_base_info` WHERE ( userAccount='123456' )  [ RunTime:0.0008s ]
SQL: SHOW COLUMNS FROM `ch_measure_data` [ RunTime:0.0106s ]
SQL: SELECT `childHeight`,`childWeight`,`childHeadc`,`childBMI`,`importTime` FROM `ch_measure_data` WHERE ( userAccount='123456' )  [ RunTime:0.0008s ]

[ 2017-04-13T14:30:01+08:00 ] 192.168.1.118 /childGrow/Mobile/login
INFO: [ app_init ] --START--
INFO: Run Behavior\BuildLiteBehavior [ RunTime:0.000033s ]
INFO: [ app_init ] --END-- [ RunTime:0.001383s ]
INFO: [ app_begin ] --START--
INFO: Run Behavior\ReadHtmlCacheBehavior [ RunTime:0.002248s ]
INFO: [ app_begin ] --END-- [ RunTime:0.002401s ]
SQL: SHOW COLUMNS FROM `ch_user` [ RunTime:0.0111s ]
SQL: SELECT * FROM `ch_user` WHERE `userAccount` = '123456' AND `userPassword` = 'ef915029557d46f6bb0e812e74cb1a28' LIMIT 1   [ RunTime:0.0009s ]
SQL: SHOW COLUMNS FROM `ch_child_base_info` [ RunTime:0.0122s ]
SQL: SELECT `childID`,`childIcon`,`childName`,`childBirthdate`,`childSex` FROM `ch_child_base_info` WHERE ( userAccount='123456' )  [ RunTime:0.0008s ]
SQL: SHOW COLUMNS FROM `ch_measure_data` [ RunTime:0.0104s ]
SQL: SELECT `childHeight`,`childWeight`,`childHeadc`,`childBMI`,`importTime` FROM `ch_measure_data` WHERE ( userAccount='123456' )  [ RunTime:0.0008s ]

[ 2017-04-13T14:31:12+08:00 ] 192.168.1.118 /childGrow/Mobile/dataAdd
INFO: [ app_init ] --START--
INFO: Run Behavior\BuildLiteBehavior [ RunTime:0.000017s ]
INFO: [ app_init ] --END-- [ RunTime:0.000628s ]
INFO: [ app_begin ] --START--
INFO: Run Behavior\ReadHtmlCacheBehavior [ RunTime:0.000759s ]
INFO: [ app_begin ] --END-- [ RunTime:0.000833s ]
SQL: SHOW COLUMNS FROM `ch_measure_data` [ RunTime:0.0107s ]
ERR: 1062:Duplicate entry '88888888-2017年5月12日' for key 'PRIMARY'
 [ SQL语句 ] : INSERT INTO `ch_measure_data` (`importTime`,`userAccount`,`childID`,`childWeight`) VALUES ('2017年5月12日','123456','88888888','60.1')
ERR: 1062:Duplicate entry '88888888-2017年5月12日' for key 'PRIMARY'
 [ SQL语句 ] : INSERT INTO `ch_measure_data` (`importTime`,`userAccount`,`childID`,`childWeight`) VALUES ('2017年5月12日','123456','88888888','60.1')

[ 2017-04-13T14:31:13+08:00 ] 192.168.1.118 /childGrow/Mobile/dataAdd
INFO: [ app_init ] --START--
INFO: Run Behavior\BuildLiteBehavior [ RunTime:0.000018s ]
INFO: [ app_init ] --END-- [ RunTime:0.000801s ]
INFO: [ app_begin ] --START--
INFO: Run Behavior\ReadHtmlCacheBehavior [ RunTime:0.000865s ]
INFO: [ app_begin ] --END-- [ RunTime:0.000939s ]
SQL: SHOW COLUMNS FROM `ch_measure_data` [ RunTime:0.0103s ]
ERR: 1062:Duplicate entry '88888888-2017年5月12日' for key 'PRIMARY'
 [ SQL语句 ] : INSERT INTO `ch_measure_data` (`importTime`,`userAccount`,`childID`,`childBMI`) VALUES ('2017年5月12日','123456','88888888','60.1')
ERR: 1062:Duplicate entry '88888888-2017年5月12日' for key 'PRIMARY'
 [ SQL语句 ] : INSERT INTO `ch_measure_data` (`importTime`,`userAccount`,`childID`,`childBMI`) VALUES ('2017年5月12日','123456','88888888','60.1')

[ 2017-04-13T14:35:09+08:00 ] 192.168.1.118 /childGrow/Mobile/login
INFO: [ app_init ] --START--
INFO: Run Behavior\BuildLiteBehavior [ RunTime:0.000091s ]
INFO: [ app_init ] --END-- [ RunTime:0.000935s ]
INFO: [ app_begin ] --START--
INFO: Run Behavior\ReadHtmlCacheBehavior [ RunTime:0.001187s ]
INFO: [ app_begin ] --END-- [ RunTime:0.001304s ]
SQL: SHOW COLUMNS FROM `ch_user` [ RunTime:0.0108s ]
SQL: SELECT * FROM `ch_user` WHERE `userAccount` = '123456' AND `userPassword` = 'ef915029557d46f6bb0e812e74cb1a28' LIMIT 1   [ RunTime:0.0010s ]
SQL: SHOW COLUMNS FROM `ch_child_base_info` [ RunTime:0.0099s ]
SQL: SELECT `childID`,`childIcon`,`childName`,`childBirthdate`,`childSex` FROM `ch_child_base_info` WHERE ( userAccount='123456' )  [ RunTime:0.0008s ]
SQL: SHOW COLUMNS FROM `ch_measure_data` [ RunTime:0.0056s ]
SQL: SELECT `childHeight`,`childWeight`,`childHeadc`,`childBMI`,`importTime` FROM `ch_measure_data` WHERE ( userAccount='123456' )  [ RunTime:0.0004s ]

[ 2017-04-13T14:43:11+08:00 ] 192.168.1.118 /childGrow/Mobile/login
INFO: [ app_init ] --START--
INFO: Run Behavior\BuildLiteBehavior [ RunTime:0.000015s ]
INFO: [ app_init ] --END-- [ RunTime:0.000675s ]
INFO: [ app_begin ] --START--
INFO: Run Behavior\ReadHtmlCacheBehavior [ RunTime:0.000846s ]
INFO: [ app_begin ] --END-- [ RunTime:0.000914s ]
SQL: SHOW COLUMNS FROM `ch_user` [ RunTime:0.0106s ]
SQL: SELECT * FROM `ch_user` WHERE `userAccount` = '123456' AND `userPassword` = 'ef915029557d46f6bb0e812e74cb1a28' LIMIT 1   [ RunTime:0.0010s ]
SQL: SHOW COLUMNS FROM `ch_child_base_info` [ RunTime:0.0106s ]
SQL: SELECT `childID`,`childIcon`,`childName`,`childBirthdate`,`childSex` FROM `ch_child_base_info` WHERE ( userAccount='123456' )  [ RunTime:0.0008s ]
SQL: SHOW COLUMNS FROM `ch_measure_data` [ RunTime:0.0075s ]
SQL: SELECT `childHeight`,`childWeight`,`childHeadc`,`childBMI`,`importTime` FROM `ch_measure_data` WHERE ( userAccount='123456' )  [ RunTime:0.0004s ]

[ 2017-04-13T14:43:40+08:00 ] 192.168.1.118 /childGrow/Mobile/dataAdd
INFO: [ app_init ] --START--
INFO: Run Behavior\BuildLiteBehavior [ RunTime:0.000015s ]
INFO: [ app_init ] --END-- [ RunTime:0.000541s ]
INFO: [ app_begin ] --START--
INFO: Run Behavior\ReadHtmlCacheBehavior [ RunTime:0.000711s ]
INFO: [ app_begin ] --END-- [ RunTime:0.000777s ]
SQL: SHOW COLUMNS FROM `ch_measure_data` [ RunTime:0.0105s ]
ERR: 1062:Duplicate entry '88888888-2017年5月12日' for key 'PRIMARY'
 [ SQL语句 ] : INSERT INTO `ch_measure_data` (`importTime`,`userAccount`,`childID`,`childWeight`) VALUES ('2017年5月12日','123456','88888888','59.8')
ERR: 1062:Duplicate entry '88888888-2017年5月12日' for key 'PRIMARY'
 [ SQL语句 ] : INSERT INTO `ch_measure_data` (`importTime`,`userAccount`,`childID`,`childWeight`) VALUES ('2017年5月12日','123456','88888888','59.8')

[ 2017-04-13T14:43:41+08:00 ] 192.168.1.118 /childGrow/Mobile/dataAdd
INFO: [ app_init ] --START--
INFO: Run Behavior\BuildLiteBehavior [ RunTime:0.000014s ]
INFO: [ app_init ] --END-- [ RunTime:0.000580s ]
INFO: [ app_begin ] --START--
INFO: Run Behavior\ReadHtmlCacheBehavior [ RunTime:0.000758s ]
INFO: [ app_begin ] --END-- [ RunTime:0.000825s ]
SQL: SHOW COLUMNS FROM `ch_measure_data` [ RunTime:0.0104s ]
ERR: 1062:Duplicate entry '88888888-2017年5月12日' for key 'PRIMARY'
 [ SQL语句 ] : INSERT INTO `ch_measure_data` (`importTime`,`userAccount`,`childID`,`childBMI`) VALUES ('2017年5月12日','123456','88888888','59.8')
ERR: 1062:Duplicate entry '88888888-2017年5月12日' for key 'PRIMARY'
 [ SQL语句 ] : INSERT INTO `ch_measure_data` (`importTime`,`userAccount`,`childID`,`childBMI`) VALUES ('2017年5月12日','123456','88888888','59.8')

[ 2017-04-13T14:45:20+08:00 ] 192.168.1.118 /childGrow/Mobile/login
INFO: [ app_init ] --START--
INFO: Run Behavior\BuildLiteBehavior [ RunTime:0.000016s ]
INFO: [ app_init ] --END-- [ RunTime:0.000642s ]
INFO: [ app_begin ] --START--
INFO: Run Behavior\ReadHtmlCacheBehavior [ RunTime:0.000741s ]
INFO: [ app_begin ] --END-- [ RunTime:0.000808s ]
SQL: SHOW COLUMNS FROM `ch_user` [ RunTime:0.0124s ]
SQL: SELECT * FROM `ch_user` WHERE `userAccount` = '123456' AND `userPassword` = 'ef915029557d46f6bb0e812e74cb1a28' LIMIT 1   [ RunTime:0.0011s ]
SQL: SHOW COLUMNS FROM `ch_child_base_info` [ RunTime:0.0115s ]
SQL: SELECT `childID`,`childIcon`,`childName`,`childBirthdate`,`childSex` FROM `ch_child_base_info` WHERE ( userAccount='123456' )  [ RunTime:0.0012s ]
SQL: SHOW COLUMNS FROM `ch_measure_data` [ RunTime:0.0130s ]
SQL: SELECT `childHeight`,`childWeight`,`childHeadc`,`childBMI`,`importTime` FROM `ch_measure_data` WHERE ( userAccount='123456' )  [ RunTime:0.0008s ]

[ 2017-04-13T14:46:55+08:00 ] 192.168.1.118 /childGrow/Mobile/dataAdd
INFO: [ app_init ] --START--
INFO: Run Behavior\BuildLiteBehavior [ RunTime:0.000015s ]
INFO: [ app_init ] --END-- [ RunTime:0.000749s ]
INFO: [ app_begin ] --START--
INFO: Run Behavior\ReadHtmlCacheBehavior [ RunTime:0.000980s ]
INFO: [ app_begin ] --END-- [ RunTime:0.001051s ]
SQL: SHOW COLUMNS FROM `ch_measure_data` [ RunTime:0.0077s ]
ERR: 1062:Duplicate entry '88888888-2017年5月12日' for key 'PRIMARY'
 [ SQL语句 ] : INSERT INTO `ch_measure_data` (`importTime`,`userAccount`,`childID`,`childWeight`) VALUES ('2017年5月12日','123456','88888888','61.2')
ERR: 1062:Duplicate entry '88888888-2017年5月12日' for key 'PRIMARY'
 [ SQL语句 ] : INSERT INTO `ch_measure_data` (`importTime`,`userAccount`,`childID`,`childWeight`) VALUES ('2017年5月12日','123456','88888888','61.2')

[ 2017-04-13T14:46:56+08:00 ] 192.168.1.118 /childGrow/Mobile/dataAdd
INFO: [ app_init ] --START--
INFO: Run Behavior\BuildLiteBehavior [ RunTime:0.000017s ]
INFO: [ app_init ] --END-- [ RunTime:0.000755s ]
INFO: [ app_begin ] --START--
INFO: Run Behavior\ReadHtmlCacheBehavior [ RunTime:0.000950s ]
INFO: [ app_begin ] --END-- [ RunTime:0.001024s ]
SQL: SHOW COLUMNS FROM `ch_measure_data` [ RunTime:0.0122s ]
ERR: 1062:Duplicate entry '88888888-2017年5月12日' for key 'PRIMARY'
 [ SQL语句 ] : INSERT INTO `ch_measure_data` (`importTime`,`userAccount`,`childID`,`childBMI`) VALUES ('2017年5月12日','123456','88888888','61.2')
ERR: 1062:Duplicate entry '88888888-2017年5月12日' for key 'PRIMARY'
 [ SQL语句 ] : INSERT INTO `ch_measure_data` (`importTime`,`userAccount`,`childID`,`childBMI`) VALUES ('2017年5月12日','123456','88888888','61.2')

[ 2017-04-13T14:47:32+08:00 ] 192.168.1.118 /childGrow/Mobile/dataAdd
INFO: [ app_init ] --START--
INFO: Run Behavior\BuildLiteBehavior [ RunTime:0.000009s ]
INFO: [ app_init ] --END-- [ RunTime:0.000313s ]
INFO: [ app_begin ] --START--
INFO: Run Behavior\ReadHtmlCacheBehavior [ RunTime:0.000384s ]
INFO: [ app_begin ] --END-- [ RunTime:0.000431s ]
SQL: SHOW COLUMNS FROM `ch_measure_data` [ RunTime:0.0028s ]
SQL: INSERT INTO `ch_measure_data` (`importTime`,`userAccount`,`childID`,`childWeight`) VALUES ('2017年04月13日','123456','88888888','60') [ RunTime:0.0507s ]

[ 2017-04-13T14:48:08+08:00 ] 192.168.1.118 /childGrow/Mobile/dataAdd
INFO: [ app_init ] --START--
INFO: Run Behavior\BuildLiteBehavior [ RunTime:0.000028s ]
INFO: [ app_init ] --END-- [ RunTime:0.000865s ]
INFO: [ app_begin ] --START--
INFO: Run Behavior\ReadHtmlCacheBehavior [ RunTime:0.001136s ]
INFO: [ app_begin ] --END-- [ RunTime:0.001260s ]
SQL: SHOW COLUMNS FROM `ch_measure_data` [ RunTime:0.0083s ]
ERR: 1062:Duplicate entry '88888888-2017年5月12日' for key 'PRIMARY'
 [ SQL语句 ] : INSERT INTO `ch_measure_data` (`importTime`,`userAccount`,`childID`,`childBMI`) VALUES ('2017年5月12日','123456','88888888','60.1')
ERR: 1062:Duplicate entry '88888888-2017年5月12日' for key 'PRIMARY'
 [ SQL语句 ] : INSERT INTO `ch_measure_data` (`importTime`,`userAccount`,`childID`,`childBMI`) VALUES ('2017年5月12日','123456','88888888','60.1')

[ 2017-04-13T14:48:09+08:00 ] 192.168.1.118 /childGrow/Mobile/dataAdd
INFO: [ app_init ] --START--
INFO: Run Behavior\BuildLiteBehavior [ RunTime:0.000018s ]
INFO: [ app_init ] --END-- [ RunTime:0.000613s ]
INFO: [ app_begin ] --START--
INFO: Run Behavior\ReadHtmlCacheBehavior [ RunTime:0.000371s ]
INFO: [ app_begin ] --END-- [ RunTime:0.000418s ]
SQL: SHOW COLUMNS FROM `ch_measure_data` [ RunTime:0.0052s ]
ERR: 1062:Duplicate entry '88888888-2017年5月12日' for key 'PRIMARY'
 [ SQL语句 ] : INSERT INTO `ch_measure_data` (`importTime`,`userAccount`,`childID`,`childWeight`) VALUES ('2017年5月12日','123456','88888888','60.1')
ERR: 1062:Duplicate entry '88888888-2017年5月12日' for key 'PRIMARY'
 [ SQL语句 ] : INSERT INTO `ch_measure_data` (`importTime`,`userAccount`,`childID`,`childWeight`) VALUES ('2017年5月12日','123456','88888888','60.1')

[ 2017-04-13T21:29:05+08:00 ] 192.168.1.118 /childGrow/Mobile/login
INFO: [ app_init ] --START--
INFO: Run Behavior\BuildLiteBehavior [ RunTime:0.000019s ]
INFO: [ app_init ] --END-- [ RunTime:0.001059s ]
INFO: [ app_begin ] --START--
INFO: Run Behavior\ReadHtmlCacheBehavior [ RunTime:0.001039s ]
INFO: [ app_begin ] --END-- [ RunTime:0.001118s ]
SQL: SHOW COLUMNS FROM `ch_user` [ RunTime:0.0167s ]
SQL: SELECT * FROM `ch_user` WHERE `userAccount` = '123456' AND `userPassword` = 'ef915029557d46f6bb0e812e74cb1a28' LIMIT 1   [ RunTime:0.0024s ]
SQL: SHOW COLUMNS FROM `ch_child_base_info` [ RunTime:0.0081s ]
SQL: SELECT `childID`,`childIcon`,`childName`,`childBirthdate`,`childSex` FROM `ch_child_base_info` WHERE ( userAccount='123456' )  [ RunTime:0.0007s ]
SQL: SHOW COLUMNS FROM `ch_measure_data` [ RunTime:0.0077s ]
SQL: SELECT `childHeight`,`childWeight`,`childHeadc`,`childBMI`,`importTime` FROM `ch_measure_data` WHERE ( userAccount='123456' )  [ RunTime:0.0006s ]

[ 2017-04-13T21:31:22+08:00 ] 192.168.1.118 /childGrow/Mobile/dataAdd
INFO: [ app_init ] --START--
INFO: Run Behavior\BuildLiteBehavior [ RunTime:0.000019s ]
INFO: [ app_init ] --END-- [ RunTime:0.000768s ]
INFO: [ app_begin ] --START--
INFO: Run Behavior\ReadHtmlCacheBehavior [ RunTime:0.001028s ]
INFO: [ app_begin ] --END-- [ RunTime:0.001114s ]
SQL: SHOW COLUMNS FROM `ch_measure_data` [ RunTime:0.0136s ]
SQL: INSERT INTO `ch_measure_data` (`importTime`,`userAccount`,`childID`,`childHeight`) VALUES ('2017年4月12日','123456','88888888','99.7') [ RunTime:0.0277s ]

[ 2017-04-13T21:34:01+08:00 ] 192.168.1.118 /childGrow/Mobile/dataAdd
INFO: [ app_init ] --START--
INFO: Run Behavior\BuildLiteBehavior [ RunTime:0.000018s ]
INFO: [ app_init ] --END-- [ RunTime:0.000814s ]
INFO: [ app_begin ] --START--
INFO: Run Behavior\ReadHtmlCacheBehavior [ RunTime:0.000994s ]
INFO: [ app_begin ] --END-- [ RunTime:0.001074s ]
SQL: SHOW COLUMNS FROM `ch_measure_data` [ RunTime:0.0129s ]
ERR: 1062:Duplicate entry '88888888-2017年04月13日' for key 'PRIMARY'
 [ SQL语句 ] : INSERT INTO `ch_measure_data` (`importTime`,`userAccount`,`childID`,`childWeight`) VALUES ('2017年04月13日','123456','88888888','60.2')
ERR: 1062:Duplicate entry '88888888-2017年04月13日' for key 'PRIMARY'
 [ SQL语句 ] : INSERT INTO `ch_measure_data` (`importTime`,`userAccount`,`childID`,`childWeight`) VALUES ('2017年04月13日','123456','88888888','60.2')

[ 2017-04-13T21:34:49+08:00 ] 192.168.1.118 /childGrow/Mobile/login
INFO: [ app_init ] --START--
INFO: Run Behavior\BuildLiteBehavior [ RunTime:0.000009s ]
INFO: [ app_init ] --END-- [ RunTime:0.000269s ]
INFO: [ app_begin ] --START--
INFO: Run Behavior\ReadHtmlCacheBehavior [ RunTime:0.000323s ]
INFO: [ app_begin ] --END-- [ RunTime:0.000358s ]
SQL: SHOW COLUMNS FROM `ch_user` [ RunTime:0.0139s ]
SQL: SELECT * FROM `ch_user` WHERE `userAccount` = '123456' AND `userPassword` = 'ef915029557d46f6bb0e812e74cb1a28' LIMIT 1   [ RunTime:0.0010s ]
SQL: SHOW COLUMNS FROM `ch_child_base_info` [ RunTime:0.0092s ]
SQL: SELECT `childID`,`childIcon`,`childName`,`childBirthdate`,`childSex` FROM `ch_child_base_info` WHERE ( userAccount='123456' )  [ RunTime:0.0004s ]
SQL: SHOW COLUMNS FROM `ch_measure_data` [ RunTime:0.0047s ]
SQL: SELECT `childHeight`,`childWeight`,`childHeadc`,`childBMI`,`importTime` FROM `ch_measure_data` WHERE ( userAccount='123456' )  [ RunTime:0.0004s ]

[ 2017-04-13T21:35:54+08:00 ] 192.168.1.118 /childGrow/Mobile/dataEdit
INFO: [ app_init ] --START--
INFO: Run Behavior\BuildLiteBehavior [ RunTime:0.000017s ]
INFO: [ app_init ] --END-- [ RunTime:0.000630s ]
INFO: [ app_begin ] --START--
INFO: Run Behavior\ReadHtmlCacheBehavior [ RunTime:0.000813s ]
INFO: [ app_begin ] --END-- [ RunTime:0.000894s ]
SQL: SHOW COLUMNS FROM `ch_measure_data` [ RunTime:0.0120s ]
NOTIC: [2] Illegal offset type in isset or empty E:\xampp\htdocs\childGrow\ThinkPHP\Library\Think\Model.class.php 第 445 行.
ERR: 1054:Unknown column 'account' in 'where clause'
 [ SQL语句 ] : UPDATE `ch_measure_data` SET `childHeight`='100.1' WHERE ( account='88888888'and importTime='2017年04月13日' )
ERR: 1054:Unknown column 'account' in 'where clause'
 [ SQL语句 ] : UPDATE `ch_measure_data` SET `childHeight`='100.1' WHERE ( account='88888888'and importTime='2017年04月13日' )

[ 2017-04-13T21:36:35+08:00 ] 192.168.1.118 /childGrow/Mobile/login
INFO: [ app_init ] --START--
INFO: Run Behavior\BuildLiteBehavior [ RunTime:0.000016s ]
INFO: [ app_init ] --END-- [ RunTime:0.000532s ]
INFO: [ app_begin ] --START--
INFO: Run Behavior\ReadHtmlCacheBehavior [ RunTime:0.000905s ]
INFO: [ app_begin ] --END-- [ RunTime:0.000984s ]
SQL: SHOW COLUMNS FROM `ch_user` [ RunTime:0.0039s ]
SQL: SELECT * FROM `ch_user` WHERE `userAccount` = '123456' AND `userPassword` = 'ef915029557d46f6bb0e812e74cb1a28' LIMIT 1   [ RunTime:0.0004s ]
SQL: SHOW COLUMNS FROM `ch_child_base_info` [ RunTime:0.0040s ]
SQL: SELECT `childID`,`childIcon`,`childName`,`childBirthdate`,`childSex` FROM `ch_child_base_info` WHERE ( userAccount='123456' )  [ RunTime:0.0004s ]
SQL: SHOW COLUMNS FROM `ch_measure_data` [ RunTime:0.0042s ]
SQL: SELECT `childHeight`,`childWeight`,`childHeadc`,`childBMI`,`importTime` FROM `ch_measure_data` WHERE ( userAccount='123456' )  [ RunTime:0.0003s ]

[ 2017-04-13T21:39:01+08:00 ] 192.168.1.118 /childGrow/Mobile/dataEdit
INFO: [ app_init ] --START--
INFO: Run Behavior\BuildLiteBehavior [ RunTime:0.000035s ]
INFO: [ app_init ] --END-- [ RunTime:0.001674s ]
INFO: [ app_begin ] --START--
INFO: Run Behavior\ReadHtmlCacheBehavior [ RunTime:0.002805s ]
INFO: [ app_begin ] --END-- [ RunTime:0.003050s ]
SQL: SHOW COLUMNS FROM `ch_measure_data` [ RunTime:0.0111s ]
NOTIC: [2] Illegal offset type in isset or empty E:\xampp\htdocs\childGrow\ThinkPHP\Library\Think\Model.class.php 第 445 行.
ERR: 1054:Unknown column 'account' in 'where clause'
 [ SQL语句 ] : UPDATE `ch_measure_data` SET `childHeight`='100' WHERE ( account='88888888'and importTime='2017年04月13日' )
ERR: 1054:Unknown column 'account' in 'where clause'
 [ SQL语句 ] : UPDATE `ch_measure_data` SET `childHeight`='100' WHERE ( account='88888888'and importTime='2017年04月13日' )

[ 2017-04-13T21:40:40+08:00 ] 192.168.1.118 /childGrow/Mobile/login
INFO: [ app_init ] --START--
INFO: Run Behavior\BuildLiteBehavior [ RunTime:0.000010s ]
INFO: [ app_init ] --END-- [ RunTime:0.000279s ]
INFO: [ app_begin ] --START--
INFO: Run Behavior\ReadHtmlCacheBehavior [ RunTime:0.000334s ]
INFO: [ app_begin ] --END-- [ RunTime:0.000372s ]
SQL: SHOW COLUMNS FROM `ch_user` [ RunTime:0.0119s ]
SQL: SELECT * FROM `ch_user` WHERE `userAccount` = '123456' AND `userPassword` = 'ef915029557d46f6bb0e812e74cb1a28' LIMIT 1   [ RunTime:0.0010s ]
SQL: SHOW COLUMNS FROM `ch_child_base_info` [ RunTime:0.0107s ]
SQL: SELECT `childID`,`childIcon`,`childName`,`childBirthdate`,`childSex` FROM `ch_child_base_info` WHERE ( userAccount='123456' )  [ RunTime:0.0009s ]
SQL: SHOW COLUMNS FROM `ch_measure_data` [ RunTime:0.0106s ]
SQL: SELECT `childHeight`,`childWeight`,`childHeadc`,`childBMI`,`importTime` FROM `ch_measure_data` WHERE ( userAccount='123456' )  [ RunTime:0.0008s ]

[ 2017-04-13T21:42:23+08:00 ] 192.168.1.118 /childGrow/Mobile/dataEdit
INFO: [ app_init ] --START--
INFO: Run Behavior\BuildLiteBehavior [ RunTime:0.000034s ]
INFO: [ app_init ] --END-- [ RunTime:0.001382s ]
INFO: [ app_begin ] --START--
INFO: Run Behavior\ReadHtmlCacheBehavior [ RunTime:0.001854s ]
INFO: [ app_begin ] --END-- [ RunTime:0.002016s ]
SQL: SHOW COLUMNS FROM `ch_measure_data` [ RunTime:0.0110s ]
NOTIC: [2] Illegal offset type in isset or empty E:\xampp\htdocs\childGrow\ThinkPHP\Library\Think\Model.class.php 第 445 行.
ERR: 1054:Unknown column 'account' in 'where clause'
 [ SQL语句 ] : UPDATE `ch_measure_data` SET `childHeight`='100.1' WHERE ( account='88888888'and importTime='2017年04月13日' )
ERR: 1054:Unknown column 'account' in 'where clause'
 [ SQL语句 ] : UPDATE `ch_measure_data` SET `childHeight`='100.1' WHERE ( account='88888888'and importTime='2017年04月13日' )

